<?xml version="1.0" encoding="UTF-8"?>
<testsuite xmlns:xsi="http://www.w3.org/2001/XMLSchema-instance" xsi:noNamespaceSchemaLocation="https://maven.apache.org/surefire/maven-surefire-plugin/xsd/surefire-test-report-3.0.xsd" version="3.0" name="domain.FotoPacienteTest" time="0.65" tests="5" errors="0" skipped="0" failures="0">
  <properties>
[...]
</properties>
  <testcase name="testPersist" classname="domain.FotoPacienteTest" time="0.017">
    <system-out><![CDATA[[EL Fine]: moxy: 2026-02-14 11:50:10.368--Thread(Thread[#1,main,5,main])--SAXParserFactory instance: com.sun.org.apache.xerces.internal.jaxp.SAXParserFactoryImpl@1e3f86d5
[EL Fine]: server: 2026-02-14 11:50:10.369--Thread(Thread[#1,main,5,main])--Configured server platform: org.eclipse.persistence.platform.server.NoServerPlatform
[EL Config]: metadata: 2026-02-14 11:50:10.378--ServerSession(1443000737)--Thread(Thread[#1,main,5,main])--The access type for the persistent class [class com.ifpe.clinica.domain.Exame] is set to [FIELD].
[EL Config]: metadata: 2026-02-14 11:50:10.379--ServerSession(1443000737)--Thread(Thread[#1,main,5,main])--The target class (reference) class for the element collection mapping element [field urlsAnexos] is being defaulted to: class java.lang.String.
[EL Config]: metadata: 2026-02-14 11:50:10.379--ServerSession(1443000737)--Thread(Thread[#1,main,5,main])--The target entity (reference) class for the many to many mapping element [field consultas] is being defaulted to: class com.ifpe.clinica.domain.Consulta.
[EL Config]: metadata: 2026-02-14 11:50:10.379--ServerSession(1443000737)--Thread(Thread[#1,main,5,main])--The access type for the persistent class [class com.ifpe.clinica.domain.Pessoa] is set to [FIELD].
[EL Config]: metadata: 2026-02-14 11:50:10.379--ServerSession(1443000737)--Thread(Thread[#1,main,5,main])--The access type for the persistent class [class com.ifpe.clinica.domain.Consulta] is set to [FIELD].
[EL Config]: metadata: 2026-02-14 11:50:10.379--ServerSession(1443000737)--Thread(Thread[#1,main,5,main])--The target entity (reference) class for the many to one mapping element [field paciente] is being defaulted to: class com.ifpe.clinica.domain.Paciente.
[EL Config]: metadata: 2026-02-14 11:50:10.379--ServerSession(1443000737)--Thread(Thread[#1,main,5,main])--The target entity (reference) class for the many to one mapping element [field medico] is being defaulted to: class com.ifpe.clinica.domain.Medico.
[EL Config]: metadata: 2026-02-14 11:50:10.379--ServerSession(1443000737)--Thread(Thread[#1,main,5,main])--The target entity (reference) class for the many to many mapping element [field exames] is being defaulted to: class com.ifpe.clinica.domain.Exame.
[EL Config]: metadata: 2026-02-14 11:50:10.379--ServerSession(1443000737)--Thread(Thread[#1,main,5,main])--The access type for the persistent class [class com.ifpe.clinica.domain.Prontuario] is set to [FIELD].
[EL Config]: metadata: 2026-02-14 11:50:10.38--ServerSession(1443000737)--Thread(Thread[#1,main,5,main])--The target entity (reference) class for the one to one mapping element [field paciente] is being defaulted to: class com.ifpe.clinica.domain.Paciente.
[EL Config]: metadata: 2026-02-14 11:50:10.38--ServerSession(1443000737)--Thread(Thread[#1,main,5,main])--The target entity (reference) class for the one to many mapping element [field medicamentos] is being defaulted to: class com.ifpe.clinica.domain.Medicamento.
[EL Config]: metadata: 2026-02-14 11:50:10.38--ServerSession(1443000737)--Thread(Thread[#1,main,5,main])--The access type for the persistent class [class com.ifpe.clinica.domain.FotoPaciente] is set to [FIELD].
[EL Config]: metadata: 2026-02-14 11:50:10.38--ServerSession(1443000737)--Thread(Thread[#1,main,5,main])--The target entity (reference) class for the many to one mapping element [field paciente] is being defaulted to: class com.ifpe.clinica.domain.Paciente.
[EL Config]: metadata: 2026-02-14 11:50:10.38--ServerSession(1443000737)--Thread(Thread[#1,main,5,main])--The access type for the persistent class [class com.ifpe.clinica.domain.ContatoPaciente] is set to [FIELD].
[EL Config]: metadata: 2026-02-14 11:50:10.38--ServerSession(1443000737)--Thread(Thread[#1,main,5,main])--The target entity (reference) class for the one to one mapping element [field paciente] is being defaulted to: class com.ifpe.clinica.domain.Paciente.
[EL Config]: metadata: 2026-02-14 11:50:10.38--ServerSession(1443000737)--Thread(Thread[#1,main,5,main])--The access type for the persistent class [class com.ifpe.clinica.domain.Convenio] is set to [FIELD].
[EL Config]: metadata: 2026-02-14 11:50:10.38--ServerSession(1443000737)--Thread(Thread[#1,main,5,main])--The access type for the persistent class [class com.ifpe.clinica.domain.Pagamento] is set to [FIELD].
[EL Config]: metadata: 2026-02-14 11:50:10.38--ServerSession(1443000737)--Thread(Thread[#1,main,5,main])--The target entity (reference) class for the many to one mapping element [field convenio] is being defaulted to: class com.ifpe.clinica.domain.Convenio.
[EL Config]: metadata: 2026-02-14 11:50:10.38--ServerSession(1443000737)--Thread(Thread[#1,main,5,main])--The target entity (reference) class for the one to one mapping element [field consulta] is being defaulted to: class com.ifpe.clinica.domain.Consulta.
[EL Config]: metadata: 2026-02-14 11:50:10.38--ServerSession(1443000737)--Thread(Thread[#1,main,5,main])--The access type for the persistent class [class com.ifpe.clinica.domain.Medico] is set to [FIELD].
[EL Config]: metadata: 2026-02-14 11:50:10.38--ServerSession(1443000737)--Thread(Thread[#1,main,5,main])--The target entity (reference) class for the one to many mapping element [field consultas] is being defaulted to: class com.ifpe.clinica.domain.Consulta.
[EL Config]: metadata: 2026-02-14 11:50:10.38--ServerSession(1443000737)--Thread(Thread[#1,main,5,main])--The access type for the persistent class [class com.ifpe.clinica.domain.Paciente] is set to [FIELD].
[EL Config]: metadata: 2026-02-14 11:50:10.381--ServerSession(1443000737)--Thread(Thread[#1,main,5,main])--The target entity (reference) class for the one to one mapping element [field prontuario] is being defaulted to: class com.ifpe.clinica.domain.Prontuario.
[EL Config]: metadata: 2026-02-14 11:50:10.381--ServerSession(1443000737)--Thread(Thread[#1,main,5,main])--The target entity (reference) class for the one to one mapping element [field endereco] is being defaulted to: class com.ifpe.clinica.domain.Endereco.
[EL Config]: metadata: 2026-02-14 11:50:10.381--ServerSession(1443000737)--Thread(Thread[#1,main,5,main])--The target entity (reference) class for the one to many mapping element [field consultas] is being defaulted to: class com.ifpe.clinica.domain.Consulta.
[EL Config]: metadata: 2026-02-14 11:50:10.381--ServerSession(1443000737)--Thread(Thread[#1,main,5,main])--The access type for the persistent class [class com.ifpe.clinica.domain.Medicamento] is set to [FIELD].
[EL Config]: metadata: 2026-02-14 11:50:10.381--ServerSession(1443000737)--Thread(Thread[#1,main,5,main])--The target entity (reference) class for the many to one mapping element [field prontuario] is being defaulted to: class com.ifpe.clinica.domain.Prontuario.
[EL Config]: metadata: 2026-02-14 11:50:10.381--ServerSession(1443000737)--Thread(Thread[#1,main,5,main])--The access type for the persistent class [class com.ifpe.clinica.domain.Endereco] is set to [FIELD].
[EL Config]: metadata: 2026-02-14 11:50:10.381--ServerSession(1443000737)--Thread(Thread[#1,main,5,main])--The target entity (reference) class for the one to one mapping element [field paciente] is being defaulted to: class com.ifpe.clinica.domain.Paciente.
[EL Config]: metadata: 2026-02-14 11:50:10.381--ServerSession(1443000737)--Thread(Thread[#1,main,5,main])--The access type for the persistent class [class com.ifpe.clinica.domain.Contato] is set to [FIELD].
[EL Config]: metadata: 2026-02-14 11:50:10.381--ServerSession(1443000737)--Thread(Thread[#1,main,5,main])--The alias name for the entity class [class com.ifpe.clinica.domain.Exame] is being defaulted to: Exame.
[EL Config]: metadata: 2026-02-14 11:50:10.381--ServerSession(1443000737)--Thread(Thread[#1,main,5,main])--The alias name for the entity class [class com.ifpe.clinica.domain.Pessoa] is being defaulted to: Pessoa.
[EL Config]: metadata: 2026-02-14 11:50:10.381--ServerSession(1443000737)--Thread(Thread[#1,main,5,main])--The alias name for the entity class [class com.ifpe.clinica.domain.Consulta] is being defaulted to: Consulta.
[EL Config]: metadata: 2026-02-14 11:50:10.382--ServerSession(1443000737)--Thread(Thread[#1,main,5,main])--The alias name for the entity class [class com.ifpe.clinica.domain.Prontuario] is being defaulted to: Prontuario.
[EL Config]: metadata: 2026-02-14 11:50:10.382--ServerSession(1443000737)--Thread(Thread[#1,main,5,main])--The alias name for the entity class [class com.ifpe.clinica.domain.FotoPaciente] is being defaulted to: FotoPaciente.
[EL Config]: metadata: 2026-02-14 11:50:10.382--ServerSession(1443000737)--Thread(Thread[#1,main,5,main])--The alias name for the entity class [class com.ifpe.clinica.domain.ContatoPaciente] is being defaulted to: ContatoPaciente.
[EL Config]: metadata: 2026-02-14 11:50:10.382--ServerSession(1443000737)--Thread(Thread[#1,main,5,main])--The alias name for the entity class [class com.ifpe.clinica.domain.Convenio] is being defaulted to: Convenio.
[EL Config]: metadata: 2026-02-14 11:50:10.382--ServerSession(1443000737)--Thread(Thread[#1,main,5,main])--The alias name for the entity class [class com.ifpe.clinica.domain.Pagamento] is being defaulted to: Pagamento.
[EL Config]: metadata: 2026-02-14 11:50:10.383--ServerSession(1443000737)--Thread(Thread[#1,main,5,main])--The alias name for the entity class [class com.ifpe.clinica.domain.Medico] is being defaulted to: Medico.
[EL Config]: metadata: 2026-02-14 11:50:10.383--ServerSession(1443000737)--Thread(Thread[#1,main,5,main])--The alias name for the entity class [class com.ifpe.clinica.domain.Paciente] is being defaulted to: Paciente.
[EL Config]: metadata: 2026-02-14 11:50:10.383--ServerSession(1443000737)--Thread(Thread[#1,main,5,main])--The alias name for the entity class [class com.ifpe.clinica.domain.Medicamento] is being defaulted to: Medicamento.
[EL Config]: metadata: 2026-02-14 11:50:10.383--ServerSession(1443000737)--Thread(Thread[#1,main,5,main])--The alias name for the entity class [class com.ifpe.clinica.domain.Endereco] is being defaulted to: Endereco.
[EL Config]: metadata: 2026-02-14 11:50:10.384--ServerSession(1443000737)--Thread(Thread[#1,main,5,main])--The primary key column name for the mapping element [field paciente] is being defaulted to: ID_PESSOA.
[EL Config]: metadata: 2026-02-14 11:50:10.384--ServerSession(1443000737)--Thread(Thread[#1,main,5,main])--The primary key column name for the mapping element [field medico] is being defaulted to: ID_PESSOA.
[EL Config]: metadata: 2026-02-14 11:50:10.384--ServerSession(1443000737)--Thread(Thread[#1,main,5,main])--The source primary key column name for the many to many mapping [field exames] is being defaulted to: ID_CONSULTA.
[EL Config]: metadata: 2026-02-14 11:50:10.384--ServerSession(1443000737)--Thread(Thread[#1,main,5,main])--The target primary key column name for the many to many mapping [field exames] is being defaulted to: ID_EXAME.
[EL Config]: metadata: 2026-02-14 11:50:10.384--ServerSession(1443000737)--Thread(Thread[#1,main,5,main])--The primary key column name for the mapping element [field paciente] is being defaulted to: ID_PESSOA.
[EL Config]: metadata: 2026-02-14 11:50:10.384--ServerSession(1443000737)--Thread(Thread[#1,main,5,main])--The primary key column name for the mapping element [field paciente] is being defaulted to: ID_PESSOA.
[EL Config]: metadata: 2026-02-14 11:50:10.384--ServerSession(1443000737)--Thread(Thread[#1,main,5,main])--The primary key column name for the mapping element [field paciente] is being defaulted to: ID_PESSOA.
[EL Config]: metadata: 2026-02-14 11:50:10.384--ServerSession(1443000737)--Thread(Thread[#1,main,5,main])--The primary key column name for the mapping element [field convenio] is being defaulted to: ID_CONVENIO.
[EL Config]: metadata: 2026-02-14 11:50:10.384--ServerSession(1443000737)--Thread(Thread[#1,main,5,main])--The primary key column name for the mapping element [field consulta] is being defaulted to: ID_CONSULTA.
[EL Config]: metadata: 2026-02-14 11:50:10.384--ServerSession(1443000737)--Thread(Thread[#1,main,5,main])--The primary key column name for the mapping element [field endereco] is being defaulted to: ID_ENDERECO.
[EL Config]: metadata: 2026-02-14 11:50:10.384--ServerSession(1443000737)--Thread(Thread[#1,main,5,main])--The primary key column name for the mapping element [field prontuario] is being defaulted to: ID_PRONTUARIO.
[EL Info]: 2026-02-14 11:50:10.387--ServerSession(1443000737)--Thread(Thread[#1,main,5,main])--EclipseLink, version: Eclipse Persistence Services - 4.0.4.v202407190748-059428cdd2583c46f1f3e50d235854840a6fa9a7
[EL Fine]: connection: 2026-02-14 11:50:10.387--ServerSession(1443000737)--Connection(974242027)--Thread(Thread[#1,main,5,main])--connecting(DatabaseLogin(
	platform=>DerbyPlatform
	user name=> "clinica"
	datasource URL=> "jdbc:derby://localhost:1527/clinica;create=true"
))
[EL Config]: connection: 2026-02-14 11:50:10.389--ServerSession(1443000737)--Connection(856937591)--Thread(Thread[#1,main,5,main])--Connected: jdbc:derby://localhost:1527/clinica;create=true
	User: clinica
	Database: Apache Derby  Version: 10.16.1.1 - (1901046)
	Driver: Apache Derby Network Client JDBC Driver  Version: 10.16.1.1 - (1901046)
[EL Warning]: metadata: 2026-02-14 11:50:10.389--ServerSession(1443000737)--Thread(Thread[#1,main,5,main])--Reverting the lazy setting on the OneToOne or ManyToOne attribute [endereco] for the entity class [class com.ifpe.clinica.domain.Paciente] since weaving was not enabled or did not occur.
[EL Warning]: metadata: 2026-02-14 11:50:10.389--ServerSession(1443000737)--Thread(Thread[#1,main,5,main])--Reverting the lazy setting on the OneToOne or ManyToOne attribute [prontuario] for the entity class [class com.ifpe.clinica.domain.Paciente] since weaving was not enabled or did not occur.
[EL Warning]: metadata: 2026-02-14 11:50:10.389--ServerSession(1443000737)--Thread(Thread[#1,main,5,main])--Reverting the lazy setting on the OneToOne or ManyToOne attribute [paciente] for the entity class [class com.ifpe.clinica.domain.FotoPaciente] since weaving was not enabled or did not occur.
[EL Warning]: metadata: 2026-02-14 11:50:10.389--ServerSession(1443000737)--Thread(Thread[#1,main,5,main])--Reverting the lazy setting on the OneToOne or ManyToOne attribute [paciente] for the entity class [class com.ifpe.clinica.domain.Consulta] since weaving was not enabled or did not occur.
[EL Warning]: metadata: 2026-02-14 11:50:10.389--ServerSession(1443000737)--Thread(Thread[#1,main,5,main])--Reverting the lazy setting on the OneToOne or ManyToOne attribute [medico] for the entity class [class com.ifpe.clinica.domain.Consulta] since weaving was not enabled or did not occur.
[EL Warning]: metadata: 2026-02-14 11:50:10.389--ServerSession(1443000737)--Thread(Thread[#1,main,5,main])--Reverting the lazy setting on the OneToOne or ManyToOne attribute [convenio] for the entity class [class com.ifpe.clinica.domain.Pagamento] since weaving was not enabled or did not occur.
[EL Warning]: metadata: 2026-02-14 11:50:10.389--ServerSession(1443000737)--Thread(Thread[#1,main,5,main])--Reverting the lazy setting on the OneToOne or ManyToOne attribute [consulta] for the entity class [class com.ifpe.clinica.domain.Pagamento] since weaving was not enabled or did not occur.
[EL Warning]: metadata: 2026-02-14 11:50:10.389--ServerSession(1443000737)--Thread(Thread[#1,main,5,main])--Reverting the lazy setting on the OneToOne or ManyToOne attribute [paciente] for the entity class [class com.ifpe.clinica.domain.Endereco] since weaving was not enabled or did not occur.
[EL Warning]: metadata: 2026-02-14 11:50:10.389--ServerSession(1443000737)--Thread(Thread[#1,main,5,main])--Reverting the lazy setting on the OneToOne or ManyToOne attribute [paciente] for the entity class [class com.ifpe.clinica.domain.ContatoPaciente] since weaving was not enabled or did not occur.
[EL Warning]: metadata: 2026-02-14 11:50:10.389--ServerSession(1443000737)--Thread(Thread[#1,main,5,main])--Reverting the lazy setting on the OneToOne or ManyToOne attribute [paciente] for the entity class [class com.ifpe.clinica.domain.Prontuario] since weaving was not enabled or did not occur.
[EL Warning]: metadata: 2026-02-14 11:50:10.389--ServerSession(1443000737)--Thread(Thread[#1,main,5,main])--Reverting the lazy setting on the OneToOne or ManyToOne attribute [prontuario] for the entity class [class com.ifpe.clinica.domain.Medicamento] since weaving was not enabled or did not occur.
[EL Fine]: connection: 2026-02-14 11:50:10.392--ServerSession(1443000737)--Thread(Thread[#1,main,5,main])--/file:/home/tassio/NetBeansProjects/clinica/target/classes/_clinicaPU login successful
[EL Fine]: sql: 2026-02-14 11:50:10.393--ServerSession(1443000737)--Connection(856937591)--Thread(Thread[#1,main,5,main])--ALTER TABLE TB_PRONTUARIO DROP CONSTRAINT TBPRNTUARIOPCNTEID
[EL Fine]: sql: 2026-02-14 11:50:10.407--ServerSession(1443000737)--Connection(856937591)--Thread(Thread[#1,main,5,main])--ALTER TABLE TB_CONTATO_PACIENTE DROP CONSTRAINT TBCNTTPCIENTEPCNTD
[EL Fine]: sql: 2026-02-14 11:50:10.413--ServerSession(1443000737)--Connection(856937591)--Thread(Thread[#1,main,5,main])--ALTER TABLE TB_PAGAMENTO DROP CONSTRAINT TBPGAMENTOCNVNIOID
[EL Fine]: sql: 2026-02-14 11:50:10.418--ServerSession(1443000737)--Connection(856937591)--Thread(Thread[#1,main,5,main])--ALTER TABLE TB_PAGAMENTO DROP CONSTRAINT TBPGAMENTOCNSLTAID
[EL Fine]: sql: 2026-02-14 11:50:10.42--ServerSession(1443000737)--Connection(856937591)--Thread(Thread[#1,main,5,main])--ALTER TABLE TB_MEDICAMENTO DROP CONSTRAINT TBMDCMENTOPRNTROID
[EL Fine]: sql: 2026-02-14 11:50:10.424--ServerSession(1443000737)--Connection(856937591)--Thread(Thread[#1,main,5,main])--ALTER TABLE TB_CONSULTA DROP CONSTRAINT TBCONSULTAMEDICOID
[EL Fine]: sql: 2026-02-14 11:50:10.429--ServerSession(1443000737)--Connection(856937591)--Thread(Thread[#1,main,5,main])--ALTER TABLE TB_CONSULTA DROP CONSTRAINT TBCNSULTAPCIENTEID
[EL Fine]: sql: 2026-02-14 11:50:10.434--ServerSession(1443000737)--Connection(856937591)--Thread(Thread[#1,main,5,main])--ALTER TABLE TB_FOTO_PACIENTE DROP CONSTRAINT TBFTPCIENTEPCNTEID
[EL Fine]: sql: 2026-02-14 11:50:10.438--ServerSession(1443000737)--Connection(856937591)--Thread(Thread[#1,main,5,main])--ALTER TABLE TB_MEDICO DROP CONSTRAINT TB_MEDICOID_PESSOA
[EL Fine]: sql: 2026-02-14 11:50:10.44--ServerSession(1443000737)--Connection(856937591)--Thread(Thread[#1,main,5,main])--ALTER TABLE TB_PACIENTE DROP CONSTRAINT TBPCIENTENDERECOID
[EL Fine]: sql: 2026-02-14 11:50:10.444--ServerSession(1443000737)--Connection(856937591)--Thread(Thread[#1,main,5,main])--ALTER TABLE TB_PACIENTE DROP CONSTRAINT TBPACIENTEIDPESSOA
[EL Fine]: sql: 2026-02-14 11:50:10.446--ServerSession(1443000737)--Connection(856937591)--Thread(Thread[#1,main,5,main])--ALTER TABLE TB_EXAME_ANEXOS DROP CONSTRAINT TBXAMEANEXOSXAMEID
[EL Fine]: sql: 2026-02-14 11:50:10.451--ServerSession(1443000737)--Connection(856937591)--Thread(Thread[#1,main,5,main])--ALTER TABLE TB_CONSULTA_EXAME DROP CONSTRAINT TBCNSLTEXAMECNSLTD
[EL Fine]: sql: 2026-02-14 11:50:10.456--ServerSession(1443000737)--Connection(856937591)--Thread(Thread[#1,main,5,main])--ALTER TABLE TB_CONSULTA_EXAME DROP CONSTRAINT TBCNSULTAEXAMEXMID
[EL Fine]: sql: 2026-02-14 11:50:10.463--ServerSession(1443000737)--Connection(856937591)--Thread(Thread[#1,main,5,main])--DROP TABLE TB_PRONTUARIO
[EL Fine]: sql: 2026-02-14 11:50:10.471--ServerSession(1443000737)--Connection(856937591)--Thread(Thread[#1,main,5,main])--DROP TABLE TB_CONTATO_PACIENTE
[EL Fine]: sql: 2026-02-14 11:50:10.478--ServerSession(1443000737)--Connection(856937591)--Thread(Thread[#1,main,5,main])--DROP TABLE TB_PAGAMENTO
[EL Fine]: sql: 2026-02-14 11:50:10.489--ServerSession(1443000737)--Connection(856937591)--Thread(Thread[#1,main,5,main])--DROP TABLE TB_MEDICAMENTO
[EL Fine]: sql: 2026-02-14 11:50:10.497--ServerSession(1443000737)--Connection(856937591)--Thread(Thread[#1,main,5,main])--DROP TABLE TB_EXAME
[EL Fine]: sql: 2026-02-14 11:50:10.504--ServerSession(1443000737)--Connection(856937591)--Thread(Thread[#1,main,5,main])--DROP TABLE TB_PESSOA
[EL Fine]: sql: 2026-02-14 11:50:10.512--ServerSession(1443000737)--Connection(856937591)--Thread(Thread[#1,main,5,main])--DROP TABLE TB_CONSULTA
[EL Fine]: sql: 2026-02-14 11:50:10.52--ServerSession(1443000737)--Connection(856937591)--Thread(Thread[#1,main,5,main])--DROP TABLE TB_FOTO_PACIENTE
[EL Fine]: sql: 2026-02-14 11:50:10.528--ServerSession(1443000737)--Connection(856937591)--Thread(Thread[#1,main,5,main])--DROP TABLE TB_CONVENIO
[EL Fine]: sql: 2026-02-14 11:50:10.536--ServerSession(1443000737)--Connection(856937591)--Thread(Thread[#1,main,5,main])--DROP TABLE TB_MEDICO
[EL Fine]: sql: 2026-02-14 11:50:10.549--ServerSession(1443000737)--Connection(856937591)--Thread(Thread[#1,main,5,main])--DROP TABLE TB_PACIENTE
[EL Fine]: sql: 2026-02-14 11:50:10.56--ServerSession(1443000737)--Connection(856937591)--Thread(Thread[#1,main,5,main])--DROP TABLE TB_ENDERECO
[EL Fine]: sql: 2026-02-14 11:50:10.568--ServerSession(1443000737)--Connection(856937591)--Thread(Thread[#1,main,5,main])--DROP TABLE TB_EXAME_ANEXOS
[EL Fine]: sql: 2026-02-14 11:50:10.575--ServerSession(1443000737)--Connection(856937591)--Thread(Thread[#1,main,5,main])--DROP TABLE TB_CONSULTA_EXAME
[EL Fine]: sql: 2026-02-14 11:50:10.594--ServerSession(1443000737)--Connection(856937591)--Thread(Thread[#1,main,5,main])--CREATE TABLE TB_PRONTUARIO (ID_PRONTUARIO BIGINT GENERATED BY DEFAULT AS IDENTITY NOT NULL, TXT_DESCRICAO VARCHAR(500) NOT NULL, PACIENTE_ID BIGINT, PRIMARY KEY (ID_PRONTUARIO))
[EL Fine]: sql: 2026-02-14 11:50:10.605--ServerSession(1443000737)--Connection(856937591)--Thread(Thread[#1,main,5,main])--CREATE TABLE TB_CONTATO_PACIENTE (ID_CONTATO BIGINT GENERATED BY DEFAULT AS IDENTITY NOT NULL, TXT_OBSERVACOES VARCHAR(500), TXT_CELULAR VARCHAR(20), TXT_EMAIL VARCHAR(100), TXT_TELEFONE VARCHAR(20), TXT_TELEFONE_EMERGENCIA VARCHAR(20), PACIENTE_ID BIGINT, PRIMARY KEY (ID_CONTATO))
[EL Fine]: sql: 2026-02-14 11:50:10.615--ServerSession(1443000737)--Connection(856937591)--Thread(Thread[#1,main,5,main])--CREATE TABLE TB_PAGAMENTO (ID_PAGAMENTO BIGINT GENERATED BY DEFAULT AS IDENTITY NOT NULL, VALOR_ACRESCIMO DECIMAL(10,2), TXT_CODIGO_TRANSACAO VARCHAR(100), DT_GERACAO TIMESTAMP NOT NULL, DT_PAGAMENTO TIMESTAMP, VALOR_DESCONTO DECIMAL(10,2), FORMA_PAGAMENTO VARCHAR(255) NOT NULL, TXT_OBSERVACOES VARCHAR(500), STATUS_PAGAMENTO VARCHAR(255) NOT NULL, VALOR_PAGO DECIMAL(10,2), VALOR_TOTAL DECIMAL(10,2) NOT NULL, CONVENIO_ID BIGINT, CONSULTA_ID BIGINT NOT NULL UNIQUE, PRIMARY KEY (ID_PAGAMENTO))
[EL Fine]: sql: 2026-02-14 11:50:10.64--ServerSession(1443000737)--Connection(856937591)--Thread(Thread[#1,main,5,main])--CREATE TABLE TB_MEDICAMENTO (ID_MEDICAMENTO BIGINT GENERATED BY DEFAULT AS IDENTITY NOT NULL, TXT_DOSE VARCHAR(50) NOT NULL, TXT_NOME VARCHAR(255) NOT NULL, PRONTUARIO_ID BIGINT, PRIMARY KEY (ID_MEDICAMENTO))
[EL Fine]: sql: 2026-02-14 11:50:10.649--ServerSession(1443000737)--Connection(856937591)--Thread(Thread[#1,main,5,main])--CREATE TABLE TB_EXAME (ID_EXAME BIGINT GENERATED BY DEFAULT AS IDENTITY NOT NULL, TXT_NOME VARCHAR(255) NOT NULL, PRIMARY KEY (ID_EXAME))
[EL Fine]: sql: 2026-02-14 11:50:10.659--ServerSession(1443000737)--Connection(856937591)--Thread(Thread[#1,main,5,main])--CREATE TABLE TB_PESSOA (ID_PESSOA BIGINT GENERATED BY DEFAULT AS IDENTITY NOT NULL, TIPO_PESSOA VARCHAR(31), TXT_NOME VARCHAR(255), PRIMARY KEY (ID_PESSOA))
[EL Fine]: sql: 2026-02-14 11:50:10.669--ServerSession(1443000737)--Connection(856937591)--Thread(Thread[#1,main,5,main])--CREATE TABLE TB_CONSULTA (ID_CONSULTA BIGINT GENERATED BY DEFAULT AS IDENTITY NOT NULL, DT_CONSULTA TIMESTAMP NOT NULL, MEDICO_ID BIGINT, PACIENTE_ID BIGINT, PRIMARY KEY (ID_CONSULTA))
[EL Fine]: sql: 2026-02-14 11:50:10.679--ServerSession(1443000737)--Connection(856937591)--Thread(Thread[#1,main,5,main])--CREATE TABLE TB_FOTO_PACIENTE (ID_FOTO BIGINT GENERATED BY DEFAULT AS IDENTITY NOT NULL, TXT_CATEGORIA VARCHAR(30), DT_UPLOAD TIMESTAMP, TXT_DESCRICAO VARCHAR(500), BIN_IMAGEM BLOB(2147483647), TXT_TAMANHO BIGINT, TXT_TIPO_IMAGEM VARCHAR(50), TXT_TITULO VARCHAR(100), PACIENTE_ID BIGINT NOT NULL, PRIMARY KEY (ID_FOTO))
[EL Fine]: sql: 2026-02-14 11:50:10.689--ServerSession(1443000737)--Connection(856937591)--Thread(Thread[#1,main,5,main])--CREATE TABLE TB_CONVENIO (ID_CONVENIO BIGINT GENERATED BY DEFAULT AS IDENTITY NOT NULL, NR_CARENCIA_DIAS INTEGER, TXT_NOME VARCHAR(255) NOT NULL, TIPO_CONVENIO VARCHAR(255) NOT NULL, PRIMARY KEY (ID_CONVENIO))
[EL Fine]: sql: 2026-02-14 11:50:10.699--ServerSession(1443000737)--Connection(856937591)--Thread(Thread[#1,main,5,main])--CREATE TABLE TB_MEDICO (ID_PESSOA BIGINT NOT NULL, TXT_CRM VARCHAR(20) NOT NULL UNIQUE, TXT_ESPECIALIDADE VARCHAR(255), PRIMARY KEY (ID_PESSOA))
[EL Fine]: sql: 2026-02-14 11:50:10.713--ServerSession(1443000737)--Connection(856937591)--Thread(Thread[#1,main,5,main])--CREATE TABLE TB_PACIENTE (ID_PESSOA BIGINT NOT NULL, TXT_CPF VARCHAR(11) NOT NULL UNIQUE, ENDERECO_ID BIGINT, PRIMARY KEY (ID_PESSOA))
[EL Fine]: sql: 2026-02-14 11:50:10.733--ServerSession(1443000737)--Connection(856937591)--Thread(Thread[#1,main,5,main])--CREATE TABLE TB_ENDERECO (ID_ENDERECO BIGINT GENERATED BY DEFAULT AS IDENTITY NOT NULL, TXT_CIDADE VARCHAR(100) NOT NULL, TXT_ESTADO VARCHAR(2) NOT NULL, TXT_RUA VARCHAR(255) NOT NULL, PRIMARY KEY (ID_ENDERECO))
[EL Fine]: sql: 2026-02-14 11:50:10.744--ServerSession(1443000737)--Connection(856937591)--Thread(Thread[#1,main,5,main])--CREATE TABLE TB_EXAME_ANEXOS (EXAME_ID BIGINT, TXT_URL_ANEXO VARCHAR(512) NOT NULL)
[EL Fine]: sql: 2026-02-14 11:50:10.748--ServerSession(1443000737)--Connection(856937591)--Thread(Thread[#1,main,5,main])--CREATE TABLE TB_CONSULTA_EXAME (EXAME_ID BIGINT NOT NULL, CONSULTA_ID BIGINT NOT NULL, PRIMARY KEY (EXAME_ID, CONSULTA_ID))
[EL Fine]: sql: 2026-02-14 11:50:10.758--ServerSession(1443000737)--Connection(856937591)--Thread(Thread[#1,main,5,main])--ALTER TABLE TB_PRONTUARIO ADD CONSTRAINT TBPRNTUARIOPCNTEID FOREIGN KEY (PACIENTE_ID) REFERENCES TB_PESSOA (ID_PESSOA)
[EL Fine]: sql: 2026-02-14 11:50:10.766--ServerSession(1443000737)--Connection(856937591)--Thread(Thread[#1,main,5,main])--ALTER TABLE TB_CONTATO_PACIENTE ADD CONSTRAINT TBCNTTPCIENTEPCNTD FOREIGN KEY (PACIENTE_ID) REFERENCES TB_PESSOA (ID_PESSOA)
[EL Fine]: sql: 2026-02-14 11:50:10.774--ServerSession(1443000737)--Connection(856937591)--Thread(Thread[#1,main,5,main])--ALTER TABLE TB_PAGAMENTO ADD CONSTRAINT TBPGAMENTOCNVNIOID FOREIGN KEY (CONVENIO_ID) REFERENCES TB_CONVENIO (ID_CONVENIO)
[EL Fine]: sql: 2026-02-14 11:50:10.781--ServerSession(1443000737)--Connection(856937591)--Thread(Thread[#1,main,5,main])--ALTER TABLE TB_PAGAMENTO ADD CONSTRAINT TBPGAMENTOCNSLTAID FOREIGN KEY (CONSULTA_ID) REFERENCES TB_CONSULTA (ID_CONSULTA)
[EL Fine]: sql: 2026-02-14 11:50:10.783--ServerSession(1443000737)--Connection(856937591)--Thread(Thread[#1,main,5,main])--ALTER TABLE TB_MEDICAMENTO ADD CONSTRAINT TBMDCMENTOPRNTROID FOREIGN KEY (PRONTUARIO_ID) REFERENCES TB_PRONTUARIO (ID_PRONTUARIO)
[EL Fine]: sql: 2026-02-14 11:50:10.79--ServerSession(1443000737)--Connection(856937591)--Thread(Thread[#1,main,5,main])--ALTER TABLE TB_CONSULTA ADD CONSTRAINT TBCONSULTAMEDICOID FOREIGN KEY (MEDICO_ID) REFERENCES TB_PESSOA (ID_PESSOA)
[EL Fine]: sql: 2026-02-14 11:50:10.797--ServerSession(1443000737)--Connection(856937591)--Thread(Thread[#1,main,5,main])--ALTER TABLE TB_CONSULTA ADD CONSTRAINT TBCNSULTAPCIENTEID FOREIGN KEY (PACIENTE_ID) REFERENCES TB_PESSOA (ID_PESSOA)
[EL Fine]: sql: 2026-02-14 11:50:10.803--ServerSession(1443000737)--Connection(856937591)--Thread(Thread[#1,main,5,main])--ALTER TABLE TB_FOTO_PACIENTE ADD CONSTRAINT TBFTPCIENTEPCNTEID FOREIGN KEY (PACIENTE_ID) REFERENCES TB_PESSOA (ID_PESSOA)
[EL Fine]: sql: 2026-02-14 11:50:10.81--ServerSession(1443000737)--Connection(856937591)--Thread(Thread[#1,main,5,main])--ALTER TABLE TB_MEDICO ADD CONSTRAINT TB_MEDICOID_PESSOA FOREIGN KEY (ID_PESSOA) REFERENCES TB_PESSOA (ID_PESSOA)
[EL Fine]: sql: 2026-02-14 11:50:10.812--ServerSession(1443000737)--Connection(856937591)--Thread(Thread[#1,main,5,main])--ALTER TABLE TB_PACIENTE ADD CONSTRAINT TBPCIENTENDERECOID FOREIGN KEY (ENDERECO_ID) REFERENCES TB_ENDERECO (ID_ENDERECO)
[EL Fine]: sql: 2026-02-14 11:50:10.818--ServerSession(1443000737)--Connection(856937591)--Thread(Thread[#1,main,5,main])--ALTER TABLE TB_PACIENTE ADD CONSTRAINT TBPACIENTEIDPESSOA FOREIGN KEY (ID_PESSOA) REFERENCES TB_PESSOA (ID_PESSOA)
[EL Fine]: sql: 2026-02-14 11:50:10.82--ServerSession(1443000737)--Connection(856937591)--Thread(Thread[#1,main,5,main])--ALTER TABLE TB_EXAME_ANEXOS ADD CONSTRAINT TBXAMEANEXOSXAMEID FOREIGN KEY (EXAME_ID) REFERENCES TB_EXAME (ID_EXAME)
[EL Fine]: sql: 2026-02-14 11:50:10.828--ServerSession(1443000737)--Connection(856937591)--Thread(Thread[#1,main,5,main])--ALTER TABLE TB_CONSULTA_EXAME ADD CONSTRAINT TBCNSLTEXAMECNSLTD FOREIGN KEY (CONSULTA_ID) REFERENCES TB_CONSULTA (ID_CONSULTA)
[EL Fine]: sql: 2026-02-14 11:50:10.835--ServerSession(1443000737)--Connection(856937591)--Thread(Thread[#1,main,5,main])--ALTER TABLE TB_CONSULTA_EXAME ADD CONSTRAINT TBCNSULTAEXAMEXMID FOREIGN KEY (EXAME_ID) REFERENCES TB_EXAME (ID_EXAME)
[EL Fine]: sql: 2026-02-14 11:50:10.964--ServerSession(1443000737)--Connection(856937591)--Thread(Thread[#1,main,5,main])--SELECT t0.ID_PESSOA, t0.TIPO_PESSOA, t0.TXT_NOME, t1.ID_PESSOA, t1.TXT_CPF, t1.ENDERECO_ID FROM TB_PESSOA t0, TB_PACIENTE t1 WHERE ((t0.ID_PESSOA = ?) AND ((t1.ID_PESSOA = t0.ID_PESSOA) AND (t0.TIPO_PESSOA = ?)))
	bind => [1, PACIENTE]
[EL Fine]: sql: 2026-02-14 11:50:10.966--ServerSession(1443000737)--Connection(856937591)--Thread(Thread[#1,main,5,main])--SELECT ID_ENDERECO, TXT_CIDADE, TXT_ESTADO, TXT_RUA FROM TB_ENDERECO WHERE (ID_ENDERECO = ?)
	bind => [1]
[EL Fine]: sql: 2026-02-14 11:50:10.968--ServerSession(1443000737)--Connection(856937591)--Thread(Thread[#1,main,5,main])--SELECT t0.ID_PESSOA, t0.TIPO_PESSOA, t0.TXT_NOME, t1.ID_PESSOA, t1.TXT_CPF, t1.ENDERECO_ID FROM TB_PESSOA t0, TB_PACIENTE t1 WHERE ((t1.ENDERECO_ID = ?) AND ((t1.ID_PESSOA = t0.ID_PESSOA) AND (t0.TIPO_PESSOA = ?)))
	bind => [1, PACIENTE]
[EL Fine]: sql: 2026-02-14 11:50:10.969--ServerSession(1443000737)--Connection(856937591)--Thread(Thread[#1,main,5,main])--SELECT ID_PRONTUARIO, TXT_DESCRICAO, PACIENTE_ID FROM TB_PRONTUARIO WHERE (PACIENTE_ID = ?)
	bind => [1]
[EL Fine]: sql: 2026-02-14 11:50:10.976--ClientSession(893152673)--Connection(856937591)--Thread(Thread[#1,main,5,main])--INSERT INTO TB_FOTO_PACIENTE (TXT_CATEGORIA, DT_UPLOAD, TXT_DESCRICAO, BIN_IMAGEM, TXT_TAMANHO, TXT_TIPO_IMAGEM, TXT_TITULO, PACIENTE_ID) VALUES (?, ?, ?, ?, ?, ?, ?, ?)
	bind => [null, 2026-02-14T11:50:10.964324984, null, null, null, null, Nova Foto, 1]
]]></system-out>
  </testcase>
  <testcase name="testFindById" classname="domain.FotoPacienteTest" time="0.009">
    <system-out><![CDATA[[EL Fine]: sql: 2026-02-14 11:50:10.981--ServerSession(1443000737)--Connection(856937591)--Thread(Thread[#1,main,5,main])--SELECT ID_FOTO, TXT_CATEGORIA, DT_UPLOAD, TXT_DESCRICAO, BIN_IMAGEM, TXT_TAMANHO, TXT_TIPO_IMAGEM, TXT_TITULO, PACIENTE_ID FROM TB_FOTO_PACIENTE WHERE (ID_FOTO = ?)
	bind => [1]
]]></system-out>
  </testcase>
  <testcase name="testRemover" classname="domain.FotoPacienteTest" time="0.008">
    <system-out><![CDATA[[EL Fine]: sql: 2026-02-14 11:50:10.991--ServerSession(1443000737)--Connection(856937591)--Thread(Thread[#1,main,5,main])--SELECT ID_FOTO, TXT_CATEGORIA, DT_UPLOAD, TXT_DESCRICAO, BIN_IMAGEM, TXT_TAMANHO, TXT_TIPO_IMAGEM, TXT_TITULO, PACIENTE_ID FROM TB_FOTO_PACIENTE WHERE (TXT_TITULO = ?)
	bind => [Foto Antiga]
[EL Fine]: sql: 2026-02-14 11:50:10.993--ServerSession(1443000737)--Connection(856937591)--Thread(Thread[#1,main,5,main])--SELECT t0.ID_PESSOA, t0.TIPO_PESSOA, t0.TXT_NOME, t1.ID_PESSOA, t1.TXT_CPF, t1.ENDERECO_ID FROM TB_PESSOA t0, TB_PACIENTE t1 WHERE ((t0.ID_PESSOA = ?) AND ((t1.ID_PESSOA = t0.ID_PESSOA) AND (t0.TIPO_PESSOA = ?)))
	bind => [4, PACIENTE]
[EL Fine]: sql: 2026-02-14 11:50:10.994--ClientSession(1543272907)--Connection(856937591)--Thread(Thread[#1,main,5,main])--DELETE FROM TB_FOTO_PACIENTE WHERE (ID_FOTO = ?)
	bind => [4]
[EL Fine]: sql: 2026-02-14 11:50:10.995--ClientSession(1543272907)--Connection(856937591)--Thread(Thread[#1,main,5,main])--SELECT ID_FOTO, TXT_CATEGORIA, DT_UPLOAD, TXT_DESCRICAO, BIN_IMAGEM, TXT_TAMANHO, TXT_TIPO_IMAGEM, TXT_TITULO, PACIENTE_ID FROM TB_FOTO_PACIENTE WHERE (TXT_TITULO = ?)
	bind => [Foto Antiga]
]]></system-out>
  </testcase>
  <testcase name="testAtualizar" classname="domain.FotoPacienteTest" time="0.01">
    <system-out><![CDATA[[EL Fine]: sql: 2026-02-14 11:50:11.0--ServerSession(1443000737)--Connection(856937591)--Thread(Thread[#1,main,5,main])--SELECT ID_FOTO, TXT_CATEGORIA, DT_UPLOAD, TXT_DESCRICAO, BIN_IMAGEM, TXT_TAMANHO, TXT_TIPO_IMAGEM, TXT_TITULO, PACIENTE_ID FROM TB_FOTO_PACIENTE WHERE (TXT_TITULO = ?)
	bind => [Foto de Perfil]
[EL Fine]: sql: 2026-02-14 11:50:11.003--ClientSession(93560356)--Connection(856937591)--Thread(Thread[#1,main,5,main])--UPDATE TB_FOTO_PACIENTE SET TXT_TITULO = ? WHERE (ID_FOTO = ?)
	bind => [Foto Atualizada, 1]
[EL Fine]: sql: 2026-02-14 11:50:11.005--ClientSession(93560356)--Connection(856937591)--Thread(Thread[#1,main,5,main])--SELECT ID_FOTO, TXT_CATEGORIA, DT_UPLOAD, TXT_DESCRICAO, BIN_IMAGEM, TXT_TAMANHO, TXT_TIPO_IMAGEM, TXT_TITULO, PACIENTE_ID FROM TB_FOTO_PACIENTE WHERE (TXT_TITULO = ?)
	bind => [Foto Atualizada]
]]></system-out>
  </testcase>
  <testcase name="testAtualizarMerge" classname="domain.FotoPacienteTest" time="0.007">
    <system-out><![CDATA[[EL Fine]: sql: 2026-02-14 11:50:11.009--ServerSession(1443000737)--Connection(856937591)--Thread(Thread[#1,main,5,main])--SELECT ID_FOTO, TXT_CATEGORIA, DT_UPLOAD, TXT_DESCRICAO, BIN_IMAGEM, TXT_TAMANHO, TXT_TIPO_IMAGEM, TXT_TITULO, PACIENTE_ID FROM TB_FOTO_PACIENTE WHERE (TXT_TITULO = ?)
	bind => [Foto de Perfil Atualizada]
[EL Fine]: sql: 2026-02-14 11:50:11.01--ServerSession(1443000737)--Connection(856937591)--Thread(Thread[#1,main,5,main])--SELECT t0.ID_PESSOA, t0.TIPO_PESSOA, t0.TXT_NOME, t1.ID_PESSOA, t1.TXT_CPF, t1.ENDERECO_ID FROM TB_PESSOA t0, TB_PACIENTE t1 WHERE ((t0.ID_PESSOA = ?) AND ((t1.ID_PESSOA = t0.ID_PESSOA) AND (t0.TIPO_PESSOA = ?)))
	bind => [3, PACIENTE]
[EL Fine]: sql: 2026-02-14 11:50:11.01--ServerSession(1443000737)--Connection(856937591)--Thread(Thread[#1,main,5,main])--SELECT ID_PRONTUARIO, TXT_DESCRICAO, PACIENTE_ID FROM TB_PRONTUARIO WHERE (PACIENTE_ID = ?)
	bind => [3]
[EL Fine]: sql: 2026-02-14 11:50:11.012--ClientSession(1909807998)--Connection(856937591)--Thread(Thread[#1,main,5,main])--UPDATE TB_FOTO_PACIENTE SET TXT_TITULO = ? WHERE (ID_FOTO = ?)
	bind => [Merge Foto, 3]
[EL Fine]: sql: 2026-02-14 11:50:11.012--ClientSession(1909807998)--Connection(856937591)--Thread(Thread[#1,main,5,main])--SELECT ID_FOTO, TXT_CATEGORIA, DT_UPLOAD, TXT_DESCRICAO, BIN_IMAGEM, TXT_TAMANHO, TXT_TIPO_IMAGEM, TXT_TITULO, PACIENTE_ID FROM TB_FOTO_PACIENTE WHERE (TXT_TITULO = ?)
	bind => [Merge Foto]
]]></system-out>
  </testcase>
</testsuite>