<?xml version="1.0" encoding="UTF-8"?>
<testsuite xmlns:xsi="http://www.w3.org/2001/XMLSchema-instance" xsi:noNamespaceSchemaLocation="https://maven.apache.org/surefire/maven-surefire-plugin/xsd/surefire-test-report-3.0.xsd" version="3.0" name="domain.MedicoTest" time="0.604" tests="5" errors="0" skipped="0" failures="0">
  <properties>
[...]
</properties>
  <testcase name="testPersist" classname="domain.MedicoTest" time="0.005">
    <system-out><![CDATA[[EL Fine]: moxy: 2026-01-31 23:21:19.489--Thread(Thread[#1,main,5,main])--SAXParserFactory instance: com.sun.org.apache.xerces.internal.jaxp.SAXParserFactoryImpl@2dc39b53
[EL Fine]: server: 2026-01-31 23:21:19.492--Thread(Thread[#1,main,5,main])--Configured server platform: org.eclipse.persistence.platform.server.NoServerPlatform
[EL Config]: metadata: 2026-01-31 23:21:19.499--ServerSession(1157856790)--Thread(Thread[#1,main,5,main])--The access type for the persistent class [class com.ifpe.clinica.domain.Exame] is set to [FIELD].
[EL Config]: metadata: 2026-01-31 23:21:19.5--ServerSession(1157856790)--Thread(Thread[#1,main,5,main])--The target class (reference) class for the element collection mapping element [field urlsAnexos] is being defaulted to: class java.lang.String.
[EL Config]: metadata: 2026-01-31 23:21:19.5--ServerSession(1157856790)--Thread(Thread[#1,main,5,main])--The target entity (reference) class for the many to many mapping element [field consultas] is being defaulted to: class com.ifpe.clinica.domain.Consulta.
[EL Config]: metadata: 2026-01-31 23:21:19.5--ServerSession(1157856790)--Thread(Thread[#1,main,5,main])--The access type for the persistent class [class com.ifpe.clinica.domain.Pessoa] is set to [FIELD].
[EL Config]: metadata: 2026-01-31 23:21:19.5--ServerSession(1157856790)--Thread(Thread[#1,main,5,main])--The access type for the persistent class [class com.ifpe.clinica.domain.Consulta] is set to [FIELD].
[EL Config]: metadata: 2026-01-31 23:21:19.5--ServerSession(1157856790)--Thread(Thread[#1,main,5,main])--The target entity (reference) class for the many to one mapping element [field paciente] is being defaulted to: class com.ifpe.clinica.domain.Paciente.
[EL Config]: metadata: 2026-01-31 23:21:19.501--ServerSession(1157856790)--Thread(Thread[#1,main,5,main])--The target entity (reference) class for the many to one mapping element [field medico] is being defaulted to: class com.ifpe.clinica.domain.Medico.
[EL Config]: metadata: 2026-01-31 23:21:19.501--ServerSession(1157856790)--Thread(Thread[#1,main,5,main])--The target entity (reference) class for the many to many mapping element [field exames] is being defaulted to: class com.ifpe.clinica.domain.Exame.
[EL Config]: metadata: 2026-01-31 23:21:19.501--ServerSession(1157856790)--Thread(Thread[#1,main,5,main])--The access type for the persistent class [class com.ifpe.clinica.domain.Prontuario] is set to [FIELD].
[EL Config]: metadata: 2026-01-31 23:21:19.501--ServerSession(1157856790)--Thread(Thread[#1,main,5,main])--The target entity (reference) class for the one to one mapping element [field paciente] is being defaulted to: class com.ifpe.clinica.domain.Paciente.
[EL Config]: metadata: 2026-01-31 23:21:19.501--ServerSession(1157856790)--Thread(Thread[#1,main,5,main])--The target entity (reference) class for the one to many mapping element [field medicamentos] is being defaulted to: class com.ifpe.clinica.domain.Medicamento.
[EL Config]: metadata: 2026-01-31 23:21:19.501--ServerSession(1157856790)--Thread(Thread[#1,main,5,main])--The access type for the persistent class [class com.ifpe.clinica.domain.FotoPaciente] is set to [FIELD].
[EL Config]: metadata: 2026-01-31 23:21:19.501--ServerSession(1157856790)--Thread(Thread[#1,main,5,main])--The target entity (reference) class for the many to one mapping element [field paciente] is being defaulted to: class com.ifpe.clinica.domain.Paciente.
[EL Config]: metadata: 2026-01-31 23:21:19.501--ServerSession(1157856790)--Thread(Thread[#1,main,5,main])--The access type for the persistent class [class com.ifpe.clinica.domain.ContatoPaciente] is set to [FIELD].
[EL Config]: metadata: 2026-01-31 23:21:19.501--ServerSession(1157856790)--Thread(Thread[#1,main,5,main])--The target entity (reference) class for the one to one mapping element [field paciente] is being defaulted to: class com.ifpe.clinica.domain.Paciente.
[EL Config]: metadata: 2026-01-31 23:21:19.501--ServerSession(1157856790)--Thread(Thread[#1,main,5,main])--The access type for the persistent class [class com.ifpe.clinica.domain.Convenio] is set to [FIELD].
[EL Config]: metadata: 2026-01-31 23:21:19.501--ServerSession(1157856790)--Thread(Thread[#1,main,5,main])--The access type for the persistent class [class com.ifpe.clinica.domain.Pagamento] is set to [FIELD].
[EL Config]: metadata: 2026-01-31 23:21:19.501--ServerSession(1157856790)--Thread(Thread[#1,main,5,main])--The target entity (reference) class for the many to one mapping element [field convenio] is being defaulted to: class com.ifpe.clinica.domain.Convenio.
[EL Config]: metadata: 2026-01-31 23:21:19.501--ServerSession(1157856790)--Thread(Thread[#1,main,5,main])--The target entity (reference) class for the one to one mapping element [field consulta] is being defaulted to: class com.ifpe.clinica.domain.Consulta.
[EL Config]: metadata: 2026-01-31 23:21:19.501--ServerSession(1157856790)--Thread(Thread[#1,main,5,main])--The access type for the persistent class [class com.ifpe.clinica.domain.Medico] is set to [FIELD].
[EL Config]: metadata: 2026-01-31 23:21:19.502--ServerSession(1157856790)--Thread(Thread[#1,main,5,main])--The target entity (reference) class for the one to many mapping element [field consultas] is being defaulted to: class com.ifpe.clinica.domain.Consulta.
[EL Config]: metadata: 2026-01-31 23:21:19.502--ServerSession(1157856790)--Thread(Thread[#1,main,5,main])--The access type for the persistent class [class com.ifpe.clinica.domain.Paciente] is set to [FIELD].
[EL Config]: metadata: 2026-01-31 23:21:19.502--ServerSession(1157856790)--Thread(Thread[#1,main,5,main])--The target entity (reference) class for the one to one mapping element [field prontuario] is being defaulted to: class com.ifpe.clinica.domain.Prontuario.
[EL Config]: metadata: 2026-01-31 23:21:19.502--ServerSession(1157856790)--Thread(Thread[#1,main,5,main])--The target entity (reference) class for the one to one mapping element [field endereco] is being defaulted to: class com.ifpe.clinica.domain.Endereco.
[EL Config]: metadata: 2026-01-31 23:21:19.502--ServerSession(1157856790)--Thread(Thread[#1,main,5,main])--The target entity (reference) class for the one to many mapping element [field consultas] is being defaulted to: class com.ifpe.clinica.domain.Consulta.
[EL Config]: metadata: 2026-01-31 23:21:19.502--ServerSession(1157856790)--Thread(Thread[#1,main,5,main])--The access type for the persistent class [class com.ifpe.clinica.domain.Medicamento] is set to [FIELD].
[EL Config]: metadata: 2026-01-31 23:21:19.502--ServerSession(1157856790)--Thread(Thread[#1,main,5,main])--The target entity (reference) class for the many to one mapping element [field prontuario] is being defaulted to: class com.ifpe.clinica.domain.Prontuario.
[EL Config]: metadata: 2026-01-31 23:21:19.502--ServerSession(1157856790)--Thread(Thread[#1,main,5,main])--The access type for the persistent class [class com.ifpe.clinica.domain.Endereco] is set to [FIELD].
[EL Config]: metadata: 2026-01-31 23:21:19.502--ServerSession(1157856790)--Thread(Thread[#1,main,5,main])--The target entity (reference) class for the one to one mapping element [field paciente] is being defaulted to: class com.ifpe.clinica.domain.Paciente.
[EL Config]: metadata: 2026-01-31 23:21:19.502--ServerSession(1157856790)--Thread(Thread[#1,main,5,main])--The access type for the persistent class [class com.ifpe.clinica.domain.Contato] is set to [FIELD].
[EL Config]: metadata: 2026-01-31 23:21:19.502--ServerSession(1157856790)--Thread(Thread[#1,main,5,main])--The alias name for the entity class [class com.ifpe.clinica.domain.Exame] is being defaulted to: Exame.
[EL Config]: metadata: 2026-01-31 23:21:19.502--ServerSession(1157856790)--Thread(Thread[#1,main,5,main])--The alias name for the entity class [class com.ifpe.clinica.domain.Pessoa] is being defaulted to: Pessoa.
[EL Config]: metadata: 2026-01-31 23:21:19.502--ServerSession(1157856790)--Thread(Thread[#1,main,5,main])--The alias name for the entity class [class com.ifpe.clinica.domain.Consulta] is being defaulted to: Consulta.
[EL Config]: metadata: 2026-01-31 23:21:19.503--ServerSession(1157856790)--Thread(Thread[#1,main,5,main])--The alias name for the entity class [class com.ifpe.clinica.domain.Prontuario] is being defaulted to: Prontuario.
[EL Config]: metadata: 2026-01-31 23:21:19.503--ServerSession(1157856790)--Thread(Thread[#1,main,5,main])--The alias name for the entity class [class com.ifpe.clinica.domain.FotoPaciente] is being defaulted to: FotoPaciente.
[EL Config]: metadata: 2026-01-31 23:21:19.503--ServerSession(1157856790)--Thread(Thread[#1,main,5,main])--The alias name for the entity class [class com.ifpe.clinica.domain.ContatoPaciente] is being defaulted to: ContatoPaciente.
[EL Config]: metadata: 2026-01-31 23:21:19.503--ServerSession(1157856790)--Thread(Thread[#1,main,5,main])--The alias name for the entity class [class com.ifpe.clinica.domain.Convenio] is being defaulted to: Convenio.
[EL Config]: metadata: 2026-01-31 23:21:19.503--ServerSession(1157856790)--Thread(Thread[#1,main,5,main])--The alias name for the entity class [class com.ifpe.clinica.domain.Pagamento] is being defaulted to: Pagamento.
[EL Config]: metadata: 2026-01-31 23:21:19.503--ServerSession(1157856790)--Thread(Thread[#1,main,5,main])--The alias name for the entity class [class com.ifpe.clinica.domain.Medico] is being defaulted to: Medico.
[EL Config]: metadata: 2026-01-31 23:21:19.503--ServerSession(1157856790)--Thread(Thread[#1,main,5,main])--The alias name for the entity class [class com.ifpe.clinica.domain.Paciente] is being defaulted to: Paciente.
[EL Config]: metadata: 2026-01-31 23:21:19.503--ServerSession(1157856790)--Thread(Thread[#1,main,5,main])--The alias name for the entity class [class com.ifpe.clinica.domain.Medicamento] is being defaulted to: Medicamento.
[EL Config]: metadata: 2026-01-31 23:21:19.503--ServerSession(1157856790)--Thread(Thread[#1,main,5,main])--The alias name for the entity class [class com.ifpe.clinica.domain.Endereco] is being defaulted to: Endereco.
[EL Config]: metadata: 2026-01-31 23:21:19.504--ServerSession(1157856790)--Thread(Thread[#1,main,5,main])--The primary key column name for the mapping element [field paciente] is being defaulted to: ID_PESSOA.
[EL Config]: metadata: 2026-01-31 23:21:19.504--ServerSession(1157856790)--Thread(Thread[#1,main,5,main])--The primary key column name for the mapping element [field medico] is being defaulted to: ID_PESSOA.
[EL Config]: metadata: 2026-01-31 23:21:19.504--ServerSession(1157856790)--Thread(Thread[#1,main,5,main])--The source primary key column name for the many to many mapping [field exames] is being defaulted to: ID_CONSULTA.
[EL Config]: metadata: 2026-01-31 23:21:19.504--ServerSession(1157856790)--Thread(Thread[#1,main,5,main])--The target primary key column name for the many to many mapping [field exames] is being defaulted to: ID_EXAME.
[EL Config]: metadata: 2026-01-31 23:21:19.504--ServerSession(1157856790)--Thread(Thread[#1,main,5,main])--The primary key column name for the mapping element [field paciente] is being defaulted to: ID_PESSOA.
[EL Config]: metadata: 2026-01-31 23:21:19.504--ServerSession(1157856790)--Thread(Thread[#1,main,5,main])--The primary key column name for the mapping element [field paciente] is being defaulted to: ID_PESSOA.
[EL Config]: metadata: 2026-01-31 23:21:19.504--ServerSession(1157856790)--Thread(Thread[#1,main,5,main])--The primary key column name for the mapping element [field paciente] is being defaulted to: ID_PESSOA.
[EL Config]: metadata: 2026-01-31 23:21:19.504--ServerSession(1157856790)--Thread(Thread[#1,main,5,main])--The primary key column name for the mapping element [field convenio] is being defaulted to: ID_CONVENIO.
[EL Config]: metadata: 2026-01-31 23:21:19.504--ServerSession(1157856790)--Thread(Thread[#1,main,5,main])--The primary key column name for the mapping element [field consulta] is being defaulted to: ID_CONSULTA.
[EL Config]: metadata: 2026-01-31 23:21:19.504--ServerSession(1157856790)--Thread(Thread[#1,main,5,main])--The primary key column name for the mapping element [field endereco] is being defaulted to: ID_ENDERECO.
[EL Config]: metadata: 2026-01-31 23:21:19.504--ServerSession(1157856790)--Thread(Thread[#1,main,5,main])--The primary key column name for the mapping element [field prontuario] is being defaulted to: ID_PRONTUARIO.
[EL Info]: 2026-01-31 23:21:19.506--ServerSession(1157856790)--Thread(Thread[#1,main,5,main])--EclipseLink, version: Eclipse Persistence Services - 4.0.4.v202407190748-059428cdd2583c46f1f3e50d235854840a6fa9a7
[EL Fine]: connection: 2026-01-31 23:21:19.506--ServerSession(1157856790)--Connection(215694469)--Thread(Thread[#1,main,5,main])--connecting(DatabaseLogin(
	platform=>DerbyPlatform
	user name=> "clinica"
	datasource URL=> "jdbc:derby://localhost:1527/clinica;create=true"
))
[EL Config]: connection: 2026-01-31 23:21:19.508--ServerSession(1157856790)--Connection(929066990)--Thread(Thread[#1,main,5,main])--Connected: jdbc:derby://localhost:1527/clinica;create=true
	User: clinica
	Database: Apache Derby  Version: 10.16.1.1 - (1901046)
	Driver: Apache Derby Network Client JDBC Driver  Version: 10.16.1.1 - (1901046)
[EL Warning]: metadata: 2026-01-31 23:21:19.508--ServerSession(1157856790)--Thread(Thread[#1,main,5,main])--Reverting the lazy setting on the OneToOne or ManyToOne attribute [convenio] for the entity class [class com.ifpe.clinica.domain.Pagamento] since weaving was not enabled or did not occur.
[EL Warning]: metadata: 2026-01-31 23:21:19.508--ServerSession(1157856790)--Thread(Thread[#1,main,5,main])--Reverting the lazy setting on the OneToOne or ManyToOne attribute [consulta] for the entity class [class com.ifpe.clinica.domain.Pagamento] since weaving was not enabled or did not occur.
[EL Warning]: metadata: 2026-01-31 23:21:19.508--ServerSession(1157856790)--Thread(Thread[#1,main,5,main])--Reverting the lazy setting on the OneToOne or ManyToOne attribute [prontuario] for the entity class [class com.ifpe.clinica.domain.Medicamento] since weaving was not enabled or did not occur.
[EL Warning]: metadata: 2026-01-31 23:21:19.508--ServerSession(1157856790)--Thread(Thread[#1,main,5,main])--Reverting the lazy setting on the OneToOne or ManyToOne attribute [paciente] for the entity class [class com.ifpe.clinica.domain.Consulta] since weaving was not enabled or did not occur.
[EL Warning]: metadata: 2026-01-31 23:21:19.508--ServerSession(1157856790)--Thread(Thread[#1,main,5,main])--Reverting the lazy setting on the OneToOne or ManyToOne attribute [medico] for the entity class [class com.ifpe.clinica.domain.Consulta] since weaving was not enabled or did not occur.
[EL Warning]: metadata: 2026-01-31 23:21:19.508--ServerSession(1157856790)--Thread(Thread[#1,main,5,main])--Reverting the lazy setting on the OneToOne or ManyToOne attribute [paciente] for the entity class [class com.ifpe.clinica.domain.ContatoPaciente] since weaving was not enabled or did not occur.
[EL Warning]: metadata: 2026-01-31 23:21:19.508--ServerSession(1157856790)--Thread(Thread[#1,main,5,main])--Reverting the lazy setting on the OneToOne or ManyToOne attribute [paciente] for the entity class [class com.ifpe.clinica.domain.Prontuario] since weaving was not enabled or did not occur.
[EL Warning]: metadata: 2026-01-31 23:21:19.508--ServerSession(1157856790)--Thread(Thread[#1,main,5,main])--Reverting the lazy setting on the OneToOne or ManyToOne attribute [paciente] for the entity class [class com.ifpe.clinica.domain.FotoPaciente] since weaving was not enabled or did not occur.
[EL Warning]: metadata: 2026-01-31 23:21:19.508--ServerSession(1157856790)--Thread(Thread[#1,main,5,main])--Reverting the lazy setting on the OneToOne or ManyToOne attribute [paciente] for the entity class [class com.ifpe.clinica.domain.Endereco] since weaving was not enabled or did not occur.
[EL Warning]: metadata: 2026-01-31 23:21:19.508--ServerSession(1157856790)--Thread(Thread[#1,main,5,main])--Reverting the lazy setting on the OneToOne or ManyToOne attribute [endereco] for the entity class [class com.ifpe.clinica.domain.Paciente] since weaving was not enabled or did not occur.
[EL Warning]: metadata: 2026-01-31 23:21:19.508--ServerSession(1157856790)--Thread(Thread[#1,main,5,main])--Reverting the lazy setting on the OneToOne or ManyToOne attribute [prontuario] for the entity class [class com.ifpe.clinica.domain.Paciente] since weaving was not enabled or did not occur.
[EL Fine]: connection: 2026-01-31 23:21:19.51--ServerSession(1157856790)--Thread(Thread[#1,main,5,main])--/file:/home/tassio/NetBeansProjects/clinica/target/classes/_clinicaPU login successful
[EL Fine]: sql: 2026-01-31 23:21:19.511--ServerSession(1157856790)--Connection(929066990)--Thread(Thread[#1,main,5,main])--ALTER TABLE TB_PRONTUARIO DROP CONSTRAINT TBPRNTUARIOPCNTEID
[EL Fine]: sql: 2026-01-31 23:21:19.525--ServerSession(1157856790)--Connection(929066990)--Thread(Thread[#1,main,5,main])--ALTER TABLE TB_CONTATO_PACIENTE DROP CONSTRAINT TBCNTTPCIENTEPCNTD
[EL Fine]: sql: 2026-01-31 23:21:19.53--ServerSession(1157856790)--Connection(929066990)--Thread(Thread[#1,main,5,main])--ALTER TABLE TB_PAGAMENTO DROP CONSTRAINT TBPGAMENTOCNVNIOID
[EL Fine]: sql: 2026-01-31 23:21:19.535--ServerSession(1157856790)--Connection(929066990)--Thread(Thread[#1,main,5,main])--ALTER TABLE TB_PAGAMENTO DROP CONSTRAINT TBPGAMENTOCNSLTAID
[EL Fine]: sql: 2026-01-31 23:21:19.537--ServerSession(1157856790)--Connection(929066990)--Thread(Thread[#1,main,5,main])--ALTER TABLE TB_MEDICAMENTO DROP CONSTRAINT TBMDCMENTOPRNTROID
[EL Fine]: sql: 2026-01-31 23:21:19.542--ServerSession(1157856790)--Connection(929066990)--Thread(Thread[#1,main,5,main])--ALTER TABLE TB_CONSULTA DROP CONSTRAINT TBCONSULTAMEDICOID
[EL Fine]: sql: 2026-01-31 23:21:19.548--ServerSession(1157856790)--Connection(929066990)--Thread(Thread[#1,main,5,main])--ALTER TABLE TB_CONSULTA DROP CONSTRAINT TBCNSULTAPCIENTEID
[EL Fine]: sql: 2026-01-31 23:21:19.553--ServerSession(1157856790)--Connection(929066990)--Thread(Thread[#1,main,5,main])--ALTER TABLE TB_FOTO_PACIENTE DROP CONSTRAINT TBFTPCIENTEPCNTEID
[EL Fine]: sql: 2026-01-31 23:21:19.557--ServerSession(1157856790)--Connection(929066990)--Thread(Thread[#1,main,5,main])--ALTER TABLE TB_MEDICO DROP CONSTRAINT TB_MEDICOID_PESSOA
[EL Fine]: sql: 2026-01-31 23:21:19.559--ServerSession(1157856790)--Connection(929066990)--Thread(Thread[#1,main,5,main])--ALTER TABLE TB_PACIENTE DROP CONSTRAINT TBPCIENTENDERECOID
[EL Fine]: sql: 2026-01-31 23:21:19.563--ServerSession(1157856790)--Connection(929066990)--Thread(Thread[#1,main,5,main])--ALTER TABLE TB_PACIENTE DROP CONSTRAINT TBPACIENTEIDPESSOA
[EL Fine]: sql: 2026-01-31 23:21:19.565--ServerSession(1157856790)--Connection(929066990)--Thread(Thread[#1,main,5,main])--ALTER TABLE TB_EXAME_ANEXOS DROP CONSTRAINT TBXAMEANEXOSXAMEID
[EL Fine]: sql: 2026-01-31 23:21:19.569--ServerSession(1157856790)--Connection(929066990)--Thread(Thread[#1,main,5,main])--ALTER TABLE TB_CONSULTA_EXAME DROP CONSTRAINT TBCNSLTEXAMECNSLTD
[EL Fine]: sql: 2026-01-31 23:21:19.574--ServerSession(1157856790)--Connection(929066990)--Thread(Thread[#1,main,5,main])--ALTER TABLE TB_CONSULTA_EXAME DROP CONSTRAINT TBCNSULTAEXAMEXMID
[EL Fine]: sql: 2026-01-31 23:21:19.58--ServerSession(1157856790)--Connection(929066990)--Thread(Thread[#1,main,5,main])--DROP TABLE TB_PRONTUARIO
[EL Fine]: sql: 2026-01-31 23:21:19.589--ServerSession(1157856790)--Connection(929066990)--Thread(Thread[#1,main,5,main])--DROP TABLE TB_CONTATO_PACIENTE
[EL Fine]: sql: 2026-01-31 23:21:19.596--ServerSession(1157856790)--Connection(929066990)--Thread(Thread[#1,main,5,main])--DROP TABLE TB_PAGAMENTO
[EL Fine]: sql: 2026-01-31 23:21:19.607--ServerSession(1157856790)--Connection(929066990)--Thread(Thread[#1,main,5,main])--DROP TABLE TB_MEDICAMENTO
[EL Fine]: sql: 2026-01-31 23:21:19.616--ServerSession(1157856790)--Connection(929066990)--Thread(Thread[#1,main,5,main])--DROP TABLE TB_EXAME
[EL Fine]: sql: 2026-01-31 23:21:19.624--ServerSession(1157856790)--Connection(929066990)--Thread(Thread[#1,main,5,main])--DROP TABLE TB_PESSOA
[EL Fine]: sql: 2026-01-31 23:21:19.632--ServerSession(1157856790)--Connection(929066990)--Thread(Thread[#1,main,5,main])--DROP TABLE TB_CONSULTA
[EL Fine]: sql: 2026-01-31 23:21:19.639--ServerSession(1157856790)--Connection(929066990)--Thread(Thread[#1,main,5,main])--DROP TABLE TB_FOTO_PACIENTE
[EL Fine]: sql: 2026-01-31 23:21:19.646--ServerSession(1157856790)--Connection(929066990)--Thread(Thread[#1,main,5,main])--DROP TABLE TB_CONVENIO
[EL Fine]: sql: 2026-01-31 23:21:19.654--ServerSession(1157856790)--Connection(929066990)--Thread(Thread[#1,main,5,main])--DROP TABLE TB_MEDICO
[EL Fine]: sql: 2026-01-31 23:21:19.668--ServerSession(1157856790)--Connection(929066990)--Thread(Thread[#1,main,5,main])--DROP TABLE TB_PACIENTE
[EL Fine]: sql: 2026-01-31 23:21:19.681--ServerSession(1157856790)--Connection(929066990)--Thread(Thread[#1,main,5,main])--DROP TABLE TB_ENDERECO
[EL Fine]: sql: 2026-01-31 23:21:19.691--ServerSession(1157856790)--Connection(929066990)--Thread(Thread[#1,main,5,main])--DROP TABLE TB_EXAME_ANEXOS
[EL Fine]: sql: 2026-01-31 23:21:19.695--ServerSession(1157856790)--Connection(929066990)--Thread(Thread[#1,main,5,main])--DROP TABLE TB_CONSULTA_EXAME
[EL Fine]: sql: 2026-01-31 23:21:19.706--ServerSession(1157856790)--Connection(929066990)--Thread(Thread[#1,main,5,main])--CREATE TABLE TB_PRONTUARIO (ID_PRONTUARIO BIGINT GENERATED BY DEFAULT AS IDENTITY NOT NULL, TXT_DESCRICAO VARCHAR(500) NOT NULL, PACIENTE_ID BIGINT, PRIMARY KEY (ID_PRONTUARIO))
[EL Fine]: sql: 2026-01-31 23:21:19.717--ServerSession(1157856790)--Connection(929066990)--Thread(Thread[#1,main,5,main])--CREATE TABLE TB_CONTATO_PACIENTE (ID_CONTATO BIGINT GENERATED BY DEFAULT AS IDENTITY NOT NULL, TXT_OBSERVACOES VARCHAR(500), TXT_CELULAR VARCHAR(20), TXT_EMAIL VARCHAR(100), TXT_TELEFONE VARCHAR(20), TXT_TELEFONE_EMERGENCIA VARCHAR(20), PACIENTE_ID BIGINT, PRIMARY KEY (ID_CONTATO))
[EL Fine]: sql: 2026-01-31 23:21:19.726--ServerSession(1157856790)--Connection(929066990)--Thread(Thread[#1,main,5,main])--CREATE TABLE TB_PAGAMENTO (ID_PAGAMENTO BIGINT GENERATED BY DEFAULT AS IDENTITY NOT NULL, VALOR_ACRESCIMO DECIMAL(10,2), TXT_CODIGO_TRANSACAO VARCHAR(100), DT_GERACAO TIMESTAMP NOT NULL, DT_PAGAMENTO TIMESTAMP, VALOR_DESCONTO DECIMAL(10,2), FORMA_PAGAMENTO VARCHAR(255) NOT NULL, TXT_OBSERVACOES VARCHAR(500), STATUS_PAGAMENTO VARCHAR(255) NOT NULL, VALOR_PAGO DECIMAL(10,2), VALOR_TOTAL DECIMAL(10,2) NOT NULL, CONVENIO_ID BIGINT, CONSULTA_ID BIGINT NOT NULL UNIQUE, PRIMARY KEY (ID_PAGAMENTO))
[EL Fine]: sql: 2026-01-31 23:21:19.739--ServerSession(1157856790)--Connection(929066990)--Thread(Thread[#1,main,5,main])--CREATE TABLE TB_MEDICAMENTO (ID_MEDICAMENTO BIGINT GENERATED BY DEFAULT AS IDENTITY NOT NULL, TXT_DOSE VARCHAR(50) NOT NULL, TXT_NOME VARCHAR(255) NOT NULL, PRONTUARIO_ID BIGINT, PRIMARY KEY (ID_MEDICAMENTO))
[EL Fine]: sql: 2026-01-31 23:21:19.748--ServerSession(1157856790)--Connection(929066990)--Thread(Thread[#1,main,5,main])--CREATE TABLE TB_EXAME (ID_EXAME BIGINT GENERATED BY DEFAULT AS IDENTITY NOT NULL, TXT_NOME VARCHAR(255) NOT NULL, PRIMARY KEY (ID_EXAME))
[EL Fine]: sql: 2026-01-31 23:21:19.76--ServerSession(1157856790)--Connection(929066990)--Thread(Thread[#1,main,5,main])--CREATE TABLE TB_PESSOA (ID_PESSOA BIGINT GENERATED BY DEFAULT AS IDENTITY NOT NULL, TIPO_PESSOA VARCHAR(31), TXT_NOME VARCHAR(255), PRIMARY KEY (ID_PESSOA))
[EL Fine]: sql: 2026-01-31 23:21:19.771--ServerSession(1157856790)--Connection(929066990)--Thread(Thread[#1,main,5,main])--CREATE TABLE TB_CONSULTA (ID_CONSULTA BIGINT GENERATED BY DEFAULT AS IDENTITY NOT NULL, DT_CONSULTA TIMESTAMP NOT NULL, MEDICO_ID BIGINT, PACIENTE_ID BIGINT, PRIMARY KEY (ID_CONSULTA))
[EL Fine]: sql: 2026-01-31 23:21:19.78--ServerSession(1157856790)--Connection(929066990)--Thread(Thread[#1,main,5,main])--CREATE TABLE TB_FOTO_PACIENTE (ID_FOTO BIGINT GENERATED BY DEFAULT AS IDENTITY NOT NULL, TXT_CATEGORIA VARCHAR(30), DT_UPLOAD TIMESTAMP, TXT_DESCRICAO VARCHAR(500), BIN_IMAGEM BLOB(2147483647), TXT_TAMANHO BIGINT, TXT_TIPO_IMAGEM VARCHAR(50), TXT_TITULO VARCHAR(100), PACIENTE_ID BIGINT NOT NULL, PRIMARY KEY (ID_FOTO))
[EL Fine]: sql: 2026-01-31 23:21:19.789--ServerSession(1157856790)--Connection(929066990)--Thread(Thread[#1,main,5,main])--CREATE TABLE TB_CONVENIO (ID_CONVENIO BIGINT GENERATED BY DEFAULT AS IDENTITY NOT NULL, NR_CARENCIA_DIAS INTEGER, TXT_NOME VARCHAR(255) NOT NULL, TIPO_CONVENIO VARCHAR(255) NOT NULL, PRIMARY KEY (ID_CONVENIO))
[EL Fine]: sql: 2026-01-31 23:21:19.798--ServerSession(1157856790)--Connection(929066990)--Thread(Thread[#1,main,5,main])--CREATE TABLE TB_MEDICO (ID_PESSOA BIGINT NOT NULL, TXT_CRM VARCHAR(20) NOT NULL UNIQUE, TXT_ESPECIALIDADE VARCHAR(255), PRIMARY KEY (ID_PESSOA))
[EL Fine]: sql: 2026-01-31 23:21:19.811--ServerSession(1157856790)--Connection(929066990)--Thread(Thread[#1,main,5,main])--CREATE TABLE TB_PACIENTE (ID_PESSOA BIGINT NOT NULL, TXT_CPF VARCHAR(11) NOT NULL UNIQUE, ENDERECO_ID BIGINT, PRIMARY KEY (ID_PESSOA))
[EL Fine]: sql: 2026-01-31 23:21:19.824--ServerSession(1157856790)--Connection(929066990)--Thread(Thread[#1,main,5,main])--CREATE TABLE TB_ENDERECO (ID_ENDERECO BIGINT GENERATED BY DEFAULT AS IDENTITY NOT NULL, TXT_CIDADE VARCHAR(100) NOT NULL, TXT_ESTADO VARCHAR(2) NOT NULL, TXT_RUA VARCHAR(255) NOT NULL, PRIMARY KEY (ID_ENDERECO))
[EL Fine]: sql: 2026-01-31 23:21:19.835--ServerSession(1157856790)--Connection(929066990)--Thread(Thread[#1,main,5,main])--CREATE TABLE TB_EXAME_ANEXOS (EXAME_ID BIGINT, TXT_URL_ANEXO VARCHAR(512) NOT NULL)
[EL Fine]: sql: 2026-01-31 23:21:19.839--ServerSession(1157856790)--Connection(929066990)--Thread(Thread[#1,main,5,main])--CREATE TABLE TB_CONSULTA_EXAME (EXAME_ID BIGINT NOT NULL, CONSULTA_ID BIGINT NOT NULL, PRIMARY KEY (EXAME_ID, CONSULTA_ID))
[EL Fine]: sql: 2026-01-31 23:21:19.851--ServerSession(1157856790)--Connection(929066990)--Thread(Thread[#1,main,5,main])--ALTER TABLE TB_PRONTUARIO ADD CONSTRAINT TBPRNTUARIOPCNTEID FOREIGN KEY (PACIENTE_ID) REFERENCES TB_PESSOA (ID_PESSOA)
[EL Fine]: sql: 2026-01-31 23:21:19.857--ServerSession(1157856790)--Connection(929066990)--Thread(Thread[#1,main,5,main])--ALTER TABLE TB_CONTATO_PACIENTE ADD CONSTRAINT TBCNTTPCIENTEPCNTD FOREIGN KEY (PACIENTE_ID) REFERENCES TB_PESSOA (ID_PESSOA)
[EL Fine]: sql: 2026-01-31 23:21:19.863--ServerSession(1157856790)--Connection(929066990)--Thread(Thread[#1,main,5,main])--ALTER TABLE TB_PAGAMENTO ADD CONSTRAINT TBPGAMENTOCNVNIOID FOREIGN KEY (CONVENIO_ID) REFERENCES TB_CONVENIO (ID_CONVENIO)
[EL Fine]: sql: 2026-01-31 23:21:19.868--ServerSession(1157856790)--Connection(929066990)--Thread(Thread[#1,main,5,main])--ALTER TABLE TB_PAGAMENTO ADD CONSTRAINT TBPGAMENTOCNSLTAID FOREIGN KEY (CONSULTA_ID) REFERENCES TB_CONSULTA (ID_CONSULTA)
[EL Fine]: sql: 2026-01-31 23:21:19.87--ServerSession(1157856790)--Connection(929066990)--Thread(Thread[#1,main,5,main])--ALTER TABLE TB_MEDICAMENTO ADD CONSTRAINT TBMDCMENTOPRNTROID FOREIGN KEY (PRONTUARIO_ID) REFERENCES TB_PRONTUARIO (ID_PRONTUARIO)
[EL Fine]: sql: 2026-01-31 23:21:19.876--ServerSession(1157856790)--Connection(929066990)--Thread(Thread[#1,main,5,main])--ALTER TABLE TB_CONSULTA ADD CONSTRAINT TBCONSULTAMEDICOID FOREIGN KEY (MEDICO_ID) REFERENCES TB_PESSOA (ID_PESSOA)
[EL Fine]: sql: 2026-01-31 23:21:19.882--ServerSession(1157856790)--Connection(929066990)--Thread(Thread[#1,main,5,main])--ALTER TABLE TB_CONSULTA ADD CONSTRAINT TBCNSULTAPCIENTEID FOREIGN KEY (PACIENTE_ID) REFERENCES TB_PESSOA (ID_PESSOA)
[EL Fine]: sql: 2026-01-31 23:21:19.888--ServerSession(1157856790)--Connection(929066990)--Thread(Thread[#1,main,5,main])--ALTER TABLE TB_FOTO_PACIENTE ADD CONSTRAINT TBFTPCIENTEPCNTEID FOREIGN KEY (PACIENTE_ID) REFERENCES TB_PESSOA (ID_PESSOA)
[EL Fine]: sql: 2026-01-31 23:21:19.894--ServerSession(1157856790)--Connection(929066990)--Thread(Thread[#1,main,5,main])--ALTER TABLE TB_MEDICO ADD CONSTRAINT TB_MEDICOID_PESSOA FOREIGN KEY (ID_PESSOA) REFERENCES TB_PESSOA (ID_PESSOA)
[EL Fine]: sql: 2026-01-31 23:21:19.895--ServerSession(1157856790)--Connection(929066990)--Thread(Thread[#1,main,5,main])--ALTER TABLE TB_PACIENTE ADD CONSTRAINT TBPCIENTENDERECOID FOREIGN KEY (ENDERECO_ID) REFERENCES TB_ENDERECO (ID_ENDERECO)
[EL Fine]: sql: 2026-01-31 23:21:19.901--ServerSession(1157856790)--Connection(929066990)--Thread(Thread[#1,main,5,main])--ALTER TABLE TB_PACIENTE ADD CONSTRAINT TBPACIENTEIDPESSOA FOREIGN KEY (ID_PESSOA) REFERENCES TB_PESSOA (ID_PESSOA)
[EL Fine]: sql: 2026-01-31 23:21:19.903--ServerSession(1157856790)--Connection(929066990)--Thread(Thread[#1,main,5,main])--ALTER TABLE TB_EXAME_ANEXOS ADD CONSTRAINT TBXAMEANEXOSXAMEID FOREIGN KEY (EXAME_ID) REFERENCES TB_EXAME (ID_EXAME)
[EL Fine]: sql: 2026-01-31 23:21:19.908--ServerSession(1157856790)--Connection(929066990)--Thread(Thread[#1,main,5,main])--ALTER TABLE TB_CONSULTA_EXAME ADD CONSTRAINT TBCNSLTEXAMECNSLTD FOREIGN KEY (CONSULTA_ID) REFERENCES TB_CONSULTA (ID_CONSULTA)
[EL Fine]: sql: 2026-01-31 23:21:19.915--ServerSession(1157856790)--Connection(929066990)--Thread(Thread[#1,main,5,main])--ALTER TABLE TB_CONSULTA_EXAME ADD CONSTRAINT TBCNSULTAEXAMEXMID FOREIGN KEY (EXAME_ID) REFERENCES TB_EXAME (ID_EXAME)
[EL Fine]: sql: 2026-01-31 23:21:20.061--ClientSession(1957175487)--Connection(929066990)--Thread(Thread[#1,main,5,main])--INSERT INTO TB_PESSOA (TXT_NOME, TIPO_PESSOA) VALUES (?, ?)
	bind => [Dr. Roberto, MEDICO]
[EL Fine]: sql: 2026-01-31 23:21:20.063--ClientSession(1957175487)--Connection(929066990)--Thread(Thread[#1,main,5,main])--INSERT INTO TB_MEDICO (TXT_CRM, TXT_ESPECIALIDADE, ID_PESSOA) VALUES (?, ?, ?)
	bind => [CRM789, PEDIATRA, 9]
]]></system-out>
  </testcase>
  <testcase name="testAtualizaMedicoMerge" classname="domain.MedicoTest" time="0.008">
    <system-out><![CDATA[[EL Fine]: sql: 2026-01-31 23:21:20.067--ServerSession(1157856790)--Connection(929066990)--Thread(Thread[#1,main,5,main])--SELECT t0.ID_PESSOA, t0.TIPO_PESSOA, t0.TXT_NOME, t1.ID_PESSOA, t1.TXT_CRM, t1.TXT_ESPECIALIDADE FROM TB_PESSOA t0, TB_MEDICO t1 WHERE ((t0.TXT_NOME = ?) AND ((t1.ID_PESSOA = t0.ID_PESSOA) AND (t0.TIPO_PESSOA = ?)))
	bind => [Dr. Elton, MEDICO]
[EL Fine]: sql: 2026-01-31 23:21:20.069--ClientSession(312233241)--Connection(929066990)--Thread(Thread[#1,main,5,main])--UPDATE TB_PESSOA SET TXT_NOME = ? WHERE (ID_PESSOA = ?)
	bind => [Dr. Paulo, 6]
[EL Fine]: sql: 2026-01-31 23:21:20.071--ClientSession(312233241)--Connection(929066990)--Thread(Thread[#1,main,5,main])--SELECT t0.ID_PESSOA, t0.TIPO_PESSOA, t0.TXT_NOME, t1.ID_PESSOA, t1.TXT_CRM, t1.TXT_ESPECIALIDADE FROM TB_PESSOA t0, TB_MEDICO t1 WHERE ((t0.TXT_NOME = ?) AND ((t1.ID_PESSOA = t0.ID_PESSOA) AND (t0.TIPO_PESSOA = ?)))
	bind => [Dr. Elton, MEDICO]
[EL Fine]: sql: 2026-01-31 23:21:20.072--ClientSession(312233241)--Connection(929066990)--Thread(Thread[#1,main,5,main])--SELECT t0.ID_PESSOA, t0.TIPO_PESSOA, t0.TXT_NOME, t1.ID_PESSOA, t1.TXT_CRM, t1.TXT_ESPECIALIDADE FROM TB_PESSOA t0, TB_MEDICO t1 WHERE ((t0.TXT_NOME = ?) AND ((t1.ID_PESSOA = t0.ID_PESSOA) AND (t0.TIPO_PESSOA = ?)))
	bind => [Dr. Paulo, MEDICO]
]]></system-out>
  </testcase>
  <testcase name="testFindById" classname="domain.MedicoTest" time="0.003">
    <system-out><![CDATA[[EL Fine]: sql: 2026-01-31 23:21:20.074--ServerSession(1157856790)--Connection(929066990)--Thread(Thread[#1,main,5,main])--SELECT t0.ID_PESSOA, t0.TIPO_PESSOA, t0.TXT_NOME, t1.ID_PESSOA, t1.TXT_CRM, t1.TXT_ESPECIALIDADE FROM TB_PESSOA t0, TB_MEDICO t1 WHERE ((t0.ID_PESSOA = ?) AND ((t1.ID_PESSOA = t0.ID_PESSOA) AND (t0.TIPO_PESSOA = ?)))
	bind => [4, MEDICO]
]]></system-out>
  </testcase>
  <testcase name="tesRemoverMedico" classname="domain.MedicoTest" time="0.007">
    <system-out><![CDATA[[EL Fine]: sql: 2026-01-31 23:21:20.077--ServerSession(1157856790)--Connection(929066990)--Thread(Thread[#1,main,5,main])--SELECT t0.ID_PESSOA, t0.TIPO_PESSOA, t0.TXT_NOME, t1.ID_PESSOA, t1.TXT_CRM, t1.TXT_ESPECIALIDADE FROM TB_PESSOA t0, TB_MEDICO t1 WHERE ((t0.TXT_NOME = ?) AND ((t1.ID_PESSOA = t0.ID_PESSOA) AND (t0.TIPO_PESSOA = ?)))
	bind => [Dr. Johnes, MEDICO]
[EL Fine]: sql: 2026-01-31 23:21:20.078--ServerSession(1157856790)--Connection(929066990)--Thread(Thread[#1,main,5,main])--SELECT ID_CONSULTA, DT_CONSULTA, MEDICO_ID, PACIENTE_ID FROM TB_CONSULTA WHERE (MEDICO_ID = ?)
	bind => [7]
[EL Fine]: sql: 2026-01-31 23:21:20.08--ClientSession(2125625192)--Connection(929066990)--Thread(Thread[#1,main,5,main])--DELETE FROM TB_MEDICO WHERE (ID_PESSOA = ?)
	bind => [7]
[EL Fine]: sql: 2026-01-31 23:21:20.081--ClientSession(2125625192)--Connection(929066990)--Thread(Thread[#1,main,5,main])--DELETE FROM TB_PESSOA WHERE (ID_PESSOA = ?)
	bind => [7]
[EL Fine]: sql: 2026-01-31 23:21:20.082--ClientSession(2125625192)--Connection(929066990)--Thread(Thread[#1,main,5,main])--SELECT t0.ID_PESSOA, t0.TIPO_PESSOA, t0.TXT_NOME, t1.ID_PESSOA, t1.TXT_CRM, t1.TXT_ESPECIALIDADE FROM TB_PESSOA t0, TB_MEDICO t1 WHERE ((t0.TXT_NOME = ?) AND ((t1.ID_PESSOA = t0.ID_PESSOA) AND (t0.TIPO_PESSOA = ?)))
	bind => [Dr. Johnes, MEDICO]
]]></system-out>
  </testcase>
  <testcase name="testAtualizarMedico" classname="domain.MedicoTest" time="0.005">
    <system-out><![CDATA[[EL Fine]: sql: 2026-01-31 23:21:20.085--ServerSession(1157856790)--Connection(929066990)--Thread(Thread[#1,main,5,main])--SELECT t0.ID_PESSOA, t0.TIPO_PESSOA, t0.TXT_NOME, t1.ID_PESSOA, t1.TXT_CRM, t1.TXT_ESPECIALIDADE FROM TB_PESSOA t0, TB_MEDICO t1 WHERE ((t0.TXT_NOME = ?) AND ((t1.ID_PESSOA = t0.ID_PESSOA) AND (t0.TIPO_PESSOA = ?)))
	bind => [Dra. Ana, MEDICO]
[EL Fine]: sql: 2026-01-31 23:21:20.086--ClientSession(2000793115)--Connection(929066990)--Thread(Thread[#1,main,5,main])--UPDATE TB_PESSOA SET TXT_NOME = ? WHERE (ID_PESSOA = ?)
	bind => [Dra. Grazi, 5]
[EL Fine]: sql: 2026-01-31 23:21:20.086--ClientSession(2000793115)--Connection(929066990)--Thread(Thread[#1,main,5,main])--UPDATE TB_MEDICO SET TXT_ESPECIALIDADE = ? WHERE (ID_PESSOA = ?)
	bind => [ORTOPEDISTA, 5]
[EL Fine]: sql: 2026-01-31 23:21:20.088--ClientSession(2000793115)--Connection(929066990)--Thread(Thread[#1,main,5,main])--SELECT t0.ID_PESSOA, t0.TIPO_PESSOA, t0.TXT_NOME, t1.ID_PESSOA, t1.TXT_CRM, t1.TXT_ESPECIALIDADE FROM TB_PESSOA t0, TB_MEDICO t1 WHERE ((t0.TXT_NOME = ?) AND ((t1.ID_PESSOA = t0.ID_PESSOA) AND (t0.TIPO_PESSOA = ?)))
	bind => [Dra. Grazi, MEDICO]
]]></system-out>
  </testcase>
</testsuite>