<?xml version="1.0" encoding="UTF-8"?>
<testsuite xmlns:xsi="http://www.w3.org/2001/XMLSchema-instance" xsi:noNamespaceSchemaLocation="https://maven.apache.org/surefire/maven-surefire-plugin/xsd/surefire-test-report-3.0.xsd" version="3.0" name="domain.ExameTest" time="0.612" tests="5" errors="0" skipped="0" failures="0">
  <properties>
[...]
</properties>
  <testcase name="testPersist" classname="domain.ExameTest" time="0.011">
    <system-out><![CDATA[[EL Fine]: moxy: 2025-12-13 18:40:50.961--Thread(Thread[#1,main,5,main])--SAXParserFactory instance: com.sun.org.apache.xerces.internal.jaxp.SAXParserFactoryImpl@52e04737
[EL Fine]: server: 2025-12-13 18:40:50.964--Thread(Thread[#1,main,5,main])--Configured server platform: org.eclipse.persistence.platform.server.NoServerPlatform
[EL Config]: metadata: 2025-12-13 18:40:50.979--ServerSession(1539827598)--Thread(Thread[#1,main,5,main])--The access type for the persistent class [class com.ifpe.clinica.domain.Exame] is set to [FIELD].
[EL Config]: metadata: 2025-12-13 18:40:50.98--ServerSession(1539827598)--Thread(Thread[#1,main,5,main])--The target class (reference) class for the element collection mapping element [field urlsAnexos] is being defaulted to: class java.lang.String.
[EL Config]: metadata: 2025-12-13 18:40:50.981--ServerSession(1539827598)--Thread(Thread[#1,main,5,main])--The target entity (reference) class for the many to many mapping element [field consultas] is being defaulted to: class com.ifpe.clinica.domain.Consulta.
[EL Config]: metadata: 2025-12-13 18:40:50.982--ServerSession(1539827598)--Thread(Thread[#1,main,5,main])--The access type for the persistent class [class com.ifpe.clinica.domain.Pessoa] is set to [FIELD].
[EL Config]: metadata: 2025-12-13 18:40:50.983--ServerSession(1539827598)--Thread(Thread[#1,main,5,main])--The access type for the persistent class [class com.ifpe.clinica.domain.Consulta] is set to [FIELD].
[EL Config]: metadata: 2025-12-13 18:40:50.984--ServerSession(1539827598)--Thread(Thread[#1,main,5,main])--The target entity (reference) class for the many to one mapping element [field paciente] is being defaulted to: class com.ifpe.clinica.domain.Paciente.
[EL Config]: metadata: 2025-12-13 18:40:50.984--ServerSession(1539827598)--Thread(Thread[#1,main,5,main])--The target entity (reference) class for the many to one mapping element [field medico] is being defaulted to: class com.ifpe.clinica.domain.Medico.
[EL Config]: metadata: 2025-12-13 18:40:50.985--ServerSession(1539827598)--Thread(Thread[#1,main,5,main])--The target entity (reference) class for the many to many mapping element [field exames] is being defaulted to: class com.ifpe.clinica.domain.Exame.
[EL Config]: metadata: 2025-12-13 18:40:50.985--ServerSession(1539827598)--Thread(Thread[#1,main,5,main])--The access type for the persistent class [class com.ifpe.clinica.domain.Prontuario] is set to [FIELD].
[EL Config]: metadata: 2025-12-13 18:40:50.985--ServerSession(1539827598)--Thread(Thread[#1,main,5,main])--The target entity (reference) class for the one to one mapping element [field paciente] is being defaulted to: class com.ifpe.clinica.domain.Paciente.
[EL Config]: metadata: 2025-12-13 18:40:50.985--ServerSession(1539827598)--Thread(Thread[#1,main,5,main])--The target entity (reference) class for the one to many mapping element [field medicamentos] is being defaulted to: class com.ifpe.clinica.domain.Medicamento.
[EL Config]: metadata: 2025-12-13 18:40:50.985--ServerSession(1539827598)--Thread(Thread[#1,main,5,main])--The access type for the persistent class [class com.ifpe.clinica.domain.Medico] is set to [FIELD].
[EL Config]: metadata: 2025-12-13 18:40:50.986--ServerSession(1539827598)--Thread(Thread[#1,main,5,main])--The target entity (reference) class for the one to many mapping element [field consultas] is being defaulted to: class com.ifpe.clinica.domain.Consulta.
[EL Config]: metadata: 2025-12-13 18:40:50.986--ServerSession(1539827598)--Thread(Thread[#1,main,5,main])--The access type for the persistent class [class com.ifpe.clinica.domain.Paciente] is set to [FIELD].
[EL Config]: metadata: 2025-12-13 18:40:50.986--ServerSession(1539827598)--Thread(Thread[#1,main,5,main])--The target entity (reference) class for the one to one mapping element [field prontuario] is being defaulted to: class com.ifpe.clinica.domain.Prontuario.
[EL Config]: metadata: 2025-12-13 18:40:50.986--ServerSession(1539827598)--Thread(Thread[#1,main,5,main])--The target entity (reference) class for the one to one mapping element [field endereco] is being defaulted to: class com.ifpe.clinica.domain.Endereco.
[EL Config]: metadata: 2025-12-13 18:40:50.986--ServerSession(1539827598)--Thread(Thread[#1,main,5,main])--The target entity (reference) class for the one to many mapping element [field consultas] is being defaulted to: class com.ifpe.clinica.domain.Consulta.
[EL Config]: metadata: 2025-12-13 18:40:50.986--ServerSession(1539827598)--Thread(Thread[#1,main,5,main])--The access type for the persistent class [class com.ifpe.clinica.domain.Medicamento] is set to [FIELD].
[EL Config]: metadata: 2025-12-13 18:40:50.987--ServerSession(1539827598)--Thread(Thread[#1,main,5,main])--The target entity (reference) class for the many to one mapping element [field prontuario] is being defaulted to: class com.ifpe.clinica.domain.Prontuario.
[EL Config]: metadata: 2025-12-13 18:40:50.987--ServerSession(1539827598)--Thread(Thread[#1,main,5,main])--The access type for the persistent class [class com.ifpe.clinica.domain.Endereco] is set to [FIELD].
[EL Config]: metadata: 2025-12-13 18:40:50.987--ServerSession(1539827598)--Thread(Thread[#1,main,5,main])--The target entity (reference) class for the one to one mapping element [field paciente] is being defaulted to: class com.ifpe.clinica.domain.Paciente.
[EL Config]: metadata: 2025-12-13 18:40:50.987--ServerSession(1539827598)--Thread(Thread[#1,main,5,main])--The alias name for the entity class [class com.ifpe.clinica.domain.Exame] is being defaulted to: Exame.
[EL Config]: metadata: 2025-12-13 18:40:50.989--ServerSession(1539827598)--Thread(Thread[#1,main,5,main])--The alias name for the entity class [class com.ifpe.clinica.domain.Pessoa] is being defaulted to: Pessoa.
[EL Config]: metadata: 2025-12-13 18:40:50.989--ServerSession(1539827598)--Thread(Thread[#1,main,5,main])--The alias name for the entity class [class com.ifpe.clinica.domain.Consulta] is being defaulted to: Consulta.
[EL Config]: metadata: 2025-12-13 18:40:50.99--ServerSession(1539827598)--Thread(Thread[#1,main,5,main])--The alias name for the entity class [class com.ifpe.clinica.domain.Prontuario] is being defaulted to: Prontuario.
[EL Config]: metadata: 2025-12-13 18:40:50.991--ServerSession(1539827598)--Thread(Thread[#1,main,5,main])--The alias name for the entity class [class com.ifpe.clinica.domain.Medico] is being defaulted to: Medico.
[EL Config]: metadata: 2025-12-13 18:40:50.991--ServerSession(1539827598)--Thread(Thread[#1,main,5,main])--The alias name for the entity class [class com.ifpe.clinica.domain.Paciente] is being defaulted to: Paciente.
[EL Config]: metadata: 2025-12-13 18:40:50.992--ServerSession(1539827598)--Thread(Thread[#1,main,5,main])--The alias name for the entity class [class com.ifpe.clinica.domain.Medicamento] is being defaulted to: Medicamento.
[EL Config]: metadata: 2025-12-13 18:40:50.992--ServerSession(1539827598)--Thread(Thread[#1,main,5,main])--The alias name for the entity class [class com.ifpe.clinica.domain.Endereco] is being defaulted to: Endereco.
[EL Config]: metadata: 2025-12-13 18:40:50.993--ServerSession(1539827598)--Thread(Thread[#1,main,5,main])--The primary key column name for the mapping element [field paciente] is being defaulted to: ID_PESSOA.
[EL Config]: metadata: 2025-12-13 18:40:50.993--ServerSession(1539827598)--Thread(Thread[#1,main,5,main])--The primary key column name for the mapping element [field medico] is being defaulted to: ID_PESSOA.
[EL Config]: metadata: 2025-12-13 18:40:50.993--ServerSession(1539827598)--Thread(Thread[#1,main,5,main])--The source primary key column name for the many to many mapping [field exames] is being defaulted to: ID_CONSULTA.
[EL Config]: metadata: 2025-12-13 18:40:50.994--ServerSession(1539827598)--Thread(Thread[#1,main,5,main])--The target primary key column name for the many to many mapping [field exames] is being defaulted to: ID_EXAME.
[EL Config]: metadata: 2025-12-13 18:40:50.994--ServerSession(1539827598)--Thread(Thread[#1,main,5,main])--The primary key column name for the mapping element [field paciente] is being defaulted to: ID_PESSOA.
[EL Config]: metadata: 2025-12-13 18:40:50.994--ServerSession(1539827598)--Thread(Thread[#1,main,5,main])--The primary key column name for the mapping element [field endereco] is being defaulted to: ID_ENDERECO.
[EL Config]: metadata: 2025-12-13 18:40:50.994--ServerSession(1539827598)--Thread(Thread[#1,main,5,main])--The primary key column name for the mapping element [field prontuario] is being defaulted to: ID_PRONTUARIO.
[EL Info]: 2025-12-13 18:40:50.997--ServerSession(1539827598)--Thread(Thread[#1,main,5,main])--EclipseLink, version: Eclipse Persistence Services - 4.0.4.v202407190748-059428cdd2583c46f1f3e50d235854840a6fa9a7
[EL Fine]: connection: 2025-12-13 18:40:50.997--ServerSession(1539827598)--Connection(672777312)--Thread(Thread[#1,main,5,main])--connecting(DatabaseLogin(
	platform=>DerbyPlatform
	user name=> "clinica"
	datasource URL=> "jdbc:derby://localhost:1527/clinica;create=true"
))
[EL Config]: connection: 2025-12-13 18:40:51.0--ServerSession(1539827598)--Connection(808862230)--Thread(Thread[#1,main,5,main])--Connected: jdbc:derby://localhost:1527/clinica;create=true
	User: clinica
	Database: Apache Derby  Version: 10.16.1.1 - (1901046)
	Driver: Apache Derby Network Client JDBC Driver  Version: 10.16.1.1 - (1901046)
[EL Warning]: metadata: 2025-12-13 18:40:51.001--ServerSession(1539827598)--Thread(Thread[#1,main,5,main])--Reverting the lazy setting on the OneToOne or ManyToOne attribute [endereco] for the entity class [class com.ifpe.clinica.domain.Paciente] since weaving was not enabled or did not occur.
[EL Warning]: metadata: 2025-12-13 18:40:51.001--ServerSession(1539827598)--Thread(Thread[#1,main,5,main])--Reverting the lazy setting on the OneToOne or ManyToOne attribute [prontuario] for the entity class [class com.ifpe.clinica.domain.Paciente] since weaving was not enabled or did not occur.
[EL Warning]: metadata: 2025-12-13 18:40:51.001--ServerSession(1539827598)--Thread(Thread[#1,main,5,main])--Reverting the lazy setting on the OneToOne or ManyToOne attribute [paciente] for the entity class [class com.ifpe.clinica.domain.Prontuario] since weaving was not enabled or did not occur.
[EL Warning]: metadata: 2025-12-13 18:40:51.001--ServerSession(1539827598)--Thread(Thread[#1,main,5,main])--Reverting the lazy setting on the OneToOne or ManyToOne attribute [paciente] for the entity class [class com.ifpe.clinica.domain.Endereco] since weaving was not enabled or did not occur.
[EL Warning]: metadata: 2025-12-13 18:40:51.001--ServerSession(1539827598)--Thread(Thread[#1,main,5,main])--Reverting the lazy setting on the OneToOne or ManyToOne attribute [prontuario] for the entity class [class com.ifpe.clinica.domain.Medicamento] since weaving was not enabled or did not occur.
[EL Warning]: metadata: 2025-12-13 18:40:51.002--ServerSession(1539827598)--Thread(Thread[#1,main,5,main])--Reverting the lazy setting on the OneToOne or ManyToOne attribute [paciente] for the entity class [class com.ifpe.clinica.domain.Consulta] since weaving was not enabled or did not occur.
[EL Warning]: metadata: 2025-12-13 18:40:51.002--ServerSession(1539827598)--Thread(Thread[#1,main,5,main])--Reverting the lazy setting on the OneToOne or ManyToOne attribute [medico] for the entity class [class com.ifpe.clinica.domain.Consulta] since weaving was not enabled or did not occur.
[EL Fine]: connection: 2025-12-13 18:40:51.005--ServerSession(1539827598)--Thread(Thread[#1,main,5,main])--/file:/home/tassio/NetBeansProjects/clinica/target/classes/_clinicaPU login successful
[EL Fine]: sql: 2025-12-13 18:40:51.006--ServerSession(1539827598)--Connection(808862230)--Thread(Thread[#1,main,5,main])--ALTER TABLE TB_CONSULTA DROP CONSTRAINT TBCONSULTAMEDICOID
[EL Fine]: sql: 2025-12-13 18:40:51.018--ServerSession(1539827598)--Connection(808862230)--Thread(Thread[#1,main,5,main])--ALTER TABLE TB_CONSULTA DROP CONSTRAINT TBCNSULTAPCIENTEID
[EL Fine]: sql: 2025-12-13 18:40:51.025--ServerSession(1539827598)--Connection(808862230)--Thread(Thread[#1,main,5,main])--ALTER TABLE TB_PRONTUARIO DROP CONSTRAINT TBPRNTUARIOPCNTEID
[EL Fine]: sql: 2025-12-13 18:40:51.031--ServerSession(1539827598)--Connection(808862230)--Thread(Thread[#1,main,5,main])--ALTER TABLE TB_MEDICO DROP CONSTRAINT TB_MEDICOID_PESSOA
[EL Fine]: sql: 2025-12-13 18:40:51.034--ServerSession(1539827598)--Connection(808862230)--Thread(Thread[#1,main,5,main])--ALTER TABLE TB_PACIENTE DROP CONSTRAINT TBPCIENTENDERECOID
[EL Fine]: sql: 2025-12-13 18:40:51.041--ServerSession(1539827598)--Connection(808862230)--Thread(Thread[#1,main,5,main])--ALTER TABLE TB_PACIENTE DROP CONSTRAINT TBPACIENTEIDPESSOA
[EL Fine]: sql: 2025-12-13 18:40:51.045--ServerSession(1539827598)--Connection(808862230)--Thread(Thread[#1,main,5,main])--ALTER TABLE TB_MEDICAMENTO DROP CONSTRAINT TBMDCMENTOPRNTROID
[EL Fine]: sql: 2025-12-13 18:40:51.054--ServerSession(1539827598)--Connection(808862230)--Thread(Thread[#1,main,5,main])--ALTER TABLE TB_EXAME_ANEXOS DROP CONSTRAINT TBXAMEANEXOSXAMEID
[EL Fine]: sql: 2025-12-13 18:40:51.061--ServerSession(1539827598)--Connection(808862230)--Thread(Thread[#1,main,5,main])--ALTER TABLE TB_CONSULTA_EXAME DROP CONSTRAINT TBCNSLTEXAMECNSLTD
[EL Fine]: sql: 2025-12-13 18:40:51.068--ServerSession(1539827598)--Connection(808862230)--Thread(Thread[#1,main,5,main])--ALTER TABLE TB_CONSULTA_EXAME DROP CONSTRAINT TBCNSULTAEXAMEXMID
[EL Fine]: sql: 2025-12-13 18:40:51.075--ServerSession(1539827598)--Connection(808862230)--Thread(Thread[#1,main,5,main])--DROP TABLE TB_EXAME
[EL Fine]: sql: 2025-12-13 18:40:51.084--ServerSession(1539827598)--Connection(808862230)--Thread(Thread[#1,main,5,main])--DROP TABLE TB_PESSOA
[EL Fine]: sql: 2025-12-13 18:40:51.094--ServerSession(1539827598)--Connection(808862230)--Thread(Thread[#1,main,5,main])--DROP TABLE TB_CONSULTA
[EL Fine]: sql: 2025-12-13 18:40:51.103--ServerSession(1539827598)--Connection(808862230)--Thread(Thread[#1,main,5,main])--DROP TABLE TB_PRONTUARIO
[EL Fine]: sql: 2025-12-13 18:40:51.112--ServerSession(1539827598)--Connection(808862230)--Thread(Thread[#1,main,5,main])--DROP TABLE TB_MEDICO
[EL Fine]: sql: 2025-12-13 18:40:51.125--ServerSession(1539827598)--Connection(808862230)--Thread(Thread[#1,main,5,main])--DROP TABLE TB_PACIENTE
[EL Fine]: sql: 2025-12-13 18:40:51.137--ServerSession(1539827598)--Connection(808862230)--Thread(Thread[#1,main,5,main])--DROP TABLE TB_MEDICAMENTO
[EL Fine]: sql: 2025-12-13 18:40:51.146--ServerSession(1539827598)--Connection(808862230)--Thread(Thread[#1,main,5,main])--DROP TABLE TB_ENDERECO
[EL Fine]: sql: 2025-12-13 18:40:51.159--ServerSession(1539827598)--Connection(808862230)--Thread(Thread[#1,main,5,main])--DROP TABLE TB_EXAME_ANEXOS
[EL Fine]: sql: 2025-12-13 18:40:51.165--ServerSession(1539827598)--Connection(808862230)--Thread(Thread[#1,main,5,main])--DROP TABLE TB_CONSULTA_EXAME
[EL Fine]: sql: 2025-12-13 18:40:51.176--ServerSession(1539827598)--Connection(808862230)--Thread(Thread[#1,main,5,main])--CREATE TABLE TB_EXAME (ID_EXAME BIGINT GENERATED BY DEFAULT AS IDENTITY NOT NULL, TXT_NOME VARCHAR(255) NOT NULL, PRIMARY KEY (ID_EXAME))
[EL Fine]: sql: 2025-12-13 18:40:51.188--ServerSession(1539827598)--Connection(808862230)--Thread(Thread[#1,main,5,main])--CREATE TABLE TB_PESSOA (ID_PESSOA BIGINT GENERATED BY DEFAULT AS IDENTITY NOT NULL, TIPO_PESSOA VARCHAR(31), TXT_NOME VARCHAR(255), PRIMARY KEY (ID_PESSOA))
[EL Fine]: sql: 2025-12-13 18:40:51.201--ServerSession(1539827598)--Connection(808862230)--Thread(Thread[#1,main,5,main])--CREATE TABLE TB_CONSULTA (ID_CONSULTA BIGINT GENERATED BY DEFAULT AS IDENTITY NOT NULL, DT_CONSULTA TIMESTAMP NOT NULL, MEDICO_ID BIGINT, PACIENTE_ID BIGINT, PRIMARY KEY (ID_CONSULTA))
[EL Fine]: sql: 2025-12-13 18:40:51.213--ServerSession(1539827598)--Connection(808862230)--Thread(Thread[#1,main,5,main])--CREATE TABLE TB_PRONTUARIO (ID_PRONTUARIO BIGINT GENERATED BY DEFAULT AS IDENTITY NOT NULL, TXT_DESCRICAO VARCHAR(500) NOT NULL, PACIENTE_ID BIGINT, PRIMARY KEY (ID_PRONTUARIO))
[EL Fine]: sql: 2025-12-13 18:40:51.227--ServerSession(1539827598)--Connection(808862230)--Thread(Thread[#1,main,5,main])--CREATE TABLE TB_MEDICO (ID_PESSOA BIGINT NOT NULL, TXT_CRM VARCHAR(20) NOT NULL UNIQUE, TXT_ESPECIALIDADE VARCHAR(255), PRIMARY KEY (ID_PESSOA))
[EL Fine]: sql: 2025-12-13 18:40:51.244--ServerSession(1539827598)--Connection(808862230)--Thread(Thread[#1,main,5,main])--CREATE TABLE TB_PACIENTE (ID_PESSOA BIGINT NOT NULL, TXT_CPF VARCHAR(11) NOT NULL UNIQUE, ENDERECO_ID BIGINT, PRIMARY KEY (ID_PESSOA))
[EL Fine]: sql: 2025-12-13 18:40:51.261--ServerSession(1539827598)--Connection(808862230)--Thread(Thread[#1,main,5,main])--CREATE TABLE TB_MEDICAMENTO (ID_MEDICAMENTO BIGINT GENERATED BY DEFAULT AS IDENTITY NOT NULL, TXT_DOSE VARCHAR(50) NOT NULL, TXT_NOME VARCHAR(255) NOT NULL, PRONTUARIO_ID BIGINT, PRIMARY KEY (ID_MEDICAMENTO))
[EL Fine]: sql: 2025-12-13 18:40:51.277--ServerSession(1539827598)--Connection(808862230)--Thread(Thread[#1,main,5,main])--CREATE TABLE TB_ENDERECO (ID_ENDERECO BIGINT GENERATED BY DEFAULT AS IDENTITY NOT NULL, TXT_CIDADE VARCHAR(100) NOT NULL, TXT_ESTADO VARCHAR(2) NOT NULL, TXT_RUA VARCHAR(255) NOT NULL, PRIMARY KEY (ID_ENDERECO))
[EL Fine]: sql: 2025-12-13 18:40:51.29--ServerSession(1539827598)--Connection(808862230)--Thread(Thread[#1,main,5,main])--CREATE TABLE TB_EXAME_ANEXOS (EXAME_ID BIGINT, TXT_URL_ANEXO VARCHAR(512) NOT NULL)
[EL Fine]: sql: 2025-12-13 18:40:51.298--ServerSession(1539827598)--Connection(808862230)--Thread(Thread[#1,main,5,main])--CREATE TABLE TB_CONSULTA_EXAME (EXAME_ID BIGINT NOT NULL, CONSULTA_ID BIGINT NOT NULL, PRIMARY KEY (EXAME_ID, CONSULTA_ID))
[EL Fine]: sql: 2025-12-13 18:40:51.309--ServerSession(1539827598)--Connection(808862230)--Thread(Thread[#1,main,5,main])--ALTER TABLE TB_CONSULTA ADD CONSTRAINT TBCONSULTAMEDICOID FOREIGN KEY (MEDICO_ID) REFERENCES TB_PESSOA (ID_PESSOA)
[EL Fine]: sql: 2025-12-13 18:40:51.319--ServerSession(1539827598)--Connection(808862230)--Thread(Thread[#1,main,5,main])--ALTER TABLE TB_CONSULTA ADD CONSTRAINT TBCNSULTAPCIENTEID FOREIGN KEY (PACIENTE_ID) REFERENCES TB_PESSOA (ID_PESSOA)
[EL Fine]: sql: 2025-12-13 18:40:51.328--ServerSession(1539827598)--Connection(808862230)--Thread(Thread[#1,main,5,main])--ALTER TABLE TB_PRONTUARIO ADD CONSTRAINT TBPRNTUARIOPCNTEID FOREIGN KEY (PACIENTE_ID) REFERENCES TB_PESSOA (ID_PESSOA)
[EL Fine]: sql: 2025-12-13 18:40:51.337--ServerSession(1539827598)--Connection(808862230)--Thread(Thread[#1,main,5,main])--ALTER TABLE TB_MEDICO ADD CONSTRAINT TB_MEDICOID_PESSOA FOREIGN KEY (ID_PESSOA) REFERENCES TB_PESSOA (ID_PESSOA)
[EL Fine]: sql: 2025-12-13 18:40:51.341--ServerSession(1539827598)--Connection(808862230)--Thread(Thread[#1,main,5,main])--ALTER TABLE TB_PACIENTE ADD CONSTRAINT TBPCIENTENDERECOID FOREIGN KEY (ENDERECO_ID) REFERENCES TB_ENDERECO (ID_ENDERECO)
[EL Fine]: sql: 2025-12-13 18:40:51.349--ServerSession(1539827598)--Connection(808862230)--Thread(Thread[#1,main,5,main])--ALTER TABLE TB_PACIENTE ADD CONSTRAINT TBPACIENTEIDPESSOA FOREIGN KEY (ID_PESSOA) REFERENCES TB_PESSOA (ID_PESSOA)
[EL Fine]: sql: 2025-12-13 18:40:51.353--ServerSession(1539827598)--Connection(808862230)--Thread(Thread[#1,main,5,main])--ALTER TABLE TB_MEDICAMENTO ADD CONSTRAINT TBMDCMENTOPRNTROID FOREIGN KEY (PRONTUARIO_ID) REFERENCES TB_PRONTUARIO (ID_PRONTUARIO)
[EL Fine]: sql: 2025-12-13 18:40:51.361--ServerSession(1539827598)--Connection(808862230)--Thread(Thread[#1,main,5,main])--ALTER TABLE TB_EXAME_ANEXOS ADD CONSTRAINT TBXAMEANEXOSXAMEID FOREIGN KEY (EXAME_ID) REFERENCES TB_EXAME (ID_EXAME)
[EL Fine]: sql: 2025-12-13 18:40:51.369--ServerSession(1539827598)--Connection(808862230)--Thread(Thread[#1,main,5,main])--ALTER TABLE TB_CONSULTA_EXAME ADD CONSTRAINT TBCNSLTEXAMECNSLTD FOREIGN KEY (CONSULTA_ID) REFERENCES TB_CONSULTA (ID_CONSULTA)
[EL Fine]: sql: 2025-12-13 18:40:51.378--ServerSession(1539827598)--Connection(808862230)--Thread(Thread[#1,main,5,main])--ALTER TABLE TB_CONSULTA_EXAME ADD CONSTRAINT TBCNSULTAEXAMEXMID FOREIGN KEY (EXAME_ID) REFERENCES TB_EXAME (ID_EXAME)
[EL Fine]: sql: 2025-12-13 18:40:51.519--ClientSession(1825071442)--Connection(808862230)--Thread(Thread[#1,main,5,main])--INSERT INTO TB_EXAME (TXT_NOME) VALUES (?)
	bind => [Tomografia Completa]
[EL Fine]: sql: 2025-12-13 18:40:51.523--ClientSession(1825071442)--Connection(808862230)--Thread(Thread[#1,main,5,main])--INSERT INTO TB_EXAME_ANEXOS (EXAME_ID, TXT_URL_ANEXO) VALUES (?, ?)
	bind => [4, https://link.com/ultrassom/01.jpg]
[EL Fine]: sql: 2025-12-13 18:40:51.525--ClientSession(1825071442)--Connection(808862230)--Thread(Thread[#1,main,5,main])--INSERT INTO TB_EXAME_ANEXOS (EXAME_ID, TXT_URL_ANEXO) VALUES (?, ?)
	bind => [4, https://link.com/ultrassom/laudo.pdf]
]]></system-out>
  </testcase>
  <testcase name="testFindById" classname="domain.ExameTest" time="0.006">
    <system-out><![CDATA[[EL Fine]: sql: 2025-12-13 18:40:51.531--ServerSession(1539827598)--Connection(808862230)--Thread(Thread[#1,main,5,main])--SELECT ID_EXAME, TXT_NOME FROM TB_EXAME WHERE (ID_EXAME = ?)
	bind => [1]
]]></system-out>
  </testcase>
  <testcase name="testRemoverEmaxe" classname="domain.ExameTest" time="0.017">
    <system-out><![CDATA[[EL Fine]: sql: 2025-12-13 18:40:51.539--ServerSession(1539827598)--Connection(808862230)--Thread(Thread[#1,main,5,main])--SELECT ID_EXAME, TXT_NOME FROM TB_EXAME WHERE (TXT_NOME = ?)
	bind => [Tomografia Completa]
[EL Fine]: sql: 2025-12-13 18:40:51.543--ClientSession(83534488)--Connection(808862230)--Thread(Thread[#1,main,5,main])--DELETE FROM TB_CONSULTA_EXAME WHERE (EXAME_ID = ?)
	bind => [4]
[EL Fine]: sql: 2025-12-13 18:40:51.546--ClientSession(83534488)--Connection(808862230)--Thread(Thread[#1,main,5,main])--DELETE FROM TB_EXAME_ANEXOS WHERE (EXAME_ID = ?)
	bind => [4]
[EL Fine]: sql: 2025-12-13 18:40:51.549--ClientSession(83534488)--Connection(808862230)--Thread(Thread[#1,main,5,main])--DELETE FROM TB_EXAME WHERE (ID_EXAME = ?)
	bind => [4]
[EL Fine]: sql: 2025-12-13 18:40:51.551--ClientSession(83534488)--Connection(808862230)--Thread(Thread[#1,main,5,main])--SELECT ID_EXAME, TXT_NOME FROM TB_EXAME WHERE (TXT_NOME = ?)
	bind => [Tomografia Completa]
]]></system-out>
  </testcase>
  <testcase name="testAtualizarExameMerge" classname="domain.ExameTest" time="0.009">
    <system-out><![CDATA[[EL Fine]: sql: 2025-12-13 18:40:51.555--ServerSession(1539827598)--Connection(808862230)--Thread(Thread[#1,main,5,main])--SELECT ID_EXAME, TXT_NOME FROM TB_EXAME WHERE (TXT_NOME = ?)
	bind => [Eletrocardiograma]
[EL Fine]: sql: 2025-12-13 18:40:51.556--ClientSession(1503546689)--Connection(808862230)--Thread(Thread[#1,main,5,main])--UPDATE TB_EXAME SET TXT_NOME = ? WHERE (ID_EXAME = ?)
	bind => [Exame de Vista, 3]
[EL Fine]: sql: 2025-12-13 18:40:51.56--ClientSession(1503546689)--Connection(808862230)--Thread(Thread[#1,main,5,main])--SELECT ID_EXAME, TXT_NOME FROM TB_EXAME WHERE (TXT_NOME = ?)
	bind => [Eletrocardiograma]
[EL Fine]: sql: 2025-12-13 18:40:51.56--ClientSession(1503546689)--Connection(808862230)--Thread(Thread[#1,main,5,main])--SELECT ID_EXAME, TXT_NOME FROM TB_EXAME WHERE (TXT_NOME = ?)
	bind => [Exame de Vista]
]]></system-out>
  </testcase>
  <testcase name="testAtualizarExame" classname="domain.ExameTest" time="0.006">
    <system-out><![CDATA[[EL Fine]: sql: 2025-12-13 18:40:51.564--ServerSession(1539827598)--Connection(808862230)--Thread(Thread[#1,main,5,main])--SELECT ID_EXAME, TXT_NOME FROM TB_EXAME WHERE (TXT_NOME = ?)
	bind => [Raio-X]
[EL Fine]: sql: 2025-12-13 18:40:51.566--ClientSession(1242969461)--Connection(808862230)--Thread(Thread[#1,main,5,main])--UPDATE TB_EXAME SET TXT_NOME = ? WHERE (ID_EXAME = ?)
	bind => [Endoscopia, 2]
[EL Fine]: sql: 2025-12-13 18:40:51.567--ClientSession(1242969461)--Connection(808862230)--Thread(Thread[#1,main,5,main])--SELECT ID_EXAME, TXT_NOME FROM TB_EXAME WHERE (TXT_NOME = ?)
	bind => [Raio-X]
[EL Fine]: sql: 2025-12-13 18:40:51.567--ClientSession(1242969461)--Connection(808862230)--Thread(Thread[#1,main,5,main])--SELECT ID_EXAME, TXT_NOME FROM TB_EXAME WHERE (TXT_NOME = ?)
	bind => [Endoscopia]
]]></system-out>
  </testcase>
</testsuite>