<?xml version="1.0" encoding="UTF-8"?>
<testsuite xmlns:xsi="http://www.w3.org/2001/XMLSchema-instance" xsi:noNamespaceSchemaLocation="https://maven.apache.org/surefire/maven-surefire-plugin/xsd/surefire-test-report-3.0.xsd" version="3.0" name="domain.PagamentoTest" time="1.258" tests="5" errors="0" skipped="0" failures="0">
  <properties>
[...]
</properties>
  <testcase name="testFindPagamentoById" classname="domain.PagamentoTest" time="0.067">
    <system-out><![CDATA[[EL Fine]: moxy: 2026-03-01 01:50:54.4--Thread(Thread[#1,main,5,main])--SAXParserFactory instance: com.sun.org.apache.xerces.internal.jaxp.SAXParserFactoryImpl@76ac68b0
[EL Fine]: server: 2026-03-01 01:50:54.402--Thread(Thread[#1,main,5,main])--Configured server platform: org.eclipse.persistence.platform.server.NoServerPlatform
[EL Config]: metadata: 2026-03-01 01:50:54.422--ServerSession(257268852)--Thread(Thread[#1,main,5,main])--The access type for the persistent class [class com.ifpe.clinica.domain.Exame] is set to [FIELD].
[EL Config]: metadata: 2026-03-01 01:50:54.423--ServerSession(257268852)--Thread(Thread[#1,main,5,main])--The target class (reference) class for the element collection mapping element [field urlsAnexos] is being defaulted to: class java.lang.String.
[EL Config]: metadata: 2026-03-01 01:50:54.423--ServerSession(257268852)--Thread(Thread[#1,main,5,main])--The target entity (reference) class for the many to many mapping element [field consultas] is being defaulted to: class com.ifpe.clinica.domain.Consulta.
[EL Config]: metadata: 2026-03-01 01:50:54.424--ServerSession(257268852)--Thread(Thread[#1,main,5,main])--The access type for the persistent class [class com.ifpe.clinica.domain.Pessoa] is set to [FIELD].
[EL Config]: metadata: 2026-03-01 01:50:54.424--ServerSession(257268852)--Thread(Thread[#1,main,5,main])--The access type for the persistent class [class com.ifpe.clinica.domain.Consulta] is set to [FIELD].
[EL Config]: metadata: 2026-03-01 01:50:54.425--ServerSession(257268852)--Thread(Thread[#1,main,5,main])--The target entity (reference) class for the many to one mapping element [field paciente] is being defaulted to: class com.ifpe.clinica.domain.Paciente.
[EL Config]: metadata: 2026-03-01 01:50:54.425--ServerSession(257268852)--Thread(Thread[#1,main,5,main])--The target entity (reference) class for the many to one mapping element [field medico] is being defaulted to: class com.ifpe.clinica.domain.Medico.
[EL Config]: metadata: 2026-03-01 01:50:54.426--ServerSession(257268852)--Thread(Thread[#1,main,5,main])--The target entity (reference) class for the many to many mapping element [field exames] is being defaulted to: class com.ifpe.clinica.domain.Exame.
[EL Config]: metadata: 2026-03-01 01:50:54.426--ServerSession(257268852)--Thread(Thread[#1,main,5,main])--The access type for the persistent class [class com.ifpe.clinica.domain.Prontuario] is set to [FIELD].
[EL Config]: metadata: 2026-03-01 01:50:54.426--ServerSession(257268852)--Thread(Thread[#1,main,5,main])--The target entity (reference) class for the one to one mapping element [field paciente] is being defaulted to: class com.ifpe.clinica.domain.Paciente.
[EL Config]: metadata: 2026-03-01 01:50:54.426--ServerSession(257268852)--Thread(Thread[#1,main,5,main])--The target entity (reference) class for the one to many mapping element [field medicamentos] is being defaulted to: class com.ifpe.clinica.domain.Medicamento.
[EL Config]: metadata: 2026-03-01 01:50:54.426--ServerSession(257268852)--Thread(Thread[#1,main,5,main])--The access type for the persistent class [class com.ifpe.clinica.domain.FotoPaciente] is set to [FIELD].
[EL Config]: metadata: 2026-03-01 01:50:54.426--ServerSession(257268852)--Thread(Thread[#1,main,5,main])--The target entity (reference) class for the many to one mapping element [field paciente] is being defaulted to: class com.ifpe.clinica.domain.Paciente.
[EL Config]: metadata: 2026-03-01 01:50:54.426--ServerSession(257268852)--Thread(Thread[#1,main,5,main])--The access type for the persistent class [class com.ifpe.clinica.domain.ContatoPaciente] is set to [FIELD].
[EL Config]: metadata: 2026-03-01 01:50:54.427--ServerSession(257268852)--Thread(Thread[#1,main,5,main])--The target entity (reference) class for the one to one mapping element [field paciente] is being defaulted to: class com.ifpe.clinica.domain.Paciente.
[EL Config]: metadata: 2026-03-01 01:50:54.427--ServerSession(257268852)--Thread(Thread[#1,main,5,main])--The access type for the persistent class [class com.ifpe.clinica.domain.Convenio] is set to [FIELD].
[EL Config]: metadata: 2026-03-01 01:50:54.427--ServerSession(257268852)--Thread(Thread[#1,main,5,main])--The access type for the persistent class [class com.ifpe.clinica.domain.Pagamento] is set to [FIELD].
[EL Config]: metadata: 2026-03-01 01:50:54.428--ServerSession(257268852)--Thread(Thread[#1,main,5,main])--The target entity (reference) class for the many to one mapping element [field convenio] is being defaulted to: class com.ifpe.clinica.domain.Convenio.
[EL Config]: metadata: 2026-03-01 01:50:54.428--ServerSession(257268852)--Thread(Thread[#1,main,5,main])--The target entity (reference) class for the one to one mapping element [field consulta] is being defaulted to: class com.ifpe.clinica.domain.Consulta.
[EL Config]: metadata: 2026-03-01 01:50:54.428--ServerSession(257268852)--Thread(Thread[#1,main,5,main])--The access type for the persistent class [class com.ifpe.clinica.domain.Medico] is set to [FIELD].
[EL Config]: metadata: 2026-03-01 01:50:54.428--ServerSession(257268852)--Thread(Thread[#1,main,5,main])--The target entity (reference) class for the one to many mapping element [field consultas] is being defaulted to: class com.ifpe.clinica.domain.Consulta.
[EL Config]: metadata: 2026-03-01 01:50:54.428--ServerSession(257268852)--Thread(Thread[#1,main,5,main])--The access type for the persistent class [class com.ifpe.clinica.domain.Paciente] is set to [FIELD].
[EL Config]: metadata: 2026-03-01 01:50:54.428--ServerSession(257268852)--Thread(Thread[#1,main,5,main])--The target entity (reference) class for the one to one mapping element [field prontuario] is being defaulted to: class com.ifpe.clinica.domain.Prontuario.
[EL Config]: metadata: 2026-03-01 01:50:54.428--ServerSession(257268852)--Thread(Thread[#1,main,5,main])--The target entity (reference) class for the one to one mapping element [field endereco] is being defaulted to: class com.ifpe.clinica.domain.Endereco.
[EL Config]: metadata: 2026-03-01 01:50:54.428--ServerSession(257268852)--Thread(Thread[#1,main,5,main])--The target entity (reference) class for the one to many mapping element [field consultas] is being defaulted to: class com.ifpe.clinica.domain.Consulta.
[EL Config]: metadata: 2026-03-01 01:50:54.429--ServerSession(257268852)--Thread(Thread[#1,main,5,main])--The access type for the persistent class [class com.ifpe.clinica.domain.Endereco] is set to [FIELD].
[EL Config]: metadata: 2026-03-01 01:50:54.429--ServerSession(257268852)--Thread(Thread[#1,main,5,main])--The target entity (reference) class for the one to one mapping element [field paciente] is being defaulted to: class com.ifpe.clinica.domain.Paciente.
[EL Config]: metadata: 2026-03-01 01:50:54.429--ServerSession(257268852)--Thread(Thread[#1,main,5,main])--The access type for the persistent class [class com.ifpe.clinica.domain.Medicamento] is set to [FIELD].
[EL Config]: metadata: 2026-03-01 01:50:54.429--ServerSession(257268852)--Thread(Thread[#1,main,5,main])--The target entity (reference) class for the many to one mapping element [field prontuario] is being defaulted to: class com.ifpe.clinica.domain.Prontuario.
[EL Config]: metadata: 2026-03-01 01:50:54.429--ServerSession(257268852)--Thread(Thread[#1,main,5,main])--The access type for the persistent class [class com.ifpe.clinica.domain.Contato] is set to [FIELD].
[EL Config]: metadata: 2026-03-01 01:50:54.429--ServerSession(257268852)--Thread(Thread[#1,main,5,main])--The alias name for the entity class [class com.ifpe.clinica.domain.Exame] is being defaulted to: Exame.
[EL Config]: metadata: 2026-03-01 01:50:54.43--ServerSession(257268852)--Thread(Thread[#1,main,5,main])--The alias name for the entity class [class com.ifpe.clinica.domain.Pessoa] is being defaulted to: Pessoa.
[EL Config]: metadata: 2026-03-01 01:50:54.43--ServerSession(257268852)--Thread(Thread[#1,main,5,main])--The alias name for the entity class [class com.ifpe.clinica.domain.Consulta] is being defaulted to: Consulta.
[EL Config]: metadata: 2026-03-01 01:50:54.431--ServerSession(257268852)--Thread(Thread[#1,main,5,main])--The alias name for the entity class [class com.ifpe.clinica.domain.Prontuario] is being defaulted to: Prontuario.
[EL Config]: metadata: 2026-03-01 01:50:54.431--ServerSession(257268852)--Thread(Thread[#1,main,5,main])--The alias name for the entity class [class com.ifpe.clinica.domain.FotoPaciente] is being defaulted to: FotoPaciente.
[EL Config]: metadata: 2026-03-01 01:50:54.431--ServerSession(257268852)--Thread(Thread[#1,main,5,main])--The alias name for the entity class [class com.ifpe.clinica.domain.ContatoPaciente] is being defaulted to: ContatoPaciente.
[EL Config]: metadata: 2026-03-01 01:50:54.432--ServerSession(257268852)--Thread(Thread[#1,main,5,main])--The alias name for the entity class [class com.ifpe.clinica.domain.Convenio] is being defaulted to: Convenio.
[EL Config]: metadata: 2026-03-01 01:50:54.432--ServerSession(257268852)--Thread(Thread[#1,main,5,main])--The alias name for the entity class [class com.ifpe.clinica.domain.Pagamento] is being defaulted to: Pagamento.
[EL Config]: metadata: 2026-03-01 01:50:54.432--ServerSession(257268852)--Thread(Thread[#1,main,5,main])--The alias name for the entity class [class com.ifpe.clinica.domain.Medico] is being defaulted to: Medico.
[EL Config]: metadata: 2026-03-01 01:50:54.432--ServerSession(257268852)--Thread(Thread[#1,main,5,main])--The alias name for the entity class [class com.ifpe.clinica.domain.Paciente] is being defaulted to: Paciente.
[EL Config]: metadata: 2026-03-01 01:50:54.433--ServerSession(257268852)--Thread(Thread[#1,main,5,main])--The alias name for the entity class [class com.ifpe.clinica.domain.Endereco] is being defaulted to: Endereco.
[EL Config]: metadata: 2026-03-01 01:50:54.433--ServerSession(257268852)--Thread(Thread[#1,main,5,main])--The alias name for the entity class [class com.ifpe.clinica.domain.Medicamento] is being defaulted to: Medicamento.
[EL Config]: metadata: 2026-03-01 01:50:54.434--ServerSession(257268852)--Thread(Thread[#1,main,5,main])--The primary key column name for the mapping element [field paciente] is being defaulted to: ID_PESSOA.
[EL Config]: metadata: 2026-03-01 01:50:54.434--ServerSession(257268852)--Thread(Thread[#1,main,5,main])--The primary key column name for the mapping element [field medico] is being defaulted to: ID_PESSOA.
[EL Config]: metadata: 2026-03-01 01:50:54.434--ServerSession(257268852)--Thread(Thread[#1,main,5,main])--The source primary key column name for the many to many mapping [field exames] is being defaulted to: ID_CONSULTA.
[EL Config]: metadata: 2026-03-01 01:50:54.434--ServerSession(257268852)--Thread(Thread[#1,main,5,main])--The target primary key column name for the many to many mapping [field exames] is being defaulted to: ID_EXAME.
[EL Config]: metadata: 2026-03-01 01:50:54.434--ServerSession(257268852)--Thread(Thread[#1,main,5,main])--The primary key column name for the mapping element [field paciente] is being defaulted to: ID_PESSOA.
[EL Config]: metadata: 2026-03-01 01:50:54.434--ServerSession(257268852)--Thread(Thread[#1,main,5,main])--The primary key column name for the mapping element [field paciente] is being defaulted to: ID_PESSOA.
[EL Config]: metadata: 2026-03-01 01:50:54.434--ServerSession(257268852)--Thread(Thread[#1,main,5,main])--The primary key column name for the mapping element [field paciente] is being defaulted to: ID_PESSOA.
[EL Config]: metadata: 2026-03-01 01:50:54.434--ServerSession(257268852)--Thread(Thread[#1,main,5,main])--The primary key column name for the mapping element [field convenio] is being defaulted to: ID_CONVENIO.
[EL Config]: metadata: 2026-03-01 01:50:54.435--ServerSession(257268852)--Thread(Thread[#1,main,5,main])--The primary key column name for the mapping element [field consulta] is being defaulted to: ID_CONSULTA.
[EL Config]: metadata: 2026-03-01 01:50:54.435--ServerSession(257268852)--Thread(Thread[#1,main,5,main])--The primary key column name for the mapping element [field endereco] is being defaulted to: ID_ENDERECO.
[EL Config]: metadata: 2026-03-01 01:50:54.435--ServerSession(257268852)--Thread(Thread[#1,main,5,main])--The primary key column name for the mapping element [field prontuario] is being defaulted to: ID_PRONTUARIO.
[EL Info]: 2026-03-01 01:50:54.441--ServerSession(257268852)--Thread(Thread[#1,main,5,main])--EclipseLink, version: Eclipse Persistence Services - 4.0.4.v202407190748-059428cdd2583c46f1f3e50d235854840a6fa9a7
[EL Fine]: connection: 2026-03-01 01:50:54.441--ServerSession(257268852)--Connection(229483317)--Thread(Thread[#1,main,5,main])--connecting(DatabaseLogin(
	platform=>DerbyPlatform
	user name=> "clinica"
	datasource URL=> "jdbc:derby://localhost:1527/clinica;create=true"
))
[EL Config]: connection: 2026-03-01 01:50:54.444--ServerSession(257268852)--Connection(1903137985)--Thread(Thread[#1,main,5,main])--Connected: jdbc:derby://localhost:1527/clinica;create=true
	User: clinica
	Database: Apache Derby  Version: 10.16.1.1 - (1901046)
	Driver: Apache Derby Network Client JDBC Driver  Version: 10.16.1.1 - (1901046)
[EL Warning]: metadata: 2026-03-01 01:50:54.444--ServerSession(257268852)--Thread(Thread[#1,main,5,main])--Reverting the lazy setting on the OneToOne or ManyToOne attribute [convenio] for the entity class [class com.ifpe.clinica.domain.Pagamento] since weaving was not enabled or did not occur.
[EL Warning]: metadata: 2026-03-01 01:50:54.444--ServerSession(257268852)--Thread(Thread[#1,main,5,main])--Reverting the lazy setting on the OneToOne or ManyToOne attribute [consulta] for the entity class [class com.ifpe.clinica.domain.Pagamento] since weaving was not enabled or did not occur.
[EL Warning]: metadata: 2026-03-01 01:50:54.444--ServerSession(257268852)--Thread(Thread[#1,main,5,main])--Reverting the lazy setting on the OneToOne or ManyToOne attribute [prontuario] for the entity class [class com.ifpe.clinica.domain.Medicamento] since weaving was not enabled or did not occur.
[EL Warning]: metadata: 2026-03-01 01:50:54.445--ServerSession(257268852)--Thread(Thread[#1,main,5,main])--Reverting the lazy setting on the OneToOne or ManyToOne attribute [endereco] for the entity class [class com.ifpe.clinica.domain.Paciente] since weaving was not enabled or did not occur.
[EL Warning]: metadata: 2026-03-01 01:50:54.445--ServerSession(257268852)--Thread(Thread[#1,main,5,main])--Reverting the lazy setting on the OneToOne or ManyToOne attribute [prontuario] for the entity class [class com.ifpe.clinica.domain.Paciente] since weaving was not enabled or did not occur.
[EL Warning]: metadata: 2026-03-01 01:50:54.445--ServerSession(257268852)--Thread(Thread[#1,main,5,main])--Reverting the lazy setting on the OneToOne or ManyToOne attribute [paciente] for the entity class [class com.ifpe.clinica.domain.Endereco] since weaving was not enabled or did not occur.
[EL Warning]: metadata: 2026-03-01 01:50:54.445--ServerSession(257268852)--Thread(Thread[#1,main,5,main])--Reverting the lazy setting on the OneToOne or ManyToOne attribute [paciente] for the entity class [class com.ifpe.clinica.domain.Prontuario] since weaving was not enabled or did not occur.
[EL Warning]: metadata: 2026-03-01 01:50:54.445--ServerSession(257268852)--Thread(Thread[#1,main,5,main])--Reverting the lazy setting on the OneToOne or ManyToOne attribute [paciente] for the entity class [class com.ifpe.clinica.domain.FotoPaciente] since weaving was not enabled or did not occur.
[EL Warning]: metadata: 2026-03-01 01:50:54.445--ServerSession(257268852)--Thread(Thread[#1,main,5,main])--Reverting the lazy setting on the OneToOne or ManyToOne attribute [paciente] for the entity class [class com.ifpe.clinica.domain.ContatoPaciente] since weaving was not enabled or did not occur.
[EL Warning]: metadata: 2026-03-01 01:50:54.445--ServerSession(257268852)--Thread(Thread[#1,main,5,main])--Reverting the lazy setting on the OneToOne or ManyToOne attribute [paciente] for the entity class [class com.ifpe.clinica.domain.Consulta] since weaving was not enabled or did not occur.
[EL Warning]: metadata: 2026-03-01 01:50:54.445--ServerSession(257268852)--Thread(Thread[#1,main,5,main])--Reverting the lazy setting on the OneToOne or ManyToOne attribute [medico] for the entity class [class com.ifpe.clinica.domain.Consulta] since weaving was not enabled or did not occur.
[EL Fine]: connection: 2026-03-01 01:50:54.451--ServerSession(257268852)--Thread(Thread[#1,main,5,main])--/file:/home/tassio/NetBeansProjects/clinica/target/classes/_clinicaPU login successful
[EL Fine]: sql: 2026-03-01 01:50:54.452--ServerSession(257268852)--Connection(1903137985)--Thread(Thread[#1,main,5,main])--ALTER TABLE TB_CONTATO_PACIENTE DROP CONSTRAINT TBCNTTPCIENTEPCNTD
[EL Fine]: sql: 2026-03-01 01:50:54.476--ServerSession(257268852)--Connection(1903137985)--Thread(Thread[#1,main,5,main])--ALTER TABLE TB_PAGAMENTO DROP CONSTRAINT TBPGAMENTOCNVNIOID
[EL Fine]: sql: 2026-03-01 01:50:54.486--ServerSession(257268852)--Connection(1903137985)--Thread(Thread[#1,main,5,main])--ALTER TABLE TB_PAGAMENTO DROP CONSTRAINT TBPGAMENTOCNSLTAID
[EL Fine]: sql: 2026-03-01 01:50:54.49--ServerSession(257268852)--Connection(1903137985)--Thread(Thread[#1,main,5,main])--ALTER TABLE TB_PRONTUARIO DROP CONSTRAINT TBPRNTUARIOPCNTEID
[EL Fine]: sql: 2026-03-01 01:50:54.499--ServerSession(257268852)--Connection(1903137985)--Thread(Thread[#1,main,5,main])--ALTER TABLE TB_MEDICAMENTO DROP CONSTRAINT TBMDCMENTOPRNTROID
[EL Fine]: sql: 2026-03-01 01:50:54.508--ServerSession(257268852)--Connection(1903137985)--Thread(Thread[#1,main,5,main])--ALTER TABLE TB_CONSULTA DROP CONSTRAINT TBCONSULTAMEDICOID
[EL Fine]: sql: 2026-03-01 01:50:54.515--ServerSession(257268852)--Connection(1903137985)--Thread(Thread[#1,main,5,main])--ALTER TABLE TB_CONSULTA DROP CONSTRAINT TBCNSULTAPCIENTEID
[EL Fine]: sql: 2026-03-01 01:50:54.524--ServerSession(257268852)--Connection(1903137985)--Thread(Thread[#1,main,5,main])--ALTER TABLE TB_FOTO_PACIENTE DROP CONSTRAINT TBFTPCIENTEPCNTEID
[EL Fine]: sql: 2026-03-01 01:50:54.533--ServerSession(257268852)--Connection(1903137985)--Thread(Thread[#1,main,5,main])--ALTER TABLE TB_MEDICO DROP CONSTRAINT TB_MEDICOID_PESSOA
[EL Fine]: sql: 2026-03-01 01:50:54.538--ServerSession(257268852)--Connection(1903137985)--Thread(Thread[#1,main,5,main])--ALTER TABLE TB_PACIENTE DROP CONSTRAINT TBPCIENTENDERECOID
[EL Fine]: sql: 2026-03-01 01:50:54.547--ServerSession(257268852)--Connection(1903137985)--Thread(Thread[#1,main,5,main])--ALTER TABLE TB_PACIENTE DROP CONSTRAINT TBPACIENTEIDPESSOA
[EL Fine]: sql: 2026-03-01 01:50:54.552--ServerSession(257268852)--Connection(1903137985)--Thread(Thread[#1,main,5,main])--ALTER TABLE TB_EXAME_ANEXOS DROP CONSTRAINT TBXAMEANEXOSXAMEID
[EL Fine]: sql: 2026-03-01 01:50:54.562--ServerSession(257268852)--Connection(1903137985)--Thread(Thread[#1,main,5,main])--ALTER TABLE TB_CONSULTA_EXAME DROP CONSTRAINT TBCNSLTEXAMECNSLTD
[EL Fine]: sql: 2026-03-01 01:50:54.571--ServerSession(257268852)--Connection(1903137985)--Thread(Thread[#1,main,5,main])--ALTER TABLE TB_CONSULTA_EXAME DROP CONSTRAINT TBCNSULTAEXAMEXMID
[EL Fine]: sql: 2026-03-01 01:50:54.582--ServerSession(257268852)--Connection(1903137985)--Thread(Thread[#1,main,5,main])--DROP TABLE TB_CONTATO_PACIENTE
[EL Fine]: sql: 2026-03-01 01:50:54.592--ServerSession(257268852)--Connection(1903137985)--Thread(Thread[#1,main,5,main])--DROP TABLE TB_PAGAMENTO
[EL Fine]: sql: 2026-03-01 01:50:54.609--ServerSession(257268852)--Connection(1903137985)--Thread(Thread[#1,main,5,main])--DROP TABLE TB_ENDERECO
[EL Fine]: sql: 2026-03-01 01:50:54.62--ServerSession(257268852)--Connection(1903137985)--Thread(Thread[#1,main,5,main])--DROP TABLE TB_PRONTUARIO
[EL Fine]: sql: 2026-03-01 01:50:54.63--ServerSession(257268852)--Connection(1903137985)--Thread(Thread[#1,main,5,main])--DROP TABLE TB_MEDICAMENTO
[EL Fine]: sql: 2026-03-01 01:50:54.642--ServerSession(257268852)--Connection(1903137985)--Thread(Thread[#1,main,5,main])--DROP TABLE TB_EXAME
[EL Fine]: sql: 2026-03-01 01:50:54.655--ServerSession(257268852)--Connection(1903137985)--Thread(Thread[#1,main,5,main])--DROP TABLE TB_PESSOA
[EL Fine]: sql: 2026-03-01 01:50:54.668--ServerSession(257268852)--Connection(1903137985)--Thread(Thread[#1,main,5,main])--DROP TABLE TB_CONSULTA
[EL Fine]: sql: 2026-03-01 01:50:54.678--ServerSession(257268852)--Connection(1903137985)--Thread(Thread[#1,main,5,main])--DROP TABLE TB_FOTO_PACIENTE
[EL Fine]: sql: 2026-03-01 01:50:54.688--ServerSession(257268852)--Connection(1903137985)--Thread(Thread[#1,main,5,main])--DROP TABLE TB_CONVENIO
[EL Fine]: sql: 2026-03-01 01:50:54.698--ServerSession(257268852)--Connection(1903137985)--Thread(Thread[#1,main,5,main])--DROP TABLE TB_MEDICO
[EL Fine]: sql: 2026-03-01 01:50:54.711--ServerSession(257268852)--Connection(1903137985)--Thread(Thread[#1,main,5,main])--DROP TABLE TB_PACIENTE
[EL Fine]: sql: 2026-03-01 01:50:54.724--ServerSession(257268852)--Connection(1903137985)--Thread(Thread[#1,main,5,main])--DROP TABLE TB_EXAME_ANEXOS
[EL Fine]: sql: 2026-03-01 01:50:54.73--ServerSession(257268852)--Connection(1903137985)--Thread(Thread[#1,main,5,main])--DROP TABLE TB_CONSULTA_EXAME
[EL Fine]: sql: 2026-03-01 01:50:54.745--ServerSession(257268852)--Connection(1903137985)--Thread(Thread[#1,main,5,main])--CREATE TABLE TB_CONTATO_PACIENTE (ID_CONTATO BIGINT GENERATED BY DEFAULT AS IDENTITY NOT NULL, TXT_OBSERVACOES VARCHAR(500), TXT_CELULAR VARCHAR(11), TXT_EMAIL VARCHAR(100), TXT_TELEFONE VARCHAR(11), TXT_TELEFONE_EMERGENCIA VARCHAR(11), PACIENTE_ID BIGINT NOT NULL, PRIMARY KEY (ID_CONTATO))
[EL Fine]: sql: 2026-03-01 01:50:54.757--ServerSession(257268852)--Connection(1903137985)--Thread(Thread[#1,main,5,main])--CREATE TABLE TB_PAGAMENTO (ID_PAGAMENTO BIGINT GENERATED BY DEFAULT AS IDENTITY NOT NULL, VALOR_ACRESCIMO DECIMAL(10,2), TXT_CODIGO_TRANSACAO VARCHAR(100), DT_GERACAO TIMESTAMP NOT NULL, DT_PAGAMENTO TIMESTAMP, VALOR_DESCONTO DECIMAL(10,2), FORMA_PAGAMENTO VARCHAR(255) NOT NULL, TXT_OBSERVACOES VARCHAR(500), STATUS_PAGAMENTO VARCHAR(255) NOT NULL, VALOR_PAGO DECIMAL(10,2), VALOR_TOTAL DECIMAL(10,2) NOT NULL, CONVENIO_ID BIGINT, CONSULTA_ID BIGINT NOT NULL UNIQUE, PRIMARY KEY (ID_PAGAMENTO))
[EL Fine]: sql: 2026-03-01 01:50:54.777--ServerSession(257268852)--Connection(1903137985)--Thread(Thread[#1,main,5,main])--CREATE TABLE TB_ENDERECO (ID_ENDERECO BIGINT GENERATED BY DEFAULT AS IDENTITY NOT NULL, TXT_CIDADE VARCHAR(100) NOT NULL, TXT_ESTADO VARCHAR(2) NOT NULL, TXT_RUA VARCHAR(255) NOT NULL, PRIMARY KEY (ID_ENDERECO))
[EL Fine]: sql: 2026-03-01 01:50:54.789--ServerSession(257268852)--Connection(1903137985)--Thread(Thread[#1,main,5,main])--CREATE TABLE TB_PRONTUARIO (ID_PRONTUARIO BIGINT GENERATED BY DEFAULT AS IDENTITY NOT NULL, TXT_DESCRICAO VARCHAR(500) NOT NULL, PACIENTE_ID BIGINT NOT NULL, PRIMARY KEY (ID_PRONTUARIO))
[EL Fine]: sql: 2026-03-01 01:50:54.8--ServerSession(257268852)--Connection(1903137985)--Thread(Thread[#1,main,5,main])--CREATE TABLE TB_MEDICAMENTO (ID_MEDICAMENTO BIGINT GENERATED BY DEFAULT AS IDENTITY NOT NULL, TXT_DOSE VARCHAR(50) NOT NULL, TXT_NOME VARCHAR(255) NOT NULL, PRONTUARIO_ID BIGINT NOT NULL, PRIMARY KEY (ID_MEDICAMENTO))
[EL Fine]: sql: 2026-03-01 01:50:54.811--ServerSession(257268852)--Connection(1903137985)--Thread(Thread[#1,main,5,main])--CREATE TABLE TB_EXAME (ID_EXAME BIGINT GENERATED BY DEFAULT AS IDENTITY NOT NULL, TXT_NOME VARCHAR(255) NOT NULL, PRIMARY KEY (ID_EXAME))
[EL Fine]: sql: 2026-03-01 01:50:54.822--ServerSession(257268852)--Connection(1903137985)--Thread(Thread[#1,main,5,main])--CREATE TABLE TB_PESSOA (ID_PESSOA BIGINT GENERATED BY DEFAULT AS IDENTITY NOT NULL, TIPO_PESSOA VARCHAR(31), TXT_NOME VARCHAR(255) NOT NULL, PRIMARY KEY (ID_PESSOA))
[EL Fine]: sql: 2026-03-01 01:50:54.834--ServerSession(257268852)--Connection(1903137985)--Thread(Thread[#1,main,5,main])--CREATE TABLE TB_CONSULTA (ID_CONSULTA BIGINT GENERATED BY DEFAULT AS IDENTITY NOT NULL, DT_CONSULTA TIMESTAMP NOT NULL, MEDICO_ID BIGINT NOT NULL, PACIENTE_ID BIGINT NOT NULL, PRIMARY KEY (ID_CONSULTA))
[EL Fine]: sql: 2026-03-01 01:50:54.848--ServerSession(257268852)--Connection(1903137985)--Thread(Thread[#1,main,5,main])--CREATE TABLE TB_FOTO_PACIENTE (ID_FOTO BIGINT GENERATED BY DEFAULT AS IDENTITY NOT NULL, TXT_CATEGORIA VARCHAR(30) NOT NULL, DT_UPLOAD TIMESTAMP NOT NULL, TXT_DESCRICAO VARCHAR(500), BIN_IMAGEM BLOB(2147483647) NOT NULL, TXT_TAMANHO BIGINT NOT NULL, TXT_TIPO_IMAGEM VARCHAR(50) NOT NULL, TXT_TITULO VARCHAR(100) NOT NULL, PACIENTE_ID BIGINT NOT NULL, PRIMARY KEY (ID_FOTO))
[EL Fine]: sql: 2026-03-01 01:50:54.863--ServerSession(257268852)--Connection(1903137985)--Thread(Thread[#1,main,5,main])--CREATE TABLE TB_CONVENIO (ID_CONVENIO BIGINT GENERATED BY DEFAULT AS IDENTITY NOT NULL, NR_CARENCIA_DIAS INTEGER NOT NULL, TXT_NOME VARCHAR(100) NOT NULL, TIPO_CONVENIO VARCHAR(255) NOT NULL, PRIMARY KEY (ID_CONVENIO))
[EL Fine]: sql: 2026-03-01 01:50:54.874--ServerSession(257268852)--Connection(1903137985)--Thread(Thread[#1,main,5,main])--CREATE TABLE TB_MEDICO (ID_PESSOA BIGINT NOT NULL, TXT_CRM VARCHAR(20) NOT NULL UNIQUE, TXT_ESPECIALIDADE VARCHAR(255) NOT NULL, PRIMARY KEY (ID_PESSOA))
[EL Fine]: sql: 2026-03-01 01:50:54.894--ServerSession(257268852)--Connection(1903137985)--Thread(Thread[#1,main,5,main])--CREATE TABLE TB_PACIENTE (ID_PESSOA BIGINT NOT NULL, TXT_CPF VARCHAR(11) NOT NULL UNIQUE, ENDERECO_ID BIGINT NOT NULL, PRIMARY KEY (ID_PESSOA))
[EL Fine]: sql: 2026-03-01 01:50:54.91--ServerSession(257268852)--Connection(1903137985)--Thread(Thread[#1,main,5,main])--CREATE TABLE TB_EXAME_ANEXOS (EXAME_ID BIGINT, TXT_URL_ANEXO VARCHAR(512) NOT NULL)
[EL Fine]: sql: 2026-03-01 01:50:54.915--ServerSession(257268852)--Connection(1903137985)--Thread(Thread[#1,main,5,main])--CREATE TABLE TB_CONSULTA_EXAME (EXAME_ID BIGINT NOT NULL, CONSULTA_ID BIGINT NOT NULL, PRIMARY KEY (EXAME_ID, CONSULTA_ID))
[EL Fine]: sql: 2026-03-01 01:50:54.927--ServerSession(257268852)--Connection(1903137985)--Thread(Thread[#1,main,5,main])--ALTER TABLE TB_CONTATO_PACIENTE ADD CONSTRAINT TBCNTTPCIENTEPCNTD FOREIGN KEY (PACIENTE_ID) REFERENCES TB_PESSOA (ID_PESSOA)
[EL Fine]: sql: 2026-03-01 01:50:54.934--ServerSession(257268852)--Connection(1903137985)--Thread(Thread[#1,main,5,main])--ALTER TABLE TB_PAGAMENTO ADD CONSTRAINT TBPGAMENTOCNVNIOID FOREIGN KEY (CONVENIO_ID) REFERENCES TB_CONVENIO (ID_CONVENIO)
[EL Fine]: sql: 2026-03-01 01:50:54.942--ServerSession(257268852)--Connection(1903137985)--Thread(Thread[#1,main,5,main])--ALTER TABLE TB_PAGAMENTO ADD CONSTRAINT TBPGAMENTOCNSLTAID FOREIGN KEY (CONSULTA_ID) REFERENCES TB_CONSULTA (ID_CONSULTA)
[EL Fine]: sql: 2026-03-01 01:50:54.946--ServerSession(257268852)--Connection(1903137985)--Thread(Thread[#1,main,5,main])--ALTER TABLE TB_PRONTUARIO ADD CONSTRAINT TBPRNTUARIOPCNTEID FOREIGN KEY (PACIENTE_ID) REFERENCES TB_PESSOA (ID_PESSOA)
[EL Fine]: sql: 2026-03-01 01:50:54.954--ServerSession(257268852)--Connection(1903137985)--Thread(Thread[#1,main,5,main])--ALTER TABLE TB_MEDICAMENTO ADD CONSTRAINT TBMDCMENTOPRNTROID FOREIGN KEY (PRONTUARIO_ID) REFERENCES TB_PRONTUARIO (ID_PRONTUARIO)
[EL Fine]: sql: 2026-03-01 01:50:54.963--ServerSession(257268852)--Connection(1903137985)--Thread(Thread[#1,main,5,main])--ALTER TABLE TB_CONSULTA ADD CONSTRAINT TBCONSULTAMEDICOID FOREIGN KEY (MEDICO_ID) REFERENCES TB_PESSOA (ID_PESSOA)
[EL Fine]: sql: 2026-03-01 01:50:54.972--ServerSession(257268852)--Connection(1903137985)--Thread(Thread[#1,main,5,main])--ALTER TABLE TB_CONSULTA ADD CONSTRAINT TBCNSULTAPCIENTEID FOREIGN KEY (PACIENTE_ID) REFERENCES TB_PESSOA (ID_PESSOA)
[EL Fine]: sql: 2026-03-01 01:50:54.98--ServerSession(257268852)--Connection(1903137985)--Thread(Thread[#1,main,5,main])--ALTER TABLE TB_FOTO_PACIENTE ADD CONSTRAINT TBFTPCIENTEPCNTEID FOREIGN KEY (PACIENTE_ID) REFERENCES TB_PESSOA (ID_PESSOA)
[EL Fine]: sql: 2026-03-01 01:50:54.987--ServerSession(257268852)--Connection(1903137985)--Thread(Thread[#1,main,5,main])--ALTER TABLE TB_MEDICO ADD CONSTRAINT TB_MEDICOID_PESSOA FOREIGN KEY (ID_PESSOA) REFERENCES TB_PESSOA (ID_PESSOA)
[EL Fine]: sql: 2026-03-01 01:50:54.991--ServerSession(257268852)--Connection(1903137985)--Thread(Thread[#1,main,5,main])--ALTER TABLE TB_PACIENTE ADD CONSTRAINT TBPCIENTENDERECOID FOREIGN KEY (ENDERECO_ID) REFERENCES TB_ENDERECO (ID_ENDERECO)
[EL Fine]: sql: 2026-03-01 01:50:55.006--ServerSession(257268852)--Connection(1903137985)--Thread(Thread[#1,main,5,main])--ALTER TABLE TB_PACIENTE ADD CONSTRAINT TBPACIENTEIDPESSOA FOREIGN KEY (ID_PESSOA) REFERENCES TB_PESSOA (ID_PESSOA)
[EL Fine]: sql: 2026-03-01 01:50:55.008--ServerSession(257268852)--Connection(1903137985)--Thread(Thread[#1,main,5,main])--ALTER TABLE TB_EXAME_ANEXOS ADD CONSTRAINT TBXAMEANEXOSXAMEID FOREIGN KEY (EXAME_ID) REFERENCES TB_EXAME (ID_EXAME)
[EL Fine]: sql: 2026-03-01 01:50:55.017--ServerSession(257268852)--Connection(1903137985)--Thread(Thread[#1,main,5,main])--ALTER TABLE TB_CONSULTA_EXAME ADD CONSTRAINT TBCNSLTEXAMECNSLTD FOREIGN KEY (CONSULTA_ID) REFERENCES TB_CONSULTA (ID_CONSULTA)
[EL Fine]: sql: 2026-03-01 01:50:55.026--ServerSession(257268852)--Connection(1903137985)--Thread(Thread[#1,main,5,main])--ALTER TABLE TB_CONSULTA_EXAME ADD CONSTRAINT TBCNSULTAEXAMEXMID FOREIGN KEY (EXAME_ID) REFERENCES TB_EXAME (ID_EXAME)
[EL Fine]: sql: 2026-03-01 01:50:55.426--ServerSession(257268852)--Connection(1903137985)--Thread(Thread[#1,main,5,main])--SELECT ID_PAGAMENTO, VALOR_ACRESCIMO, TXT_CODIGO_TRANSACAO, DT_GERACAO, DT_PAGAMENTO, VALOR_DESCONTO, FORMA_PAGAMENTO, TXT_OBSERVACOES, STATUS_PAGAMENTO, VALOR_PAGO, VALOR_TOTAL, CONVENIO_ID, CONSULTA_ID FROM TB_PAGAMENTO WHERE (ID_PAGAMENTO = ?)
	bind => [1]
[EL Fine]: sql: 2026-03-01 01:50:55.434--ServerSession(257268852)--Connection(1903137985)--Thread(Thread[#1,main,5,main])--SELECT ID_CONSULTA, DT_CONSULTA, MEDICO_ID, PACIENTE_ID FROM TB_CONSULTA WHERE (ID_CONSULTA = ?)
	bind => [1]
[EL Fine]: sql: 2026-03-01 01:50:55.443--ServerSession(257268852)--Connection(1903137985)--Thread(Thread[#1,main,5,main])--SELECT t0.ID_PESSOA, t0.TIPO_PESSOA, t0.TXT_NOME, t1.ID_PESSOA, t1.TXT_CRM, t1.TXT_ESPECIALIDADE FROM TB_PESSOA t0, TB_MEDICO t1 WHERE ((t0.ID_PESSOA = ?) AND ((t1.ID_PESSOA = t0.ID_PESSOA) AND (t0.TIPO_PESSOA = ?)))
	bind => [4, MEDICO]
[EL Fine]: sql: 2026-03-01 01:50:55.452--ServerSession(257268852)--Connection(1903137985)--Thread(Thread[#1,main,5,main])--SELECT t0.ID_PESSOA, t0.TIPO_PESSOA, t0.TXT_NOME, t1.ID_PESSOA, t1.TXT_CPF, t1.ENDERECO_ID FROM TB_PESSOA t0, TB_PACIENTE t1 WHERE ((t0.ID_PESSOA = ?) AND ((t1.ID_PESSOA = t0.ID_PESSOA) AND (t0.TIPO_PESSOA = ?)))
	bind => [1, PACIENTE]
[EL Fine]: sql: 2026-03-01 01:50:55.461--ServerSession(257268852)--Connection(1903137985)--Thread(Thread[#1,main,5,main])--SELECT ID_ENDERECO, TXT_CIDADE, TXT_ESTADO, TXT_RUA FROM TB_ENDERECO WHERE (ID_ENDERECO = ?)
	bind => [1]
[EL Fine]: sql: 2026-03-01 01:50:55.468--ServerSession(257268852)--Connection(1903137985)--Thread(Thread[#1,main,5,main])--SELECT t0.ID_PESSOA, t0.TIPO_PESSOA, t0.TXT_NOME, t1.ID_PESSOA, t1.TXT_CPF, t1.ENDERECO_ID FROM TB_PESSOA t0, TB_PACIENTE t1 WHERE ((t1.ENDERECO_ID = ?) AND ((t1.ID_PESSOA = t0.ID_PESSOA) AND (t0.TIPO_PESSOA = ?)))
	bind => [1, PACIENTE]
[EL Fine]: sql: 2026-03-01 01:50:55.477--ServerSession(257268852)--Connection(1903137985)--Thread(Thread[#1,main,5,main])--SELECT ID_PRONTUARIO, TXT_DESCRICAO, PACIENTE_ID FROM TB_PRONTUARIO WHERE (PACIENTE_ID = ?)
	bind => [1]
]]></system-out>
  </testcase>
  <testcase name="testPersist" classname="domain.PagamentoTest" time="0.091">
    <system-out><![CDATA[[EL Fine]: sql: 2026-03-01 01:50:55.493--ServerSession(257268852)--Connection(1903137985)--Thread(Thread[#1,main,5,main])--SELECT ID_CONSULTA, DT_CONSULTA, MEDICO_ID, PACIENTE_ID FROM TB_CONSULTA WHERE (ID_CONSULTA = ?)
	bind => [4]
[EL Fine]: sql: 2026-03-01 01:50:55.495--ServerSession(257268852)--Connection(1903137985)--Thread(Thread[#1,main,5,main])--SELECT t0.ID_PESSOA, t0.TIPO_PESSOA, t0.TXT_NOME, t1.ID_PESSOA, t1.TXT_CRM, t1.TXT_ESPECIALIDADE FROM TB_PESSOA t0, TB_MEDICO t1 WHERE ((t0.ID_PESSOA = ?) AND ((t1.ID_PESSOA = t0.ID_PESSOA) AND (t0.TIPO_PESSOA = ?)))
	bind => [7, MEDICO]
[EL Fine]: sql: 2026-03-01 01:50:55.498--ServerSession(257268852)--Connection(1903137985)--Thread(Thread[#1,main,5,main])--SELECT t0.ID_PESSOA, t0.TIPO_PESSOA, t0.TXT_NOME, t1.ID_PESSOA, t1.TXT_CPF, t1.ENDERECO_ID FROM TB_PESSOA t0, TB_PACIENTE t1 WHERE ((t0.ID_PESSOA = ?) AND ((t1.ID_PESSOA = t0.ID_PESSOA) AND (t0.TIPO_PESSOA = ?)))
	bind => [8, PACIENTE]
[EL Fine]: sql: 2026-03-01 01:50:55.499--ServerSession(257268852)--Connection(1903137985)--Thread(Thread[#1,main,5,main])--SELECT ID_ENDERECO, TXT_CIDADE, TXT_ESTADO, TXT_RUA FROM TB_ENDERECO WHERE (ID_ENDERECO = ?)
	bind => [4]
[EL Fine]: sql: 2026-03-01 01:50:55.5--ServerSession(257268852)--Connection(1903137985)--Thread(Thread[#1,main,5,main])--SELECT t0.ID_PESSOA, t0.TIPO_PESSOA, t0.TXT_NOME, t1.ID_PESSOA, t1.TXT_CPF, t1.ENDERECO_ID FROM TB_PESSOA t0, TB_PACIENTE t1 WHERE ((t1.ENDERECO_ID = ?) AND ((t1.ID_PESSOA = t0.ID_PESSOA) AND (t0.TIPO_PESSOA = ?)))
	bind => [4, PACIENTE]
[EL Fine]: sql: 2026-03-01 01:50:55.503--ServerSession(257268852)--Connection(1903137985)--Thread(Thread[#1,main,5,main])--SELECT ID_PRONTUARIO, TXT_DESCRICAO, PACIENTE_ID FROM TB_PRONTUARIO WHERE (PACIENTE_ID = ?)
	bind => [8]
[EL Fine]: sql: 2026-03-01 01:50:55.566--ClientSession(181025925)--Connection(1903137985)--Thread(Thread[#1,main,5,main])--INSERT INTO TB_PAGAMENTO (VALOR_ACRESCIMO, TXT_CODIGO_TRANSACAO, DT_GERACAO, DT_PAGAMENTO, VALOR_DESCONTO, FORMA_PAGAMENTO, TXT_OBSERVACOES, STATUS_PAGAMENTO, VALOR_PAGO, VALOR_TOTAL, CONVENIO_ID, CONSULTA_ID) VALUES (?, ?, ?, ?, ?, ?, ?, ?, ?, ?, ?, ?)
	bind => [null, null, 2026-03-01T01:50:55.493175049, null, null, PIX, null, PENDENTE, null, 100.0, null, 4]
]]></system-out>
  </testcase>
  <testcase name="testRemover" classname="domain.PagamentoTest" time="0.026">
    <system-out><![CDATA[[EL Fine]: sql: 2026-03-01 01:50:55.587--ServerSession(257268852)--Connection(1903137985)--Thread(Thread[#1,main,5,main])--SELECT ID_PAGAMENTO, VALOR_ACRESCIMO, TXT_CODIGO_TRANSACAO, DT_GERACAO, DT_PAGAMENTO, VALOR_DESCONTO, FORMA_PAGAMENTO, TXT_OBSERVACOES, STATUS_PAGAMENTO, VALOR_PAGO, VALOR_TOTAL, CONVENIO_ID, CONSULTA_ID FROM TB_PAGAMENTO WHERE (VALOR_TOTAL = ?)
	bind => [120.0]
[EL Fine]: sql: 2026-03-01 01:50:55.592--ServerSession(257268852)--Connection(1903137985)--Thread(Thread[#1,main,5,main])--SELECT ID_CONSULTA, DT_CONSULTA, MEDICO_ID, PACIENTE_ID FROM TB_CONSULTA WHERE (ID_CONSULTA = ?)
	bind => [5]
[EL Fine]: sql: 2026-03-01 01:50:55.593--ServerSession(257268852)--Connection(1903137985)--Thread(Thread[#1,main,5,main])--SELECT t0.ID_PESSOA, t0.TIPO_PESSOA, t0.TXT_NOME, t1.ID_PESSOA, t1.TXT_CPF, t1.ENDERECO_ID FROM TB_PESSOA t0, TB_PACIENTE t1 WHERE ((t0.ID_PESSOA = ?) AND ((t1.ID_PESSOA = t0.ID_PESSOA) AND (t0.TIPO_PESSOA = ?)))
	bind => [2, PACIENTE]
[EL Fine]: sql: 2026-03-01 01:50:55.594--ServerSession(257268852)--Connection(1903137985)--Thread(Thread[#1,main,5,main])--SELECT ID_ENDERECO, TXT_CIDADE, TXT_ESTADO, TXT_RUA FROM TB_ENDERECO WHERE (ID_ENDERECO = ?)
	bind => [2]
[EL Fine]: sql: 2026-03-01 01:50:55.595--ServerSession(257268852)--Connection(1903137985)--Thread(Thread[#1,main,5,main])--SELECT t0.ID_PESSOA, t0.TIPO_PESSOA, t0.TXT_NOME, t1.ID_PESSOA, t1.TXT_CPF, t1.ENDERECO_ID FROM TB_PESSOA t0, TB_PACIENTE t1 WHERE ((t1.ENDERECO_ID = ?) AND ((t1.ID_PESSOA = t0.ID_PESSOA) AND (t0.TIPO_PESSOA = ?)))
	bind => [2, PACIENTE]
[EL Fine]: sql: 2026-03-01 01:50:55.596--ServerSession(257268852)--Connection(1903137985)--Thread(Thread[#1,main,5,main])--SELECT ID_PRONTUARIO, TXT_DESCRICAO, PACIENTE_ID FROM TB_PRONTUARIO WHERE (PACIENTE_ID = ?)
	bind => [2]
[EL Fine]: sql: 2026-03-01 01:50:55.601--ClientSession(115869666)--Connection(1903137985)--Thread(Thread[#1,main,5,main])--DELETE FROM TB_PAGAMENTO WHERE (ID_PAGAMENTO = ?)
	bind => [4]
[EL Fine]: sql: 2026-03-01 01:50:55.605--ClientSession(115869666)--Connection(1903137985)--Thread(Thread[#1,main,5,main])--SELECT ID_PAGAMENTO, VALOR_ACRESCIMO, TXT_CODIGO_TRANSACAO, DT_GERACAO, DT_PAGAMENTO, VALOR_DESCONTO, FORMA_PAGAMENTO, TXT_OBSERVACOES, STATUS_PAGAMENTO, VALOR_PAGO, VALOR_TOTAL, CONVENIO_ID, CONSULTA_ID FROM TB_PAGAMENTO WHERE (VALOR_TOTAL = ?)
	bind => [120.0]
]]></system-out>
  </testcase>
  <testcase name="testAtualizar" classname="domain.PagamentoTest" time="0.02">
    <system-out><![CDATA[[EL Fine]: sql: 2026-03-01 01:50:55.611--ServerSession(257268852)--Connection(1903137985)--Thread(Thread[#1,main,5,main])--SELECT ID_PAGAMENTO, VALOR_ACRESCIMO, TXT_CODIGO_TRANSACAO, DT_GERACAO, DT_PAGAMENTO, VALOR_DESCONTO, FORMA_PAGAMENTO, TXT_OBSERVACOES, STATUS_PAGAMENTO, VALOR_PAGO, VALOR_TOTAL, CONVENIO_ID, CONSULTA_ID FROM TB_PAGAMENTO WHERE (VALOR_TOTAL = ?)
	bind => [150.0]
[EL Fine]: sql: 2026-03-01 01:50:55.619--ClientSession(1513945208)--Connection(1903137985)--Thread(Thread[#1,main,5,main])--UPDATE TB_PAGAMENTO SET VALOR_TOTAL = ? WHERE (ID_PAGAMENTO = ?)
	bind => [160.0, 1]
[EL Fine]: sql: 2026-03-01 01:50:55.625--ClientSession(1513945208)--Connection(1903137985)--Thread(Thread[#1,main,5,main])--SELECT ID_PAGAMENTO, VALOR_ACRESCIMO, TXT_CODIGO_TRANSACAO, DT_GERACAO, DT_PAGAMENTO, VALOR_DESCONTO, FORMA_PAGAMENTO, TXT_OBSERVACOES, STATUS_PAGAMENTO, VALOR_PAGO, VALOR_TOTAL, CONVENIO_ID, CONSULTA_ID FROM TB_PAGAMENTO WHERE (VALOR_TOTAL = ?)
	bind => [160.0]
]]></system-out>
  </testcase>
  <testcase name="testAtualizarMerge" classname="domain.PagamentoTest" time="0.024">
    <system-out><![CDATA[[EL Fine]: sql: 2026-03-01 01:50:55.633--ServerSession(257268852)--Connection(1903137985)--Thread(Thread[#1,main,5,main])--SELECT ID_PAGAMENTO, VALOR_ACRESCIMO, TXT_CODIGO_TRANSACAO, DT_GERACAO, DT_PAGAMENTO, VALOR_DESCONTO, FORMA_PAGAMENTO, TXT_OBSERVACOES, STATUS_PAGAMENTO, VALOR_PAGO, VALOR_TOTAL, CONVENIO_ID, CONSULTA_ID FROM TB_PAGAMENTO WHERE (VALOR_TOTAL = ?)
	bind => [180.0]
[EL Fine]: sql: 2026-03-01 01:50:55.636--ServerSession(257268852)--Connection(1903137985)--Thread(Thread[#1,main,5,main])--SELECT ID_CONSULTA, DT_CONSULTA, MEDICO_ID, PACIENTE_ID FROM TB_CONSULTA WHERE (ID_CONSULTA = ?)
	bind => [3]
[EL Fine]: sql: 2026-03-01 01:50:55.638--ServerSession(257268852)--Connection(1903137985)--Thread(Thread[#1,main,5,main])--SELECT t0.ID_PESSOA, t0.TIPO_PESSOA, t0.TXT_NOME, t1.ID_PESSOA, t1.TXT_CRM, t1.TXT_ESPECIALIDADE FROM TB_PESSOA t0, TB_MEDICO t1 WHERE ((t0.ID_PESSOA = ?) AND ((t1.ID_PESSOA = t0.ID_PESSOA) AND (t0.TIPO_PESSOA = ?)))
	bind => [6, MEDICO]
[EL Fine]: sql: 2026-03-01 01:50:55.639--ServerSession(257268852)--Connection(1903137985)--Thread(Thread[#1,main,5,main])--SELECT t0.ID_PESSOA, t0.TIPO_PESSOA, t0.TXT_NOME, t1.ID_PESSOA, t1.TXT_CPF, t1.ENDERECO_ID FROM TB_PESSOA t0, TB_PACIENTE t1 WHERE ((t0.ID_PESSOA = ?) AND ((t1.ID_PESSOA = t0.ID_PESSOA) AND (t0.TIPO_PESSOA = ?)))
	bind => [3, PACIENTE]
[EL Fine]: sql: 2026-03-01 01:50:55.641--ServerSession(257268852)--Connection(1903137985)--Thread(Thread[#1,main,5,main])--SELECT ID_ENDERECO, TXT_CIDADE, TXT_ESTADO, TXT_RUA FROM TB_ENDERECO WHERE (ID_ENDERECO = ?)
	bind => [3]
[EL Fine]: sql: 2026-03-01 01:50:55.643--ServerSession(257268852)--Connection(1903137985)--Thread(Thread[#1,main,5,main])--SELECT t0.ID_PESSOA, t0.TIPO_PESSOA, t0.TXT_NOME, t1.ID_PESSOA, t1.TXT_CPF, t1.ENDERECO_ID FROM TB_PESSOA t0, TB_PACIENTE t1 WHERE ((t1.ENDERECO_ID = ?) AND ((t1.ID_PESSOA = t0.ID_PESSOA) AND (t0.TIPO_PESSOA = ?)))
	bind => [3, PACIENTE]
[EL Fine]: sql: 2026-03-01 01:50:55.644--ServerSession(257268852)--Connection(1903137985)--Thread(Thread[#1,main,5,main])--SELECT ID_PRONTUARIO, TXT_DESCRICAO, PACIENTE_ID FROM TB_PRONTUARIO WHERE (PACIENTE_ID = ?)
	bind => [3]
[EL Fine]: sql: 2026-03-01 01:50:55.652--ServerSession(257268852)--Connection(1903137985)--Thread(Thread[#1,main,5,main])--SELECT ID_PAGAMENTO, VALOR_ACRESCIMO, TXT_CODIGO_TRANSACAO, DT_GERACAO, DT_PAGAMENTO, VALOR_DESCONTO, FORMA_PAGAMENTO, TXT_OBSERVACOES, STATUS_PAGAMENTO, VALOR_PAGO, VALOR_TOTAL, CONVENIO_ID, CONSULTA_ID FROM TB_PAGAMENTO WHERE (VALOR_TOTAL = ?)
	bind => [180.0]
]]></system-out>
  </testcase>
</testsuite>