<?xml version="1.0" encoding="UTF-8"?>
<testsuite xmlns:xsi="http://www.w3.org/2001/XMLSchema-instance" xsi:noNamespaceSchemaLocation="https://maven.apache.org/surefire/maven-surefire-plugin/xsd/surefire-test-report-3.0.xsd" version="3.0" name="jpql.PacienteJPQLTest" time="0.765" tests="4" errors="0" skipped="0" failures="0">
  <properties>
[...]
</properties>
  <testcase name="contarPacientesPorCidade" classname="jpql.PacienteJPQLTest" time="0.007">
    <system-out><![CDATA[[EL Fine]: moxy: 2026-01-31 23:21:10.82--Thread(Thread[#1,main,5,main])--SAXParserFactory instance: com.sun.org.apache.xerces.internal.jaxp.SAXParserFactoryImpl@43e1692f
[EL Fine]: server: 2026-01-31 23:21:10.822--Thread(Thread[#1,main,5,main])--Configured server platform: org.eclipse.persistence.platform.server.NoServerPlatform
[EL Config]: metadata: 2026-01-31 23:21:10.831--ServerSession(1048332309)--Thread(Thread[#1,main,5,main])--The access type for the persistent class [class com.ifpe.clinica.domain.Exame] is set to [FIELD].
[EL Config]: metadata: 2026-01-31 23:21:10.831--ServerSession(1048332309)--Thread(Thread[#1,main,5,main])--The target class (reference) class for the element collection mapping element [field urlsAnexos] is being defaulted to: class java.lang.String.
[EL Config]: metadata: 2026-01-31 23:21:10.832--ServerSession(1048332309)--Thread(Thread[#1,main,5,main])--The target entity (reference) class for the many to many mapping element [field consultas] is being defaulted to: class com.ifpe.clinica.domain.Consulta.
[EL Config]: metadata: 2026-01-31 23:21:10.832--ServerSession(1048332309)--Thread(Thread[#1,main,5,main])--The access type for the persistent class [class com.ifpe.clinica.domain.Pessoa] is set to [FIELD].
[EL Config]: metadata: 2026-01-31 23:21:10.832--ServerSession(1048332309)--Thread(Thread[#1,main,5,main])--The access type for the persistent class [class com.ifpe.clinica.domain.Consulta] is set to [FIELD].
[EL Config]: metadata: 2026-01-31 23:21:10.833--ServerSession(1048332309)--Thread(Thread[#1,main,5,main])--The target entity (reference) class for the many to one mapping element [field paciente] is being defaulted to: class com.ifpe.clinica.domain.Paciente.
[EL Config]: metadata: 2026-01-31 23:21:10.833--ServerSession(1048332309)--Thread(Thread[#1,main,5,main])--The target entity (reference) class for the many to one mapping element [field medico] is being defaulted to: class com.ifpe.clinica.domain.Medico.
[EL Config]: metadata: 2026-01-31 23:21:10.833--ServerSession(1048332309)--Thread(Thread[#1,main,5,main])--The target entity (reference) class for the many to many mapping element [field exames] is being defaulted to: class com.ifpe.clinica.domain.Exame.
[EL Config]: metadata: 2026-01-31 23:21:10.833--ServerSession(1048332309)--Thread(Thread[#1,main,5,main])--The access type for the persistent class [class com.ifpe.clinica.domain.Prontuario] is set to [FIELD].
[EL Config]: metadata: 2026-01-31 23:21:10.833--ServerSession(1048332309)--Thread(Thread[#1,main,5,main])--The target entity (reference) class for the one to one mapping element [field paciente] is being defaulted to: class com.ifpe.clinica.domain.Paciente.
[EL Config]: metadata: 2026-01-31 23:21:10.833--ServerSession(1048332309)--Thread(Thread[#1,main,5,main])--The target entity (reference) class for the one to many mapping element [field medicamentos] is being defaulted to: class com.ifpe.clinica.domain.Medicamento.
[EL Config]: metadata: 2026-01-31 23:21:10.833--ServerSession(1048332309)--Thread(Thread[#1,main,5,main])--The access type for the persistent class [class com.ifpe.clinica.domain.FotoPaciente] is set to [FIELD].
[EL Config]: metadata: 2026-01-31 23:21:10.834--ServerSession(1048332309)--Thread(Thread[#1,main,5,main])--The target entity (reference) class for the many to one mapping element [field paciente] is being defaulted to: class com.ifpe.clinica.domain.Paciente.
[EL Config]: metadata: 2026-01-31 23:21:10.834--ServerSession(1048332309)--Thread(Thread[#1,main,5,main])--The access type for the persistent class [class com.ifpe.clinica.domain.ContatoPaciente] is set to [FIELD].
[EL Config]: metadata: 2026-01-31 23:21:10.834--ServerSession(1048332309)--Thread(Thread[#1,main,5,main])--The target entity (reference) class for the one to one mapping element [field paciente] is being defaulted to: class com.ifpe.clinica.domain.Paciente.
[EL Config]: metadata: 2026-01-31 23:21:10.834--ServerSession(1048332309)--Thread(Thread[#1,main,5,main])--The access type for the persistent class [class com.ifpe.clinica.domain.Convenio] is set to [FIELD].
[EL Config]: metadata: 2026-01-31 23:21:10.835--ServerSession(1048332309)--Thread(Thread[#1,main,5,main])--The access type for the persistent class [class com.ifpe.clinica.domain.Pagamento] is set to [FIELD].
[EL Config]: metadata: 2026-01-31 23:21:10.835--ServerSession(1048332309)--Thread(Thread[#1,main,5,main])--The target entity (reference) class for the many to one mapping element [field convenio] is being defaulted to: class com.ifpe.clinica.domain.Convenio.
[EL Config]: metadata: 2026-01-31 23:21:10.835--ServerSession(1048332309)--Thread(Thread[#1,main,5,main])--The target entity (reference) class for the one to one mapping element [field consulta] is being defaulted to: class com.ifpe.clinica.domain.Consulta.
[EL Config]: metadata: 2026-01-31 23:21:10.835--ServerSession(1048332309)--Thread(Thread[#1,main,5,main])--The access type for the persistent class [class com.ifpe.clinica.domain.Medico] is set to [FIELD].
[EL Config]: metadata: 2026-01-31 23:21:10.835--ServerSession(1048332309)--Thread(Thread[#1,main,5,main])--The target entity (reference) class for the one to many mapping element [field consultas] is being defaulted to: class com.ifpe.clinica.domain.Consulta.
[EL Config]: metadata: 2026-01-31 23:21:10.835--ServerSession(1048332309)--Thread(Thread[#1,main,5,main])--The access type for the persistent class [class com.ifpe.clinica.domain.Paciente] is set to [FIELD].
[EL Config]: metadata: 2026-01-31 23:21:10.835--ServerSession(1048332309)--Thread(Thread[#1,main,5,main])--The target entity (reference) class for the one to one mapping element [field prontuario] is being defaulted to: class com.ifpe.clinica.domain.Prontuario.
[EL Config]: metadata: 2026-01-31 23:21:10.836--ServerSession(1048332309)--Thread(Thread[#1,main,5,main])--The target entity (reference) class for the one to one mapping element [field endereco] is being defaulted to: class com.ifpe.clinica.domain.Endereco.
[EL Config]: metadata: 2026-01-31 23:21:10.836--ServerSession(1048332309)--Thread(Thread[#1,main,5,main])--The target entity (reference) class for the one to many mapping element [field consultas] is being defaulted to: class com.ifpe.clinica.domain.Consulta.
[EL Config]: metadata: 2026-01-31 23:21:10.836--ServerSession(1048332309)--Thread(Thread[#1,main,5,main])--The access type for the persistent class [class com.ifpe.clinica.domain.Medicamento] is set to [FIELD].
[EL Config]: metadata: 2026-01-31 23:21:10.836--ServerSession(1048332309)--Thread(Thread[#1,main,5,main])--The target entity (reference) class for the many to one mapping element [field prontuario] is being defaulted to: class com.ifpe.clinica.domain.Prontuario.
[EL Config]: metadata: 2026-01-31 23:21:10.836--ServerSession(1048332309)--Thread(Thread[#1,main,5,main])--The access type for the persistent class [class com.ifpe.clinica.domain.Endereco] is set to [FIELD].
[EL Config]: metadata: 2026-01-31 23:21:10.836--ServerSession(1048332309)--Thread(Thread[#1,main,5,main])--The target entity (reference) class for the one to one mapping element [field paciente] is being defaulted to: class com.ifpe.clinica.domain.Paciente.
[EL Config]: metadata: 2026-01-31 23:21:10.836--ServerSession(1048332309)--Thread(Thread[#1,main,5,main])--The access type for the persistent class [class com.ifpe.clinica.domain.Contato] is set to [FIELD].
[EL Config]: metadata: 2026-01-31 23:21:10.836--ServerSession(1048332309)--Thread(Thread[#1,main,5,main])--The alias name for the entity class [class com.ifpe.clinica.domain.Exame] is being defaulted to: Exame.
[EL Config]: metadata: 2026-01-31 23:21:10.837--ServerSession(1048332309)--Thread(Thread[#1,main,5,main])--The alias name for the entity class [class com.ifpe.clinica.domain.Pessoa] is being defaulted to: Pessoa.
[EL Config]: metadata: 2026-01-31 23:21:10.837--ServerSession(1048332309)--Thread(Thread[#1,main,5,main])--The alias name for the entity class [class com.ifpe.clinica.domain.Consulta] is being defaulted to: Consulta.
[EL Config]: metadata: 2026-01-31 23:21:10.837--ServerSession(1048332309)--Thread(Thread[#1,main,5,main])--The alias name for the entity class [class com.ifpe.clinica.domain.Prontuario] is being defaulted to: Prontuario.
[EL Config]: metadata: 2026-01-31 23:21:10.838--ServerSession(1048332309)--Thread(Thread[#1,main,5,main])--The alias name for the entity class [class com.ifpe.clinica.domain.FotoPaciente] is being defaulted to: FotoPaciente.
[EL Config]: metadata: 2026-01-31 23:21:10.838--ServerSession(1048332309)--Thread(Thread[#1,main,5,main])--The alias name for the entity class [class com.ifpe.clinica.domain.ContatoPaciente] is being defaulted to: ContatoPaciente.
[EL Config]: metadata: 2026-01-31 23:21:10.838--ServerSession(1048332309)--Thread(Thread[#1,main,5,main])--The alias name for the entity class [class com.ifpe.clinica.domain.Convenio] is being defaulted to: Convenio.
[EL Config]: metadata: 2026-01-31 23:21:10.838--ServerSession(1048332309)--Thread(Thread[#1,main,5,main])--The alias name for the entity class [class com.ifpe.clinica.domain.Pagamento] is being defaulted to: Pagamento.
[EL Config]: metadata: 2026-01-31 23:21:10.839--ServerSession(1048332309)--Thread(Thread[#1,main,5,main])--The alias name for the entity class [class com.ifpe.clinica.domain.Medico] is being defaulted to: Medico.
[EL Config]: metadata: 2026-01-31 23:21:10.839--ServerSession(1048332309)--Thread(Thread[#1,main,5,main])--The alias name for the entity class [class com.ifpe.clinica.domain.Paciente] is being defaulted to: Paciente.
[EL Config]: metadata: 2026-01-31 23:21:10.839--ServerSession(1048332309)--Thread(Thread[#1,main,5,main])--The alias name for the entity class [class com.ifpe.clinica.domain.Medicamento] is being defaulted to: Medicamento.
[EL Config]: metadata: 2026-01-31 23:21:10.839--ServerSession(1048332309)--Thread(Thread[#1,main,5,main])--The alias name for the entity class [class com.ifpe.clinica.domain.Endereco] is being defaulted to: Endereco.
[EL Config]: metadata: 2026-01-31 23:21:10.84--ServerSession(1048332309)--Thread(Thread[#1,main,5,main])--The primary key column name for the mapping element [field paciente] is being defaulted to: ID_PESSOA.
[EL Config]: metadata: 2026-01-31 23:21:10.84--ServerSession(1048332309)--Thread(Thread[#1,main,5,main])--The primary key column name for the mapping element [field medico] is being defaulted to: ID_PESSOA.
[EL Config]: metadata: 2026-01-31 23:21:10.84--ServerSession(1048332309)--Thread(Thread[#1,main,5,main])--The source primary key column name for the many to many mapping [field exames] is being defaulted to: ID_CONSULTA.
[EL Config]: metadata: 2026-01-31 23:21:10.84--ServerSession(1048332309)--Thread(Thread[#1,main,5,main])--The target primary key column name for the many to many mapping [field exames] is being defaulted to: ID_EXAME.
[EL Config]: metadata: 2026-01-31 23:21:10.84--ServerSession(1048332309)--Thread(Thread[#1,main,5,main])--The primary key column name for the mapping element [field paciente] is being defaulted to: ID_PESSOA.
[EL Config]: metadata: 2026-01-31 23:21:10.84--ServerSession(1048332309)--Thread(Thread[#1,main,5,main])--The primary key column name for the mapping element [field paciente] is being defaulted to: ID_PESSOA.
[EL Config]: metadata: 2026-01-31 23:21:10.84--ServerSession(1048332309)--Thread(Thread[#1,main,5,main])--The primary key column name for the mapping element [field paciente] is being defaulted to: ID_PESSOA.
[EL Config]: metadata: 2026-01-31 23:21:10.84--ServerSession(1048332309)--Thread(Thread[#1,main,5,main])--The primary key column name for the mapping element [field convenio] is being defaulted to: ID_CONVENIO.
[EL Config]: metadata: 2026-01-31 23:21:10.841--ServerSession(1048332309)--Thread(Thread[#1,main,5,main])--The primary key column name for the mapping element [field consulta] is being defaulted to: ID_CONSULTA.
[EL Config]: metadata: 2026-01-31 23:21:10.841--ServerSession(1048332309)--Thread(Thread[#1,main,5,main])--The primary key column name for the mapping element [field endereco] is being defaulted to: ID_ENDERECO.
[EL Config]: metadata: 2026-01-31 23:21:10.841--ServerSession(1048332309)--Thread(Thread[#1,main,5,main])--The primary key column name for the mapping element [field prontuario] is being defaulted to: ID_PRONTUARIO.
[EL Info]: 2026-01-31 23:21:10.843--ServerSession(1048332309)--Thread(Thread[#1,main,5,main])--EclipseLink, version: Eclipse Persistence Services - 4.0.4.v202407190748-059428cdd2583c46f1f3e50d235854840a6fa9a7
[EL Fine]: connection: 2026-01-31 23:21:10.844--ServerSession(1048332309)--Connection(1007402143)--Thread(Thread[#1,main,5,main])--connecting(DatabaseLogin(
	platform=>DerbyPlatform
	user name=> "clinica"
	datasource URL=> "jdbc:derby://localhost:1527/clinica;create=true"
))
[EL Config]: connection: 2026-01-31 23:21:10.845--ServerSession(1048332309)--Connection(320321288)--Thread(Thread[#1,main,5,main])--Connected: jdbc:derby://localhost:1527/clinica;create=true
	User: clinica
	Database: Apache Derby  Version: 10.16.1.1 - (1901046)
	Driver: Apache Derby Network Client JDBC Driver  Version: 10.16.1.1 - (1901046)
[EL Warning]: metadata: 2026-01-31 23:21:10.846--ServerSession(1048332309)--Thread(Thread[#1,main,5,main])--Reverting the lazy setting on the OneToOne or ManyToOne attribute [convenio] for the entity class [class com.ifpe.clinica.domain.Pagamento] since weaving was not enabled or did not occur.
[EL Warning]: metadata: 2026-01-31 23:21:10.846--ServerSession(1048332309)--Thread(Thread[#1,main,5,main])--Reverting the lazy setting on the OneToOne or ManyToOne attribute [consulta] for the entity class [class com.ifpe.clinica.domain.Pagamento] since weaving was not enabled or did not occur.
[EL Warning]: metadata: 2026-01-31 23:21:10.846--ServerSession(1048332309)--Thread(Thread[#1,main,5,main])--Reverting the lazy setting on the OneToOne or ManyToOne attribute [prontuario] for the entity class [class com.ifpe.clinica.domain.Medicamento] since weaving was not enabled or did not occur.
[EL Warning]: metadata: 2026-01-31 23:21:10.846--ServerSession(1048332309)--Thread(Thread[#1,main,5,main])--Reverting the lazy setting on the OneToOne or ManyToOne attribute [paciente] for the entity class [class com.ifpe.clinica.domain.Consulta] since weaving was not enabled or did not occur.
[EL Warning]: metadata: 2026-01-31 23:21:10.846--ServerSession(1048332309)--Thread(Thread[#1,main,5,main])--Reverting the lazy setting on the OneToOne or ManyToOne attribute [medico] for the entity class [class com.ifpe.clinica.domain.Consulta] since weaving was not enabled or did not occur.
[EL Warning]: metadata: 2026-01-31 23:21:10.846--ServerSession(1048332309)--Thread(Thread[#1,main,5,main])--Reverting the lazy setting on the OneToOne or ManyToOne attribute [paciente] for the entity class [class com.ifpe.clinica.domain.ContatoPaciente] since weaving was not enabled or did not occur.
[EL Warning]: metadata: 2026-01-31 23:21:10.846--ServerSession(1048332309)--Thread(Thread[#1,main,5,main])--Reverting the lazy setting on the OneToOne or ManyToOne attribute [paciente] for the entity class [class com.ifpe.clinica.domain.Prontuario] since weaving was not enabled or did not occur.
[EL Warning]: metadata: 2026-01-31 23:21:10.846--ServerSession(1048332309)--Thread(Thread[#1,main,5,main])--Reverting the lazy setting on the OneToOne or ManyToOne attribute [paciente] for the entity class [class com.ifpe.clinica.domain.FotoPaciente] since weaving was not enabled or did not occur.
[EL Warning]: metadata: 2026-01-31 23:21:10.846--ServerSession(1048332309)--Thread(Thread[#1,main,5,main])--Reverting the lazy setting on the OneToOne or ManyToOne attribute [paciente] for the entity class [class com.ifpe.clinica.domain.Endereco] since weaving was not enabled or did not occur.
[EL Warning]: metadata: 2026-01-31 23:21:10.847--ServerSession(1048332309)--Thread(Thread[#1,main,5,main])--Reverting the lazy setting on the OneToOne or ManyToOne attribute [endereco] for the entity class [class com.ifpe.clinica.domain.Paciente] since weaving was not enabled or did not occur.
[EL Warning]: metadata: 2026-01-31 23:21:10.847--ServerSession(1048332309)--Thread(Thread[#1,main,5,main])--Reverting the lazy setting on the OneToOne or ManyToOne attribute [prontuario] for the entity class [class com.ifpe.clinica.domain.Paciente] since weaving was not enabled or did not occur.
[EL Fine]: connection: 2026-01-31 23:21:10.85--ServerSession(1048332309)--Thread(Thread[#1,main,5,main])--/file:/home/tassio/NetBeansProjects/clinica/target/classes/_clinicaPU login successful
[EL Fine]: sql: 2026-01-31 23:21:10.851--ServerSession(1048332309)--Connection(320321288)--Thread(Thread[#1,main,5,main])--ALTER TABLE TB_PRONTUARIO DROP CONSTRAINT TBPRNTUARIOPCNTEID
[EL Fine]: sql: 2026-01-31 23:21:10.872--ServerSession(1048332309)--Connection(320321288)--Thread(Thread[#1,main,5,main])--ALTER TABLE TB_CONTATO_PACIENTE DROP CONSTRAINT TBCNTTPCIENTEPCNTD
[EL Fine]: sql: 2026-01-31 23:21:10.877--ServerSession(1048332309)--Connection(320321288)--Thread(Thread[#1,main,5,main])--ALTER TABLE TB_PAGAMENTO DROP CONSTRAINT TBPGAMENTOCNVNIOID
[EL Fine]: sql: 2026-01-31 23:21:10.882--ServerSession(1048332309)--Connection(320321288)--Thread(Thread[#1,main,5,main])--ALTER TABLE TB_PAGAMENTO DROP CONSTRAINT TBPGAMENTOCNSLTAID
[EL Fine]: sql: 2026-01-31 23:21:10.884--ServerSession(1048332309)--Connection(320321288)--Thread(Thread[#1,main,5,main])--ALTER TABLE TB_MEDICAMENTO DROP CONSTRAINT TBMDCMENTOPRNTROID
[EL Fine]: sql: 2026-01-31 23:21:10.889--ServerSession(1048332309)--Connection(320321288)--Thread(Thread[#1,main,5,main])--ALTER TABLE TB_CONSULTA DROP CONSTRAINT TBCONSULTAMEDICOID
[EL Fine]: sql: 2026-01-31 23:21:10.894--ServerSession(1048332309)--Connection(320321288)--Thread(Thread[#1,main,5,main])--ALTER TABLE TB_CONSULTA DROP CONSTRAINT TBCNSULTAPCIENTEID
[EL Fine]: sql: 2026-01-31 23:21:10.899--ServerSession(1048332309)--Connection(320321288)--Thread(Thread[#1,main,5,main])--ALTER TABLE TB_FOTO_PACIENTE DROP CONSTRAINT TBFTPCIENTEPCNTEID
[EL Fine]: sql: 2026-01-31 23:21:10.905--ServerSession(1048332309)--Connection(320321288)--Thread(Thread[#1,main,5,main])--ALTER TABLE TB_MEDICO DROP CONSTRAINT TB_MEDICOID_PESSOA
[EL Fine]: sql: 2026-01-31 23:21:10.907--ServerSession(1048332309)--Connection(320321288)--Thread(Thread[#1,main,5,main])--ALTER TABLE TB_PACIENTE DROP CONSTRAINT TBPCIENTENDERECOID
[EL Fine]: sql: 2026-01-31 23:21:10.921--ServerSession(1048332309)--Connection(320321288)--Thread(Thread[#1,main,5,main])--ALTER TABLE TB_PACIENTE DROP CONSTRAINT TBPACIENTEIDPESSOA
[EL Fine]: sql: 2026-01-31 23:21:10.924--ServerSession(1048332309)--Connection(320321288)--Thread(Thread[#1,main,5,main])--ALTER TABLE TB_EXAME_ANEXOS DROP CONSTRAINT TBXAMEANEXOSXAMEID
[EL Fine]: sql: 2026-01-31 23:21:10.931--ServerSession(1048332309)--Connection(320321288)--Thread(Thread[#1,main,5,main])--ALTER TABLE TB_CONSULTA_EXAME DROP CONSTRAINT TBCNSLTEXAMECNSLTD
[EL Fine]: sql: 2026-01-31 23:21:10.937--ServerSession(1048332309)--Connection(320321288)--Thread(Thread[#1,main,5,main])--ALTER TABLE TB_CONSULTA_EXAME DROP CONSTRAINT TBCNSULTAEXAMEXMID
[EL Fine]: sql: 2026-01-31 23:21:10.943--ServerSession(1048332309)--Connection(320321288)--Thread(Thread[#1,main,5,main])--DROP TABLE TB_PRONTUARIO
[EL Fine]: sql: 2026-01-31 23:21:10.953--ServerSession(1048332309)--Connection(320321288)--Thread(Thread[#1,main,5,main])--DROP TABLE TB_CONTATO_PACIENTE
[EL Fine]: sql: 2026-01-31 23:21:10.962--ServerSession(1048332309)--Connection(320321288)--Thread(Thread[#1,main,5,main])--DROP TABLE TB_PAGAMENTO
[EL Fine]: sql: 2026-01-31 23:21:10.978--ServerSession(1048332309)--Connection(320321288)--Thread(Thread[#1,main,5,main])--DROP TABLE TB_MEDICAMENTO
[EL Fine]: sql: 2026-01-31 23:21:10.987--ServerSession(1048332309)--Connection(320321288)--Thread(Thread[#1,main,5,main])--DROP TABLE TB_EXAME
[EL Fine]: sql: 2026-01-31 23:21:10.996--ServerSession(1048332309)--Connection(320321288)--Thread(Thread[#1,main,5,main])--DROP TABLE TB_PESSOA
[EL Fine]: sql: 2026-01-31 23:21:11.004--ServerSession(1048332309)--Connection(320321288)--Thread(Thread[#1,main,5,main])--DROP TABLE TB_CONSULTA
[EL Fine]: sql: 2026-01-31 23:21:11.013--ServerSession(1048332309)--Connection(320321288)--Thread(Thread[#1,main,5,main])--DROP TABLE TB_FOTO_PACIENTE
[EL Fine]: sql: 2026-01-31 23:21:11.029--ServerSession(1048332309)--Connection(320321288)--Thread(Thread[#1,main,5,main])--DROP TABLE TB_CONVENIO
[EL Fine]: sql: 2026-01-31 23:21:11.04--ServerSession(1048332309)--Connection(320321288)--Thread(Thread[#1,main,5,main])--DROP TABLE TB_MEDICO
[EL Fine]: sql: 2026-01-31 23:21:11.05--ServerSession(1048332309)--Connection(320321288)--Thread(Thread[#1,main,5,main])--DROP TABLE TB_PACIENTE
[EL Fine]: sql: 2026-01-31 23:21:11.061--ServerSession(1048332309)--Connection(320321288)--Thread(Thread[#1,main,5,main])--DROP TABLE TB_ENDERECO
[EL Fine]: sql: 2026-01-31 23:21:11.07--ServerSession(1048332309)--Connection(320321288)--Thread(Thread[#1,main,5,main])--DROP TABLE TB_EXAME_ANEXOS
[EL Fine]: sql: 2026-01-31 23:21:11.081--ServerSession(1048332309)--Connection(320321288)--Thread(Thread[#1,main,5,main])--DROP TABLE TB_CONSULTA_EXAME
[EL Fine]: sql: 2026-01-31 23:21:11.095--ServerSession(1048332309)--Connection(320321288)--Thread(Thread[#1,main,5,main])--CREATE TABLE TB_PRONTUARIO (ID_PRONTUARIO BIGINT GENERATED BY DEFAULT AS IDENTITY NOT NULL, TXT_DESCRICAO VARCHAR(500) NOT NULL, PACIENTE_ID BIGINT, PRIMARY KEY (ID_PRONTUARIO))
[EL Fine]: sql: 2026-01-31 23:21:11.106--ServerSession(1048332309)--Connection(320321288)--Thread(Thread[#1,main,5,main])--CREATE TABLE TB_CONTATO_PACIENTE (ID_CONTATO BIGINT GENERATED BY DEFAULT AS IDENTITY NOT NULL, TXT_OBSERVACOES VARCHAR(500), TXT_CELULAR VARCHAR(20), TXT_EMAIL VARCHAR(100), TXT_TELEFONE VARCHAR(20), TXT_TELEFONE_EMERGENCIA VARCHAR(20), PACIENTE_ID BIGINT, PRIMARY KEY (ID_CONTATO))
[EL Fine]: sql: 2026-01-31 23:21:11.115--ServerSession(1048332309)--Connection(320321288)--Thread(Thread[#1,main,5,main])--CREATE TABLE TB_PAGAMENTO (ID_PAGAMENTO BIGINT GENERATED BY DEFAULT AS IDENTITY NOT NULL, VALOR_ACRESCIMO DECIMAL(10,2), TXT_CODIGO_TRANSACAO VARCHAR(100), DT_GERACAO TIMESTAMP NOT NULL, DT_PAGAMENTO TIMESTAMP, VALOR_DESCONTO DECIMAL(10,2), FORMA_PAGAMENTO VARCHAR(255) NOT NULL, TXT_OBSERVACOES VARCHAR(500), STATUS_PAGAMENTO VARCHAR(255) NOT NULL, VALOR_PAGO DECIMAL(10,2), VALOR_TOTAL DECIMAL(10,2) NOT NULL, CONVENIO_ID BIGINT, CONSULTA_ID BIGINT NOT NULL UNIQUE, PRIMARY KEY (ID_PAGAMENTO))
[EL Fine]: sql: 2026-01-31 23:21:11.13--ServerSession(1048332309)--Connection(320321288)--Thread(Thread[#1,main,5,main])--CREATE TABLE TB_MEDICAMENTO (ID_MEDICAMENTO BIGINT GENERATED BY DEFAULT AS IDENTITY NOT NULL, TXT_DOSE VARCHAR(50) NOT NULL, TXT_NOME VARCHAR(255) NOT NULL, PRONTUARIO_ID BIGINT, PRIMARY KEY (ID_MEDICAMENTO))
[EL Fine]: sql: 2026-01-31 23:21:11.151--ServerSession(1048332309)--Connection(320321288)--Thread(Thread[#1,main,5,main])--CREATE TABLE TB_EXAME (ID_EXAME BIGINT GENERATED BY DEFAULT AS IDENTITY NOT NULL, TXT_NOME VARCHAR(255) NOT NULL, PRIMARY KEY (ID_EXAME))
[EL Fine]: sql: 2026-01-31 23:21:11.161--ServerSession(1048332309)--Connection(320321288)--Thread(Thread[#1,main,5,main])--CREATE TABLE TB_PESSOA (ID_PESSOA BIGINT GENERATED BY DEFAULT AS IDENTITY NOT NULL, TIPO_PESSOA VARCHAR(31), TXT_NOME VARCHAR(255), PRIMARY KEY (ID_PESSOA))
[EL Fine]: sql: 2026-01-31 23:21:11.171--ServerSession(1048332309)--Connection(320321288)--Thread(Thread[#1,main,5,main])--CREATE TABLE TB_CONSULTA (ID_CONSULTA BIGINT GENERATED BY DEFAULT AS IDENTITY NOT NULL, DT_CONSULTA TIMESTAMP NOT NULL, MEDICO_ID BIGINT, PACIENTE_ID BIGINT, PRIMARY KEY (ID_CONSULTA))
[EL Fine]: sql: 2026-01-31 23:21:11.18--ServerSession(1048332309)--Connection(320321288)--Thread(Thread[#1,main,5,main])--CREATE TABLE TB_FOTO_PACIENTE (ID_FOTO BIGINT GENERATED BY DEFAULT AS IDENTITY NOT NULL, TXT_CATEGORIA VARCHAR(30), DT_UPLOAD TIMESTAMP, TXT_DESCRICAO VARCHAR(500), BIN_IMAGEM BLOB(2147483647), TXT_TAMANHO BIGINT, TXT_TIPO_IMAGEM VARCHAR(50), TXT_TITULO VARCHAR(100), PACIENTE_ID BIGINT NOT NULL, PRIMARY KEY (ID_FOTO))
[EL Fine]: sql: 2026-01-31 23:21:11.197--ServerSession(1048332309)--Connection(320321288)--Thread(Thread[#1,main,5,main])--CREATE TABLE TB_CONVENIO (ID_CONVENIO BIGINT GENERATED BY DEFAULT AS IDENTITY NOT NULL, NR_CARENCIA_DIAS INTEGER, TXT_NOME VARCHAR(255) NOT NULL, TIPO_CONVENIO VARCHAR(255) NOT NULL, PRIMARY KEY (ID_CONVENIO))
[EL Fine]: sql: 2026-01-31 23:21:11.207--ServerSession(1048332309)--Connection(320321288)--Thread(Thread[#1,main,5,main])--CREATE TABLE TB_MEDICO (ID_PESSOA BIGINT NOT NULL, TXT_CRM VARCHAR(20) NOT NULL UNIQUE, TXT_ESPECIALIDADE VARCHAR(255), PRIMARY KEY (ID_PESSOA))
[EL Fine]: sql: 2026-01-31 23:21:11.223--ServerSession(1048332309)--Connection(320321288)--Thread(Thread[#1,main,5,main])--CREATE TABLE TB_PACIENTE (ID_PESSOA BIGINT NOT NULL, TXT_CPF VARCHAR(11) NOT NULL UNIQUE, ENDERECO_ID BIGINT, PRIMARY KEY (ID_PESSOA))
[EL Fine]: sql: 2026-01-31 23:21:11.239--ServerSession(1048332309)--Connection(320321288)--Thread(Thread[#1,main,5,main])--CREATE TABLE TB_ENDERECO (ID_ENDERECO BIGINT GENERATED BY DEFAULT AS IDENTITY NOT NULL, TXT_CIDADE VARCHAR(100) NOT NULL, TXT_ESTADO VARCHAR(2) NOT NULL, TXT_RUA VARCHAR(255) NOT NULL, PRIMARY KEY (ID_ENDERECO))
[EL Fine]: sql: 2026-01-31 23:21:11.259--ServerSession(1048332309)--Connection(320321288)--Thread(Thread[#1,main,5,main])--CREATE TABLE TB_EXAME_ANEXOS (EXAME_ID BIGINT, TXT_URL_ANEXO VARCHAR(512) NOT NULL)
[EL Fine]: sql: 2026-01-31 23:21:11.265--ServerSession(1048332309)--Connection(320321288)--Thread(Thread[#1,main,5,main])--CREATE TABLE TB_CONSULTA_EXAME (EXAME_ID BIGINT NOT NULL, CONSULTA_ID BIGINT NOT NULL, PRIMARY KEY (EXAME_ID, CONSULTA_ID))
[EL Fine]: sql: 2026-01-31 23:21:11.273--ServerSession(1048332309)--Connection(320321288)--Thread(Thread[#1,main,5,main])--ALTER TABLE TB_PRONTUARIO ADD CONSTRAINT TBPRNTUARIOPCNTEID FOREIGN KEY (PACIENTE_ID) REFERENCES TB_PESSOA (ID_PESSOA)
[EL Fine]: sql: 2026-01-31 23:21:11.28--ServerSession(1048332309)--Connection(320321288)--Thread(Thread[#1,main,5,main])--ALTER TABLE TB_CONTATO_PACIENTE ADD CONSTRAINT TBCNTTPCIENTEPCNTD FOREIGN KEY (PACIENTE_ID) REFERENCES TB_PESSOA (ID_PESSOA)
[EL Fine]: sql: 2026-01-31 23:21:11.287--ServerSession(1048332309)--Connection(320321288)--Thread(Thread[#1,main,5,main])--ALTER TABLE TB_PAGAMENTO ADD CONSTRAINT TBPGAMENTOCNVNIOID FOREIGN KEY (CONVENIO_ID) REFERENCES TB_CONVENIO (ID_CONVENIO)
[EL Fine]: sql: 2026-01-31 23:21:11.293--ServerSession(1048332309)--Connection(320321288)--Thread(Thread[#1,main,5,main])--ALTER TABLE TB_PAGAMENTO ADD CONSTRAINT TBPGAMENTOCNSLTAID FOREIGN KEY (CONSULTA_ID) REFERENCES TB_CONSULTA (ID_CONSULTA)
[EL Fine]: sql: 2026-01-31 23:21:11.295--ServerSession(1048332309)--Connection(320321288)--Thread(Thread[#1,main,5,main])--ALTER TABLE TB_MEDICAMENTO ADD CONSTRAINT TBMDCMENTOPRNTROID FOREIGN KEY (PRONTUARIO_ID) REFERENCES TB_PRONTUARIO (ID_PRONTUARIO)
[EL Fine]: sql: 2026-01-31 23:21:11.306--ServerSession(1048332309)--Connection(320321288)--Thread(Thread[#1,main,5,main])--ALTER TABLE TB_CONSULTA ADD CONSTRAINT TBCONSULTAMEDICOID FOREIGN KEY (MEDICO_ID) REFERENCES TB_PESSOA (ID_PESSOA)
[EL Fine]: sql: 2026-01-31 23:21:11.313--ServerSession(1048332309)--Connection(320321288)--Thread(Thread[#1,main,5,main])--ALTER TABLE TB_CONSULTA ADD CONSTRAINT TBCNSULTAPCIENTEID FOREIGN KEY (PACIENTE_ID) REFERENCES TB_PESSOA (ID_PESSOA)
[EL Fine]: sql: 2026-01-31 23:21:11.319--ServerSession(1048332309)--Connection(320321288)--Thread(Thread[#1,main,5,main])--ALTER TABLE TB_FOTO_PACIENTE ADD CONSTRAINT TBFTPCIENTEPCNTEID FOREIGN KEY (PACIENTE_ID) REFERENCES TB_PESSOA (ID_PESSOA)
[EL Fine]: sql: 2026-01-31 23:21:11.326--ServerSession(1048332309)--Connection(320321288)--Thread(Thread[#1,main,5,main])--ALTER TABLE TB_MEDICO ADD CONSTRAINT TB_MEDICOID_PESSOA FOREIGN KEY (ID_PESSOA) REFERENCES TB_PESSOA (ID_PESSOA)
[EL Fine]: sql: 2026-01-31 23:21:11.328--ServerSession(1048332309)--Connection(320321288)--Thread(Thread[#1,main,5,main])--ALTER TABLE TB_PACIENTE ADD CONSTRAINT TBPCIENTENDERECOID FOREIGN KEY (ENDERECO_ID) REFERENCES TB_ENDERECO (ID_ENDERECO)
[EL Fine]: sql: 2026-01-31 23:21:11.334--ServerSession(1048332309)--Connection(320321288)--Thread(Thread[#1,main,5,main])--ALTER TABLE TB_PACIENTE ADD CONSTRAINT TBPACIENTEIDPESSOA FOREIGN KEY (ID_PESSOA) REFERENCES TB_PESSOA (ID_PESSOA)
[EL Fine]: sql: 2026-01-31 23:21:11.337--ServerSession(1048332309)--Connection(320321288)--Thread(Thread[#1,main,5,main])--ALTER TABLE TB_EXAME_ANEXOS ADD CONSTRAINT TBXAMEANEXOSXAMEID FOREIGN KEY (EXAME_ID) REFERENCES TB_EXAME (ID_EXAME)
[EL Fine]: sql: 2026-01-31 23:21:11.344--ServerSession(1048332309)--Connection(320321288)--Thread(Thread[#1,main,5,main])--ALTER TABLE TB_CONSULTA_EXAME ADD CONSTRAINT TBCNSLTEXAMECNSLTD FOREIGN KEY (CONSULTA_ID) REFERENCES TB_CONSULTA (ID_CONSULTA)
[EL Fine]: sql: 2026-01-31 23:21:11.358--ServerSession(1048332309)--Connection(320321288)--Thread(Thread[#1,main,5,main])--ALTER TABLE TB_CONSULTA_EXAME ADD CONSTRAINT TBCNSULTAEXAMEXMID FOREIGN KEY (EXAME_ID) REFERENCES TB_EXAME (ID_EXAME)
[EL Fine]: sql: 2026-01-31 23:21:11.551--ServerSession(1048332309)--Connection(320321288)--Thread(Thread[#1,main,5,main])--SELECT t0.TXT_CIDADE, COUNT(t1.ID_PESSOA) FROM TB_ENDERECO t0, TB_PACIENTE t2, TB_PESSOA t1 WHERE (((t2.ID_PESSOA = t1.ID_PESSOA) AND (t1.TIPO_PESSOA = ?)) AND (t0.ID_ENDERECO = t2.ENDERECO_ID)) GROUP BY t0.TXT_CIDADE HAVING (COUNT(t1.ID_PESSOA) >= ?)
	bind => [PACIENTE, 1]
]]></system-out>
  </testcase>
  <testcase name="buscarPacientesSemConsultas" classname="jpql.PacienteJPQLTest" time="0.009">
    <system-out><![CDATA[[EL Fine]: sql: 2026-01-31 23:21:11.558--ServerSession(1048332309)--Connection(320321288)--Thread(Thread[#1,main,5,main])--SELECT t0.ID_PESSOA AS a1, t0.TIPO_PESSOA AS a2, t0.TXT_NOME AS a3, t1.ID_PESSOA AS a4, t1.TXT_CPF AS a5, t1.ENDERECO_ID AS a6 FROM TB_PESSOA t0, TB_PACIENTE t1 WHERE (((SELECT COUNT(t2.ID_CONSULTA) FROM TB_CONSULTA t2 WHERE (t2.PACIENTE_ID = t0.ID_PESSOA)) = ?) AND ((t1.ID_PESSOA = t0.ID_PESSOA) AND (t0.TIPO_PESSOA = ?))) ORDER BY t0.TXT_NOME ASC OFFSET ? ROWS FETCH NEXT ? ROWS ONLY 
	bind => [0, PACIENTE, 0, 2]
[EL Fine]: sql: 2026-01-31 23:21:11.561--ServerSession(1048332309)--Connection(320321288)--Thread(Thread[#1,main,5,main])--SELECT ID_PRONTUARIO, TXT_DESCRICAO, PACIENTE_ID FROM TB_PRONTUARIO WHERE (PACIENTE_ID = ?)
	bind => [3]
[EL Fine]: sql: 2026-01-31 23:21:11.563--ServerSession(1048332309)--Connection(320321288)--Thread(Thread[#1,main,5,main])--SELECT ID_PRONTUARIO, TXT_DESCRICAO, PACIENTE_ID FROM TB_PRONTUARIO WHERE (PACIENTE_ID = ?)
	bind => [8]
]]></system-out>
  </testcase>
  <testcase name="carregarPacienteEenderecoDeUmaVez" classname="jpql.PacienteJPQLTest" time="0.007">
    <system-out><![CDATA[[EL Fine]: sql: 2026-01-31 23:21:11.567--ServerSession(1048332309)--Connection(320321288)--Thread(Thread[#1,main,5,main])--SELECT t1.ID_PESSOA, t1.TIPO_PESSOA, t1.TXT_NOME, t2.ID_PESSOA, t2.TXT_CPF, t2.ENDERECO_ID, t0.ID_ENDERECO, t0.TXT_CIDADE, t0.TXT_ESTADO, t0.TXT_RUA FROM TB_ENDERECO t0, TB_PACIENTE t2, TB_PESSOA t1 WHERE (((t1.ID_PESSOA = ?) AND ((t2.ID_PESSOA = t1.ID_PESSOA) AND (t1.TIPO_PESSOA = ?))) AND (t0.ID_ENDERECO = t2.ENDERECO_ID))
	bind => [1, PACIENTE]
[EL Fine]: sql: 2026-01-31 23:21:11.569--ServerSession(1048332309)--Connection(320321288)--Thread(Thread[#1,main,5,main])--SELECT t0.ID_PESSOA, t0.TIPO_PESSOA, t0.TXT_NOME, t1.ID_PESSOA, t1.TXT_CPF, t1.ENDERECO_ID FROM TB_PESSOA t0, TB_PACIENTE t1 WHERE ((t1.ENDERECO_ID = ?) AND ((t1.ID_PESSOA = t0.ID_PESSOA) AND (t0.TIPO_PESSOA = ?)))
	bind => [1, PACIENTE]
[EL Fine]: sql: 2026-01-31 23:21:11.571--ServerSession(1048332309)--Connection(320321288)--Thread(Thread[#1,main,5,main])--SELECT ID_PRONTUARIO, TXT_DESCRICAO, PACIENTE_ID FROM TB_PRONTUARIO WHERE (PACIENTE_ID = ?)
	bind => [1]
]]></system-out>
  </testcase>
  <testcase name="buscarPacientesDePernambucoPorNomeOuCpf" classname="jpql.PacienteJPQLTest" time="0.01">
    <system-out><![CDATA[[EL Fine]: sql: 2026-01-31 23:21:11.575--ServerSession(1048332309)--Connection(320321288)--Thread(Thread[#1,main,5,main])--SELECT t1.ID_PESSOA, t1.TIPO_PESSOA, t1.TXT_NOME, t2.ID_PESSOA, t2.TXT_CPF, t2.ENDERECO_ID FROM TB_ENDERECO t0, TB_PACIENTE t2, TB_PESSOA t1 WHERE ((((t0.TXT_ESTADO = ?) AND (t1.TXT_NOME LIKE ? OR (t2.TXT_CPF = ?))) AND ((t2.ID_PESSOA = t1.ID_PESSOA) AND (t1.TIPO_PESSOA = ?))) AND (t0.ID_ENDERECO = t2.ENDERECO_ID))
	bind => [PE, João%, 98765432100, PACIENTE]
[EL Fine]: sql: 2026-01-31 23:21:11.579--ServerSession(1048332309)--Connection(320321288)--Thread(Thread[#1,main,5,main])--SELECT ID_ENDERECO, TXT_CIDADE, TXT_ESTADO, TXT_RUA FROM TB_ENDERECO WHERE (ID_ENDERECO = ?)
	bind => [2]
[EL Fine]: sql: 2026-01-31 23:21:11.581--ServerSession(1048332309)--Connection(320321288)--Thread(Thread[#1,main,5,main])--SELECT t0.ID_PESSOA, t0.TIPO_PESSOA, t0.TXT_NOME, t1.ID_PESSOA, t1.TXT_CPF, t1.ENDERECO_ID FROM TB_PESSOA t0, TB_PACIENTE t1 WHERE ((t1.ENDERECO_ID = ?) AND ((t1.ID_PESSOA = t0.ID_PESSOA) AND (t0.TIPO_PESSOA = ?)))
	bind => [2, PACIENTE]
[EL Fine]: sql: 2026-01-31 23:21:11.582--ServerSession(1048332309)--Connection(320321288)--Thread(Thread[#1,main,5,main])--SELECT ID_PRONTUARIO, TXT_DESCRICAO, PACIENTE_ID FROM TB_PRONTUARIO WHERE (PACIENTE_ID = ?)
	bind => [2]
]]></system-out>
  </testcase>
</testsuite>