<?xml version="1.0" encoding="UTF-8"?>
<testsuite xmlns:xsi="http://www.w3.org/2001/XMLSchema-instance" xsi:noNamespaceSchemaLocation="https://maven.apache.org/surefire/maven-surefire-plugin/xsd/surefire-test-report-3.0.xsd" version="3.0" name="domain.ContatoPacienteTest" time="1.582" tests="5" errors="0" skipped="0" failures="0">
  <properties>
[...]
</properties>
  <testcase name="testPersist" classname="domain.ContatoPacienteTest" time="0.048">
    <system-out><![CDATA[[EL Fine]: server: 2025-12-20 01:11:02.513--Thread(Thread[#1,main,5,main])--Configured server platform: org.eclipse.persistence.platform.server.NoServerPlatform
[EL Config]: metadata: 2025-12-20 01:11:02.587--ServerSession(1696263571)--Thread(Thread[#1,main,5,main])--The access type for the persistent class [class com.ifpe.clinica.domain.Exame] is set to [FIELD].
[EL Config]: metadata: 2025-12-20 01:11:02.601--ServerSession(1696263571)--Thread(Thread[#1,main,5,main])--The target class (reference) class for the element collection mapping element [field urlsAnexos] is being defaulted to: class java.lang.String.
[EL Config]: metadata: 2025-12-20 01:11:02.604--ServerSession(1696263571)--Thread(Thread[#1,main,5,main])--The target entity (reference) class for the many to many mapping element [field consultas] is being defaulted to: class com.ifpe.clinica.domain.Consulta.
[EL Config]: metadata: 2025-12-20 01:11:02.607--ServerSession(1696263571)--Thread(Thread[#1,main,5,main])--The access type for the persistent class [class com.ifpe.clinica.domain.Pessoa] is set to [FIELD].
[EL Config]: metadata: 2025-12-20 01:11:02.607--ServerSession(1696263571)--Thread(Thread[#1,main,5,main])--The access type for the persistent class [class com.ifpe.clinica.domain.Consulta] is set to [FIELD].
[EL Config]: metadata: 2025-12-20 01:11:02.608--ServerSession(1696263571)--Thread(Thread[#1,main,5,main])--The target entity (reference) class for the many to one mapping element [field paciente] is being defaulted to: class com.ifpe.clinica.domain.Paciente.
[EL Config]: metadata: 2025-12-20 01:11:02.609--ServerSession(1696263571)--Thread(Thread[#1,main,5,main])--The target entity (reference) class for the many to one mapping element [field medico] is being defaulted to: class com.ifpe.clinica.domain.Medico.
[EL Config]: metadata: 2025-12-20 01:11:02.609--ServerSession(1696263571)--Thread(Thread[#1,main,5,main])--The target entity (reference) class for the many to many mapping element [field exames] is being defaulted to: class com.ifpe.clinica.domain.Exame.
[EL Config]: metadata: 2025-12-20 01:11:02.609--ServerSession(1696263571)--Thread(Thread[#1,main,5,main])--The access type for the persistent class [class com.ifpe.clinica.domain.Prontuario] is set to [FIELD].
[EL Config]: metadata: 2025-12-20 01:11:02.61--ServerSession(1696263571)--Thread(Thread[#1,main,5,main])--The target entity (reference) class for the one to one mapping element [field paciente] is being defaulted to: class com.ifpe.clinica.domain.Paciente.
[EL Config]: metadata: 2025-12-20 01:11:02.61--ServerSession(1696263571)--Thread(Thread[#1,main,5,main])--The target entity (reference) class for the one to many mapping element [field medicamentos] is being defaulted to: class com.ifpe.clinica.domain.Medicamento.
[EL Config]: metadata: 2025-12-20 01:11:02.61--ServerSession(1696263571)--Thread(Thread[#1,main,5,main])--The access type for the persistent class [class com.ifpe.clinica.domain.FotoPaciente] is set to [FIELD].
[EL Config]: metadata: 2025-12-20 01:11:02.611--ServerSession(1696263571)--Thread(Thread[#1,main,5,main])--The target entity (reference) class for the many to one mapping element [field paciente] is being defaulted to: class com.ifpe.clinica.domain.Paciente.
[EL Config]: metadata: 2025-12-20 01:11:02.612--ServerSession(1696263571)--Thread(Thread[#1,main,5,main])--The access type for the persistent class [class com.ifpe.clinica.domain.ContatoPaciente] is set to [FIELD].
[EL Config]: metadata: 2025-12-20 01:11:02.612--ServerSession(1696263571)--Thread(Thread[#1,main,5,main])--The target entity (reference) class for the one to one mapping element [field paciente] is being defaulted to: class com.ifpe.clinica.domain.Paciente.
[EL Config]: metadata: 2025-12-20 01:11:02.612--ServerSession(1696263571)--Thread(Thread[#1,main,5,main])--The access type for the persistent class [class com.ifpe.clinica.domain.Convenio] is set to [FIELD].
[EL Config]: metadata: 2025-12-20 01:11:02.613--ServerSession(1696263571)--Thread(Thread[#1,main,5,main])--The access type for the persistent class [class com.ifpe.clinica.domain.Pagamento] is set to [FIELD].
[EL Config]: metadata: 2025-12-20 01:11:02.614--ServerSession(1696263571)--Thread(Thread[#1,main,5,main])--The target entity (reference) class for the many to one mapping element [field convenio] is being defaulted to: class com.ifpe.clinica.domain.Convenio.
[EL Config]: metadata: 2025-12-20 01:11:02.614--ServerSession(1696263571)--Thread(Thread[#1,main,5,main])--The target entity (reference) class for the one to one mapping element [field consulta] is being defaulted to: class com.ifpe.clinica.domain.Consulta.
[EL Config]: metadata: 2025-12-20 01:11:02.614--ServerSession(1696263571)--Thread(Thread[#1,main,5,main])--The access type for the persistent class [class com.ifpe.clinica.domain.Medico] is set to [FIELD].
[EL Config]: metadata: 2025-12-20 01:11:02.615--ServerSession(1696263571)--Thread(Thread[#1,main,5,main])--The target entity (reference) class for the one to many mapping element [field consultas] is being defaulted to: class com.ifpe.clinica.domain.Consulta.
[EL Config]: metadata: 2025-12-20 01:11:02.615--ServerSession(1696263571)--Thread(Thread[#1,main,5,main])--The access type for the persistent class [class com.ifpe.clinica.domain.Paciente] is set to [FIELD].
[EL Config]: metadata: 2025-12-20 01:11:02.615--ServerSession(1696263571)--Thread(Thread[#1,main,5,main])--The target entity (reference) class for the one to one mapping element [field prontuario] is being defaulted to: class com.ifpe.clinica.domain.Prontuario.
[EL Config]: metadata: 2025-12-20 01:11:02.615--ServerSession(1696263571)--Thread(Thread[#1,main,5,main])--The target entity (reference) class for the one to one mapping element [field endereco] is being defaulted to: class com.ifpe.clinica.domain.Endereco.
[EL Config]: metadata: 2025-12-20 01:11:02.615--ServerSession(1696263571)--Thread(Thread[#1,main,5,main])--The target entity (reference) class for the one to many mapping element [field consultas] is being defaulted to: class com.ifpe.clinica.domain.Consulta.
[EL Config]: metadata: 2025-12-20 01:11:02.616--ServerSession(1696263571)--Thread(Thread[#1,main,5,main])--The access type for the persistent class [class com.ifpe.clinica.domain.Medicamento] is set to [FIELD].
[EL Config]: metadata: 2025-12-20 01:11:02.616--ServerSession(1696263571)--Thread(Thread[#1,main,5,main])--The target entity (reference) class for the many to one mapping element [field prontuario] is being defaulted to: class com.ifpe.clinica.domain.Prontuario.
[EL Config]: metadata: 2025-12-20 01:11:02.616--ServerSession(1696263571)--Thread(Thread[#1,main,5,main])--The access type for the persistent class [class com.ifpe.clinica.domain.Endereco] is set to [FIELD].
[EL Config]: metadata: 2025-12-20 01:11:02.616--ServerSession(1696263571)--Thread(Thread[#1,main,5,main])--The target entity (reference) class for the one to one mapping element [field paciente] is being defaulted to: class com.ifpe.clinica.domain.Paciente.
[EL Config]: metadata: 2025-12-20 01:11:02.617--ServerSession(1696263571)--Thread(Thread[#1,main,5,main])--The access type for the persistent class [class com.ifpe.clinica.domain.Contato] is set to [FIELD].
[EL Config]: metadata: 2025-12-20 01:11:02.617--ServerSession(1696263571)--Thread(Thread[#1,main,5,main])--The alias name for the entity class [class com.ifpe.clinica.domain.Exame] is being defaulted to: Exame.
[EL Config]: metadata: 2025-12-20 01:11:02.626--ServerSession(1696263571)--Thread(Thread[#1,main,5,main])--The alias name for the entity class [class com.ifpe.clinica.domain.Pessoa] is being defaulted to: Pessoa.
[EL Config]: metadata: 2025-12-20 01:11:02.629--ServerSession(1696263571)--Thread(Thread[#1,main,5,main])--The alias name for the entity class [class com.ifpe.clinica.domain.Consulta] is being defaulted to: Consulta.
[EL Config]: metadata: 2025-12-20 01:11:02.629--ServerSession(1696263571)--Thread(Thread[#1,main,5,main])--The alias name for the entity class [class com.ifpe.clinica.domain.Prontuario] is being defaulted to: Prontuario.
[EL Config]: metadata: 2025-12-20 01:11:02.63--ServerSession(1696263571)--Thread(Thread[#1,main,5,main])--The alias name for the entity class [class com.ifpe.clinica.domain.FotoPaciente] is being defaulted to: FotoPaciente.
[EL Config]: metadata: 2025-12-20 01:11:02.632--ServerSession(1696263571)--Thread(Thread[#1,main,5,main])--The alias name for the entity class [class com.ifpe.clinica.domain.ContatoPaciente] is being defaulted to: ContatoPaciente.
[EL Config]: metadata: 2025-12-20 01:11:02.633--ServerSession(1696263571)--Thread(Thread[#1,main,5,main])--The alias name for the entity class [class com.ifpe.clinica.domain.Convenio] is being defaulted to: Convenio.
[EL Config]: metadata: 2025-12-20 01:11:02.633--ServerSession(1696263571)--Thread(Thread[#1,main,5,main])--The alias name for the entity class [class com.ifpe.clinica.domain.Pagamento] is being defaulted to: Pagamento.
[EL Config]: metadata: 2025-12-20 01:11:02.634--ServerSession(1696263571)--Thread(Thread[#1,main,5,main])--The alias name for the entity class [class com.ifpe.clinica.domain.Medico] is being defaulted to: Medico.
[EL Config]: metadata: 2025-12-20 01:11:02.635--ServerSession(1696263571)--Thread(Thread[#1,main,5,main])--The alias name for the entity class [class com.ifpe.clinica.domain.Paciente] is being defaulted to: Paciente.
[EL Config]: metadata: 2025-12-20 01:11:02.636--ServerSession(1696263571)--Thread(Thread[#1,main,5,main])--The alias name for the entity class [class com.ifpe.clinica.domain.Medicamento] is being defaulted to: Medicamento.
[EL Config]: metadata: 2025-12-20 01:11:02.637--ServerSession(1696263571)--Thread(Thread[#1,main,5,main])--The alias name for the entity class [class com.ifpe.clinica.domain.Endereco] is being defaulted to: Endereco.
[EL Config]: metadata: 2025-12-20 01:11:02.65--ServerSession(1696263571)--Thread(Thread[#1,main,5,main])--The primary key column name for the mapping element [field paciente] is being defaulted to: ID_PESSOA.
[EL Config]: metadata: 2025-12-20 01:11:02.651--ServerSession(1696263571)--Thread(Thread[#1,main,5,main])--The primary key column name for the mapping element [field medico] is being defaulted to: ID_PESSOA.
[EL Config]: metadata: 2025-12-20 01:11:02.654--ServerSession(1696263571)--Thread(Thread[#1,main,5,main])--The source primary key column name for the many to many mapping [field exames] is being defaulted to: ID_CONSULTA.
[EL Config]: metadata: 2025-12-20 01:11:02.655--ServerSession(1696263571)--Thread(Thread[#1,main,5,main])--The target primary key column name for the many to many mapping [field exames] is being defaulted to: ID_EXAME.
[EL Config]: metadata: 2025-12-20 01:11:02.655--ServerSession(1696263571)--Thread(Thread[#1,main,5,main])--The primary key column name for the mapping element [field paciente] is being defaulted to: ID_PESSOA.
[EL Config]: metadata: 2025-12-20 01:11:02.656--ServerSession(1696263571)--Thread(Thread[#1,main,5,main])--The primary key column name for the mapping element [field paciente] is being defaulted to: ID_PESSOA.
[EL Config]: metadata: 2025-12-20 01:11:02.656--ServerSession(1696263571)--Thread(Thread[#1,main,5,main])--The primary key column name for the mapping element [field paciente] is being defaulted to: ID_PESSOA.
[EL Config]: metadata: 2025-12-20 01:11:02.656--ServerSession(1696263571)--Thread(Thread[#1,main,5,main])--The primary key column name for the mapping element [field convenio] is being defaulted to: ID_CONVENIO.
[EL Config]: metadata: 2025-12-20 01:11:02.657--ServerSession(1696263571)--Thread(Thread[#1,main,5,main])--The primary key column name for the mapping element [field consulta] is being defaulted to: ID_CONSULTA.
[EL Config]: metadata: 2025-12-20 01:11:02.657--ServerSession(1696263571)--Thread(Thread[#1,main,5,main])--The primary key column name for the mapping element [field endereco] is being defaulted to: ID_ENDERECO.
[EL Config]: metadata: 2025-12-20 01:11:02.657--ServerSession(1696263571)--Thread(Thread[#1,main,5,main])--The primary key column name for the mapping element [field prontuario] is being defaulted to: ID_PRONTUARIO.
[EL Info]: 2025-12-20 01:11:02.728--ServerSession(1696263571)--Thread(Thread[#1,main,5,main])--EclipseLink, version: Eclipse Persistence Services - 4.0.4.v202407190748-059428cdd2583c46f1f3e50d235854840a6fa9a7
[EL Fine]: connection: 2025-12-20 01:11:02.731--ServerSession(1696263571)--Connection(1481594086)--Thread(Thread[#1,main,5,main])--connecting(DatabaseLogin(
	platform=>DerbyPlatform
	user name=> "clinica"
	datasource URL=> "jdbc:derby://localhost:1527/clinica;create=true"
))
[EL Config]: connection: 2025-12-20 01:11:02.886--ServerSession(1696263571)--Connection(938613108)--Thread(Thread[#1,main,5,main])--Connected: jdbc:derby://localhost:1527/clinica;create=true
	User: clinica
	Database: Apache Derby  Version: 10.16.1.1 - (1901046)
	Driver: Apache Derby Network Client JDBC Driver  Version: 10.16.1.1 - (1901046)
[EL Warning]: metadata: 2025-12-20 01:11:02.891--ServerSession(1696263571)--Thread(Thread[#1,main,5,main])--Reverting the lazy setting on the OneToOne or ManyToOne attribute [paciente] for the entity class [class com.ifpe.clinica.domain.Endereco] since weaving was not enabled or did not occur.
[EL Warning]: metadata: 2025-12-20 01:11:02.891--ServerSession(1696263571)--Thread(Thread[#1,main,5,main])--Reverting the lazy setting on the OneToOne or ManyToOne attribute [prontuario] for the entity class [class com.ifpe.clinica.domain.Medicamento] since weaving was not enabled or did not occur.
[EL Warning]: metadata: 2025-12-20 01:11:02.892--ServerSession(1696263571)--Thread(Thread[#1,main,5,main])--Reverting the lazy setting on the OneToOne or ManyToOne attribute [paciente] for the entity class [class com.ifpe.clinica.domain.Prontuario] since weaving was not enabled or did not occur.
[EL Warning]: metadata: 2025-12-20 01:11:02.892--ServerSession(1696263571)--Thread(Thread[#1,main,5,main])--Reverting the lazy setting on the OneToOne or ManyToOne attribute [paciente] for the entity class [class com.ifpe.clinica.domain.FotoPaciente] since weaving was not enabled or did not occur.
[EL Warning]: metadata: 2025-12-20 01:11:02.892--ServerSession(1696263571)--Thread(Thread[#1,main,5,main])--Reverting the lazy setting on the OneToOne or ManyToOne attribute [convenio] for the entity class [class com.ifpe.clinica.domain.Pagamento] since weaving was not enabled or did not occur.
[EL Warning]: metadata: 2025-12-20 01:11:02.892--ServerSession(1696263571)--Thread(Thread[#1,main,5,main])--Reverting the lazy setting on the OneToOne or ManyToOne attribute [consulta] for the entity class [class com.ifpe.clinica.domain.Pagamento] since weaving was not enabled or did not occur.
[EL Warning]: metadata: 2025-12-20 01:11:02.898--ServerSession(1696263571)--Thread(Thread[#1,main,5,main])--Reverting the lazy setting on the OneToOne or ManyToOne attribute [paciente] for the entity class [class com.ifpe.clinica.domain.Consulta] since weaving was not enabled or did not occur.
[EL Warning]: metadata: 2025-12-20 01:11:02.898--ServerSession(1696263571)--Thread(Thread[#1,main,5,main])--Reverting the lazy setting on the OneToOne or ManyToOne attribute [medico] for the entity class [class com.ifpe.clinica.domain.Consulta] since weaving was not enabled or did not occur.
[EL Warning]: metadata: 2025-12-20 01:11:02.898--ServerSession(1696263571)--Thread(Thread[#1,main,5,main])--Reverting the lazy setting on the OneToOne or ManyToOne attribute [endereco] for the entity class [class com.ifpe.clinica.domain.Paciente] since weaving was not enabled or did not occur.
[EL Warning]: metadata: 2025-12-20 01:11:02.899--ServerSession(1696263571)--Thread(Thread[#1,main,5,main])--Reverting the lazy setting on the OneToOne or ManyToOne attribute [prontuario] for the entity class [class com.ifpe.clinica.domain.Paciente] since weaving was not enabled or did not occur.
[EL Warning]: metadata: 2025-12-20 01:11:02.899--ServerSession(1696263571)--Thread(Thread[#1,main,5,main])--Reverting the lazy setting on the OneToOne or ManyToOne attribute [paciente] for the entity class [class com.ifpe.clinica.domain.ContatoPaciente] since weaving was not enabled or did not occur.
[EL Fine]: connection: 2025-12-20 01:11:02.914--ServerSession(1696263571)--Thread(Thread[#1,main,5,main])--/file:/home/tassio/NetBeansProjects/clinica/target/classes/_clinicaPU login successful
[EL Fine]: sql: 2025-12-20 01:11:02.924--ServerSession(1696263571)--Connection(938613108)--Thread(Thread[#1,main,5,main])--ALTER TABLE TB_PRONTUARIO DROP CONSTRAINT TBPRNTUARIOPCNTEID
[EL Fine]: sql: 2025-12-20 01:11:02.953--ServerSession(1696263571)--Connection(938613108)--Thread(Thread[#1,main,5,main])--ALTER TABLE TB_CONTATO_PACIENTE DROP CONSTRAINT TBCNTTPCIENTEPCNTD
[EL Fine]: sql: 2025-12-20 01:11:02.959--ServerSession(1696263571)--Connection(938613108)--Thread(Thread[#1,main,5,main])--ALTER TABLE TB_PAGAMENTO DROP CONSTRAINT TBPGAMENTOCNVNIOID
[EL Fine]: sql: 2025-12-20 01:11:02.971--ServerSession(1696263571)--Connection(938613108)--Thread(Thread[#1,main,5,main])--ALTER TABLE TB_PAGAMENTO DROP CONSTRAINT TBPGAMENTOCNSLTAID
[EL Fine]: sql: 2025-12-20 01:11:02.977--ServerSession(1696263571)--Connection(938613108)--Thread(Thread[#1,main,5,main])--ALTER TABLE TB_MEDICAMENTO DROP CONSTRAINT TBMDCMENTOPRNTROID
[EL Fine]: sql: 2025-12-20 01:11:02.989--ServerSession(1696263571)--Connection(938613108)--Thread(Thread[#1,main,5,main])--ALTER TABLE TB_CONSULTA DROP CONSTRAINT TBCONSULTAMEDICOID
[EL Fine]: sql: 2025-12-20 01:11:03.001--ServerSession(1696263571)--Connection(938613108)--Thread(Thread[#1,main,5,main])--ALTER TABLE TB_CONSULTA DROP CONSTRAINT TBCNSULTAPCIENTEID
[EL Fine]: sql: 2025-12-20 01:11:03.011--ServerSession(1696263571)--Connection(938613108)--Thread(Thread[#1,main,5,main])--ALTER TABLE TB_FOTO_PACIENTE DROP CONSTRAINT TBFTPCIENTEPCNTEID
[EL Fine]: sql: 2025-12-20 01:11:03.021--ServerSession(1696263571)--Connection(938613108)--Thread(Thread[#1,main,5,main])--ALTER TABLE TB_MEDICO DROP CONSTRAINT TB_MEDICOID_PESSOA
[EL Fine]: sql: 2025-12-20 01:11:03.026--ServerSession(1696263571)--Connection(938613108)--Thread(Thread[#1,main,5,main])--ALTER TABLE TB_PACIENTE DROP CONSTRAINT TBPCIENTENDERECOID
[EL Fine]: sql: 2025-12-20 01:11:03.036--ServerSession(1696263571)--Connection(938613108)--Thread(Thread[#1,main,5,main])--ALTER TABLE TB_PACIENTE DROP CONSTRAINT TBPACIENTEIDPESSOA
[EL Fine]: sql: 2025-12-20 01:11:03.041--ServerSession(1696263571)--Connection(938613108)--Thread(Thread[#1,main,5,main])--ALTER TABLE TB_EXAME_ANEXOS DROP CONSTRAINT TBXAMEANEXOSXAMEID
[EL Fine]: sql: 2025-12-20 01:11:03.051--ServerSession(1696263571)--Connection(938613108)--Thread(Thread[#1,main,5,main])--ALTER TABLE TB_CONSULTA_EXAME DROP CONSTRAINT TBCNSLTEXAMECNSLTD
[EL Fine]: sql: 2025-12-20 01:11:03.061--ServerSession(1696263571)--Connection(938613108)--Thread(Thread[#1,main,5,main])--ALTER TABLE TB_CONSULTA_EXAME DROP CONSTRAINT TBCNSULTAEXAMEXMID
[EL Fine]: sql: 2025-12-20 01:11:03.071--ServerSession(1696263571)--Connection(938613108)--Thread(Thread[#1,main,5,main])--DROP TABLE TB_PRONTUARIO
[EL Fine]: sql: 2025-12-20 01:11:03.086--ServerSession(1696263571)--Connection(938613108)--Thread(Thread[#1,main,5,main])--DROP TABLE TB_CONTATO_PACIENTE
[EL Fine]: sql: 2025-12-20 01:11:03.101--ServerSession(1696263571)--Connection(938613108)--Thread(Thread[#1,main,5,main])--DROP TABLE TB_PAGAMENTO
[EL Fine]: sql: 2025-12-20 01:11:03.121--ServerSession(1696263571)--Connection(938613108)--Thread(Thread[#1,main,5,main])--DROP TABLE TB_MEDICAMENTO
[EL Fine]: sql: 2025-12-20 01:11:03.14--ServerSession(1696263571)--Connection(938613108)--Thread(Thread[#1,main,5,main])--DROP TABLE TB_EXAME
[EL Fine]: sql: 2025-12-20 01:11:03.153--ServerSession(1696263571)--Connection(938613108)--Thread(Thread[#1,main,5,main])--DROP TABLE TB_PESSOA
[EL Fine]: sql: 2025-12-20 01:11:03.169--ServerSession(1696263571)--Connection(938613108)--Thread(Thread[#1,main,5,main])--DROP TABLE TB_CONSULTA
[EL Fine]: sql: 2025-12-20 01:11:03.182--ServerSession(1696263571)--Connection(938613108)--Thread(Thread[#1,main,5,main])--DROP TABLE TB_FOTO_PACIENTE
[EL Fine]: sql: 2025-12-20 01:11:03.194--ServerSession(1696263571)--Connection(938613108)--Thread(Thread[#1,main,5,main])--DROP TABLE TB_CONVENIO
[EL Fine]: sql: 2025-12-20 01:11:03.205--ServerSession(1696263571)--Connection(938613108)--Thread(Thread[#1,main,5,main])--DROP TABLE TB_MEDICO
[EL Fine]: sql: 2025-12-20 01:11:03.22--ServerSession(1696263571)--Connection(938613108)--Thread(Thread[#1,main,5,main])--DROP TABLE TB_PACIENTE
[EL Fine]: sql: 2025-12-20 01:11:03.234--ServerSession(1696263571)--Connection(938613108)--Thread(Thread[#1,main,5,main])--DROP TABLE TB_ENDERECO
[EL Fine]: sql: 2025-12-20 01:11:03.244--ServerSession(1696263571)--Connection(938613108)--Thread(Thread[#1,main,5,main])--DROP TABLE TB_EXAME_ANEXOS
[EL Fine]: sql: 2025-12-20 01:11:03.249--ServerSession(1696263571)--Connection(938613108)--Thread(Thread[#1,main,5,main])--DROP TABLE TB_CONSULTA_EXAME
[EL Fine]: sql: 2025-12-20 01:11:03.269--ServerSession(1696263571)--Connection(938613108)--Thread(Thread[#1,main,5,main])--CREATE TABLE TB_PRONTUARIO (ID_PRONTUARIO BIGINT GENERATED BY DEFAULT AS IDENTITY NOT NULL, TXT_DESCRICAO VARCHAR(500) NOT NULL, PACIENTE_ID BIGINT, PRIMARY KEY (ID_PRONTUARIO))
[EL Fine]: sql: 2025-12-20 01:11:03.281--ServerSession(1696263571)--Connection(938613108)--Thread(Thread[#1,main,5,main])--CREATE TABLE TB_CONTATO_PACIENTE (ID_CONTATO BIGINT GENERATED BY DEFAULT AS IDENTITY NOT NULL, TXT_OBSERVACOES VARCHAR(500), TXT_CELULAR VARCHAR(20), TXT_EMAIL VARCHAR(100), TXT_TELEFONE VARCHAR(20), TXT_TELEFONE_EMERGENCIA VARCHAR(20), PACIENTE_ID BIGINT, PRIMARY KEY (ID_CONTATO))
[EL Fine]: sql: 2025-12-20 01:11:03.295--ServerSession(1696263571)--Connection(938613108)--Thread(Thread[#1,main,5,main])--CREATE TABLE TB_PAGAMENTO (ID_PAGAMENTO BIGINT GENERATED BY DEFAULT AS IDENTITY NOT NULL, VALOR_ACRESCIMO DECIMAL(10,2), TXT_CODIGO_TRANSACAO VARCHAR(100), DT_GERACAO TIMESTAMP NOT NULL, DT_PAGAMENTO TIMESTAMP, VALOR_DESCONTO DECIMAL(10,2), FORMA_PAGAMENTO VARCHAR(255) NOT NULL, TXT_OBSERVACOES VARCHAR(500), STATUS_PAGAMENTO VARCHAR(255) NOT NULL, VALOR_PAGO DECIMAL(10,2), VALOR_TOTAL DECIMAL(10,2) NOT NULL, CONVENIO_ID BIGINT, CONSULTA_ID BIGINT NOT NULL UNIQUE, PRIMARY KEY (ID_PAGAMENTO))
[EL Fine]: sql: 2025-12-20 01:11:03.313--ServerSession(1696263571)--Connection(938613108)--Thread(Thread[#1,main,5,main])--CREATE TABLE TB_MEDICAMENTO (ID_MEDICAMENTO BIGINT GENERATED BY DEFAULT AS IDENTITY NOT NULL, TXT_DOSE VARCHAR(50) NOT NULL, TXT_NOME VARCHAR(255) NOT NULL, PRONTUARIO_ID BIGINT, PRIMARY KEY (ID_MEDICAMENTO))
[EL Fine]: sql: 2025-12-20 01:11:03.324--ServerSession(1696263571)--Connection(938613108)--Thread(Thread[#1,main,5,main])--CREATE TABLE TB_EXAME (ID_EXAME BIGINT GENERATED BY DEFAULT AS IDENTITY NOT NULL, TXT_NOME VARCHAR(255) NOT NULL, PRIMARY KEY (ID_EXAME))
[EL Fine]: sql: 2025-12-20 01:11:03.336--ServerSession(1696263571)--Connection(938613108)--Thread(Thread[#1,main,5,main])--CREATE TABLE TB_PESSOA (ID_PESSOA BIGINT GENERATED BY DEFAULT AS IDENTITY NOT NULL, TIPO_PESSOA VARCHAR(31), TXT_NOME VARCHAR(255), PRIMARY KEY (ID_PESSOA))
[EL Fine]: sql: 2025-12-20 01:11:03.348--ServerSession(1696263571)--Connection(938613108)--Thread(Thread[#1,main,5,main])--CREATE TABLE TB_CONSULTA (ID_CONSULTA BIGINT GENERATED BY DEFAULT AS IDENTITY NOT NULL, DT_CONSULTA TIMESTAMP NOT NULL, MEDICO_ID BIGINT, PACIENTE_ID BIGINT, PRIMARY KEY (ID_CONSULTA))
[EL Fine]: sql: 2025-12-20 01:11:03.359--ServerSession(1696263571)--Connection(938613108)--Thread(Thread[#1,main,5,main])--CREATE TABLE TB_FOTO_PACIENTE (ID_FOTO BIGINT GENERATED BY DEFAULT AS IDENTITY NOT NULL, TXT_CATEGORIA VARCHAR(30), DT_UPLOAD TIMESTAMP, TXT_DESCRICAO VARCHAR(500), BIN_IMAGEM BLOB(2147483647), TXT_TAMANHO BIGINT, TXT_TIPO_IMAGEM VARCHAR(50), TXT_TITULO VARCHAR(100), PACIENTE_ID BIGINT NOT NULL, PRIMARY KEY (ID_FOTO))
[EL Fine]: sql: 2025-12-20 01:11:03.371--ServerSession(1696263571)--Connection(938613108)--Thread(Thread[#1,main,5,main])--CREATE TABLE TB_CONVENIO (ID_CONVENIO BIGINT GENERATED BY DEFAULT AS IDENTITY NOT NULL, NR_CARENCIA_DIAS INTEGER, TXT_NOME VARCHAR(255) NOT NULL, TIPO_CONVENIO VARCHAR(255) NOT NULL, PRIMARY KEY (ID_CONVENIO))
[EL Fine]: sql: 2025-12-20 01:11:03.383--ServerSession(1696263571)--Connection(938613108)--Thread(Thread[#1,main,5,main])--CREATE TABLE TB_MEDICO (ID_PESSOA BIGINT NOT NULL, TXT_CRM VARCHAR(20) NOT NULL UNIQUE, TXT_ESPECIALIDADE VARCHAR(255), PRIMARY KEY (ID_PESSOA))
[EL Fine]: sql: 2025-12-20 01:11:03.403--ServerSession(1696263571)--Connection(938613108)--Thread(Thread[#1,main,5,main])--CREATE TABLE TB_PACIENTE (ID_PESSOA BIGINT NOT NULL, TXT_CPF VARCHAR(11) NOT NULL UNIQUE, ENDERECO_ID BIGINT, PRIMARY KEY (ID_PESSOA))
[EL Fine]: sql: 2025-12-20 01:11:03.422--ServerSession(1696263571)--Connection(938613108)--Thread(Thread[#1,main,5,main])--CREATE TABLE TB_ENDERECO (ID_ENDERECO BIGINT GENERATED BY DEFAULT AS IDENTITY NOT NULL, TXT_CIDADE VARCHAR(100) NOT NULL, TXT_ESTADO VARCHAR(2) NOT NULL, TXT_RUA VARCHAR(255) NOT NULL, PRIMARY KEY (ID_ENDERECO))
[EL Fine]: sql: 2025-12-20 01:11:03.433--ServerSession(1696263571)--Connection(938613108)--Thread(Thread[#1,main,5,main])--CREATE TABLE TB_EXAME_ANEXOS (EXAME_ID BIGINT, TXT_URL_ANEXO VARCHAR(512) NOT NULL)
[EL Fine]: sql: 2025-12-20 01:11:03.438--ServerSession(1696263571)--Connection(938613108)--Thread(Thread[#1,main,5,main])--CREATE TABLE TB_CONSULTA_EXAME (EXAME_ID BIGINT NOT NULL, CONSULTA_ID BIGINT NOT NULL, PRIMARY KEY (EXAME_ID, CONSULTA_ID))
[EL Fine]: sql: 2025-12-20 01:11:03.448--ServerSession(1696263571)--Connection(938613108)--Thread(Thread[#1,main,5,main])--ALTER TABLE TB_PRONTUARIO ADD CONSTRAINT TBPRNTUARIOPCNTEID FOREIGN KEY (PACIENTE_ID) REFERENCES TB_PESSOA (ID_PESSOA)
[EL Fine]: sql: 2025-12-20 01:11:03.457--ServerSession(1696263571)--Connection(938613108)--Thread(Thread[#1,main,5,main])--ALTER TABLE TB_CONTATO_PACIENTE ADD CONSTRAINT TBCNTTPCIENTEPCNTD FOREIGN KEY (PACIENTE_ID) REFERENCES TB_PESSOA (ID_PESSOA)
[EL Fine]: sql: 2025-12-20 01:11:03.467--ServerSession(1696263571)--Connection(938613108)--Thread(Thread[#1,main,5,main])--ALTER TABLE TB_PAGAMENTO ADD CONSTRAINT TBPGAMENTOCNVNIOID FOREIGN KEY (CONVENIO_ID) REFERENCES TB_CONVENIO (ID_CONVENIO)
[EL Fine]: sql: 2025-12-20 01:11:03.48--ServerSession(1696263571)--Connection(938613108)--Thread(Thread[#1,main,5,main])--ALTER TABLE TB_PAGAMENTO ADD CONSTRAINT TBPGAMENTOCNSLTAID FOREIGN KEY (CONSULTA_ID) REFERENCES TB_CONSULTA (ID_CONSULTA)
[EL Fine]: sql: 2025-12-20 01:11:03.486--ServerSession(1696263571)--Connection(938613108)--Thread(Thread[#1,main,5,main])--ALTER TABLE TB_MEDICAMENTO ADD CONSTRAINT TBMDCMENTOPRNTROID FOREIGN KEY (PRONTUARIO_ID) REFERENCES TB_PRONTUARIO (ID_PRONTUARIO)
[EL Fine]: sql: 2025-12-20 01:11:03.5--ServerSession(1696263571)--Connection(938613108)--Thread(Thread[#1,main,5,main])--ALTER TABLE TB_CONSULTA ADD CONSTRAINT TBCONSULTAMEDICOID FOREIGN KEY (MEDICO_ID) REFERENCES TB_PESSOA (ID_PESSOA)
[EL Fine]: sql: 2025-12-20 01:11:03.513--ServerSession(1696263571)--Connection(938613108)--Thread(Thread[#1,main,5,main])--ALTER TABLE TB_CONSULTA ADD CONSTRAINT TBCNSULTAPCIENTEID FOREIGN KEY (PACIENTE_ID) REFERENCES TB_PESSOA (ID_PESSOA)
[EL Fine]: sql: 2025-12-20 01:11:03.527--ServerSession(1696263571)--Connection(938613108)--Thread(Thread[#1,main,5,main])--ALTER TABLE TB_FOTO_PACIENTE ADD CONSTRAINT TBFTPCIENTEPCNTEID FOREIGN KEY (PACIENTE_ID) REFERENCES TB_PESSOA (ID_PESSOA)
[EL Fine]: sql: 2025-12-20 01:11:03.541--ServerSession(1696263571)--Connection(938613108)--Thread(Thread[#1,main,5,main])--ALTER TABLE TB_MEDICO ADD CONSTRAINT TB_MEDICOID_PESSOA FOREIGN KEY (ID_PESSOA) REFERENCES TB_PESSOA (ID_PESSOA)
[EL Fine]: sql: 2025-12-20 01:11:03.547--ServerSession(1696263571)--Connection(938613108)--Thread(Thread[#1,main,5,main])--ALTER TABLE TB_PACIENTE ADD CONSTRAINT TBPCIENTENDERECOID FOREIGN KEY (ENDERECO_ID) REFERENCES TB_ENDERECO (ID_ENDERECO)
[EL Fine]: sql: 2025-12-20 01:11:03.563--ServerSession(1696263571)--Connection(938613108)--Thread(Thread[#1,main,5,main])--ALTER TABLE TB_PACIENTE ADD CONSTRAINT TBPACIENTEIDPESSOA FOREIGN KEY (ID_PESSOA) REFERENCES TB_PESSOA (ID_PESSOA)
[EL Fine]: sql: 2025-12-20 01:11:03.57--ServerSession(1696263571)--Connection(938613108)--Thread(Thread[#1,main,5,main])--ALTER TABLE TB_EXAME_ANEXOS ADD CONSTRAINT TBXAMEANEXOSXAMEID FOREIGN KEY (EXAME_ID) REFERENCES TB_EXAME (ID_EXAME)
[EL Fine]: sql: 2025-12-20 01:11:03.584--ServerSession(1696263571)--Connection(938613108)--Thread(Thread[#1,main,5,main])--ALTER TABLE TB_CONSULTA_EXAME ADD CONSTRAINT TBCNSLTEXAMECNSLTD FOREIGN KEY (CONSULTA_ID) REFERENCES TB_CONSULTA (ID_CONSULTA)
[EL Fine]: sql: 2025-12-20 01:11:03.6--ServerSession(1696263571)--Connection(938613108)--Thread(Thread[#1,main,5,main])--ALTER TABLE TB_CONSULTA_EXAME ADD CONSTRAINT TBCNSULTAEXAMEXMID FOREIGN KEY (EXAME_ID) REFERENCES TB_EXAME (ID_EXAME)
[EL Fine]: sql: 2025-12-20 01:11:03.829--ServerSession(1696263571)--Connection(938613108)--Thread(Thread[#1,main,5,main])--SELECT t0.ID_PESSOA, t0.TIPO_PESSOA, t0.TXT_NOME, t1.ID_PESSOA, t1.TXT_CPF, t1.ENDERECO_ID FROM TB_PESSOA t0, TB_PACIENTE t1 WHERE ((t0.ID_PESSOA = ?) AND ((t1.ID_PESSOA = t0.ID_PESSOA) AND (t0.TIPO_PESSOA = ?)))
	bind => [1, PACIENTE]
[EL Fine]: sql: 2025-12-20 01:11:03.834--ServerSession(1696263571)--Connection(938613108)--Thread(Thread[#1,main,5,main])--SELECT ID_ENDERECO, TXT_CIDADE, TXT_ESTADO, TXT_RUA FROM TB_ENDERECO WHERE (ID_ENDERECO = ?)
	bind => [1]
[EL Fine]: sql: 2025-12-20 01:11:03.836--ServerSession(1696263571)--Connection(938613108)--Thread(Thread[#1,main,5,main])--SELECT t0.ID_PESSOA, t0.TIPO_PESSOA, t0.TXT_NOME, t1.ID_PESSOA, t1.TXT_CPF, t1.ENDERECO_ID FROM TB_PESSOA t0, TB_PACIENTE t1 WHERE ((t1.ENDERECO_ID = ?) AND ((t1.ID_PESSOA = t0.ID_PESSOA) AND (t0.TIPO_PESSOA = ?)))
	bind => [1, PACIENTE]
[EL Fine]: sql: 2025-12-20 01:11:03.839--ServerSession(1696263571)--Connection(938613108)--Thread(Thread[#1,main,5,main])--SELECT ID_PRONTUARIO, TXT_DESCRICAO, PACIENTE_ID FROM TB_PRONTUARIO WHERE (PACIENTE_ID = ?)
	bind => [1]
[EL Fine]: sql: 2025-12-20 01:11:03.847--ClientSession(161113555)--Connection(938613108)--Thread(Thread[#1,main,5,main])--INSERT INTO TB_CONTATO_PACIENTE (TXT_OBSERVACOES, TXT_CELULAR, TXT_EMAIL, TXT_TELEFONE, TXT_TELEFONE_EMERGENCIA, PACIENTE_ID) VALUES (?, ?, ?, ?, ?, ?)
	bind => [null, null, teste@email.com, 11111111, null, 1]
]]></system-out>
    <system-err><![CDATA[SLF4J: Failed to load class "org.slf4j.impl.StaticLoggerBinder".
SLF4J: Defaulting to no-operation (NOP) logger implementation
SLF4J: See http://www.slf4j.org/codes.html#StaticLoggerBinder for further details.
]]></system-err>
  </testcase>
  <testcase name="testFindById" classname="domain.ContatoPacienteTest" time="0.004">
    <system-out><![CDATA[[EL Fine]: sql: 2025-12-20 01:11:03.861--ServerSession(1696263571)--Connection(938613108)--Thread(Thread[#1,main,5,main])--SELECT ID_CONTATO, TXT_OBSERVACOES, TXT_CELULAR, TXT_EMAIL, TXT_TELEFONE, TXT_TELEFONE_EMERGENCIA, PACIENTE_ID FROM TB_CONTATO_PACIENTE WHERE (ID_CONTATO = ?)
	bind => [1]
]]></system-out>
  </testcase>
  <testcase name="testRemover" classname="domain.ContatoPacienteTest" time="0.069">
    <system-out><![CDATA[[EL Fine]: sql: 2025-12-20 01:11:03.927--ServerSession(1696263571)--Connection(938613108)--Thread(Thread[#1,main,5,main])--SELECT ID_CONTATO, TXT_OBSERVACOES, TXT_CELULAR, TXT_EMAIL, TXT_TELEFONE, TXT_TELEFONE_EMERGENCIA, PACIENTE_ID FROM TB_CONTATO_PACIENTE WHERE (ID_CONTATO = ?)
	bind => [4]
[EL Fine]: sql: 2025-12-20 01:11:03.929--ClientSession(557982257)--Connection(938613108)--Thread(Thread[#1,main,5,main])--DELETE FROM TB_CONTATO_PACIENTE WHERE (ID_CONTATO = ?)
	bind => [4]
[EL Fine]: sql: 2025-12-20 01:11:03.931--ClientSession(557982257)--Connection(938613108)--Thread(Thread[#1,main,5,main])--SELECT ID_CONTATO, TXT_OBSERVACOES, TXT_CELULAR, TXT_EMAIL, TXT_TELEFONE, TXT_TELEFONE_EMERGENCIA, PACIENTE_ID FROM TB_CONTATO_PACIENTE WHERE (ID_CONTATO = ?)
	bind => [4]
]]></system-out>
  </testcase>
  <testcase name="testAtualizar" classname="domain.ContatoPacienteTest" time="0.013">
    <system-out><![CDATA[[EL Fine]: sql: 2025-12-20 01:11:03.936--ServerSession(1696263571)--Connection(938613108)--Thread(Thread[#1,main,5,main])--SELECT ID_CONTATO, TXT_OBSERVACOES, TXT_CELULAR, TXT_EMAIL, TXT_TELEFONE, TXT_TELEFONE_EMERGENCIA, PACIENTE_ID FROM TB_CONTATO_PACIENTE WHERE (TXT_EMAIL = ?)
	bind => [joao.silva@email.com]
[EL Fine]: sql: 2025-12-20 01:11:03.941--ClientSession(492947164)--Connection(938613108)--Thread(Thread[#1,main,5,main])--UPDATE TB_CONTATO_PACIENTE SET TXT_EMAIL = ? WHERE (ID_CONTATO = ?)
	bind => [novo@email.com, 1]
[EL Fine]: sql: 2025-12-20 01:11:03.944--ClientSession(492947164)--Connection(938613108)--Thread(Thread[#1,main,5,main])--SELECT ID_CONTATO, TXT_OBSERVACOES, TXT_CELULAR, TXT_EMAIL, TXT_TELEFONE, TXT_TELEFONE_EMERGENCIA, PACIENTE_ID FROM TB_CONTATO_PACIENTE WHERE (TXT_EMAIL = ?)
	bind => [novo@email.com]
]]></system-out>
  </testcase>
  <testcase name="testAtualizarMerge" classname="domain.ContatoPacienteTest" time="0.008">
    <system-out><![CDATA[[EL Fine]: sql: 2025-12-20 01:11:03.95--ClientSession(407747276)--Connection(938613108)--Thread(Thread[#1,main,5,main])--UPDATE TB_CONTATO_PACIENTE SET TXT_TELEFONE = ? WHERE (ID_CONTATO = ?)
	bind => [99999999, 1]
]]></system-out>
  </testcase>
</testsuite>