-------------------------------------------------------------------------------
Test set: validation.PacienteValidationTest
-------------------------------------------------------------------------------
Tests run: 2, Failures: 0, Errors: 2, Skipped: 0, Time elapsed: 1.319 s <<< FAILURE! -- in validation.PacienteValidationTest
validation.PacienteValidationTest.testPacienteNomeVazio -- Time elapsed: 0.097 s <<< ERROR!
jakarta.persistence.RollbackException: Transaction "rolled back" because transaction was set to RollbackOnly.
	at org.eclipse.persistence.internal.jpa.transaction.EntityTransactionImpl.commit(EntityTransactionImpl.java:146)
	at domain.GenericTest.tearDown(GenericTest.java:42)
	at java.base/java.lang.reflect.Method.invoke(Method.java:580)
	at java.base/java.util.ArrayList.forEach(ArrayList.java:1596)
	at java.base/java.util.ArrayList.forEach(ArrayList.java:1596)

validation.PacienteValidationTest.testPacienteCpfInvalido -- Time elapsed: 0.002 s <<< ERROR!
jakarta.persistence.RollbackException: Transaction "rolled back" because transaction was set to RollbackOnly.
	at org.eclipse.persistence.internal.jpa.transaction.EntityTransactionImpl.commit(EntityTransactionImpl.java:146)
	at domain.GenericTest.tearDown(GenericTest.java:42)
	at java.base/java.lang.reflect.Method.invoke(Method.java:580)
	at java.base/java.util.ArrayList.forEach(ArrayList.java:1596)
	at java.base/java.util.ArrayList.forEach(ArrayList.java:1596)

