-------------------------------------------------------------------------------
Test set: validation.MedicamentoValidationTest
-------------------------------------------------------------------------------
Tests run: 2, Failures: 0, Errors: 2, Skipped: 0, Time elapsed: 0.603 s <<< FAILURE! -- in validation.MedicamentoValidationTest
validation.MedicamentoValidationTest.testMedicamentoSemDose -- Time elapsed: 0.004 s <<< ERROR!
jakarta.persistence.RollbackException: Transaction "rolled back" because transaction was set to RollbackOnly.
	at org.eclipse.persistence.internal.jpa.transaction.EntityTransactionImpl.commit(EntityTransactionImpl.java:146)
	at domain.GenericTest.tearDown(GenericTest.java:42)
	at java.base/java.lang.reflect.Method.invoke(Method.java:580)
	at java.base/java.util.ArrayList.forEach(ArrayList.java:1596)
	at java.base/java.util.ArrayList.forEach(ArrayList.java:1596)

validation.MedicamentoValidationTest.testMedicamentoSemNome -- Time elapsed: 0.002 s <<< ERROR!
jakarta.persistence.RollbackException: Transaction "rolled back" because transaction was set to RollbackOnly.
	at org.eclipse.persistence.internal.jpa.transaction.EntityTransactionImpl.commit(EntityTransactionImpl.java:146)
	at domain.GenericTest.tearDown(GenericTest.java:42)
	at java.base/java.lang.reflect.Method.invoke(Method.java:580)
	at java.base/java.util.ArrayList.forEach(ArrayList.java:1596)
	at java.base/java.util.ArrayList.forEach(ArrayList.java:1596)

